2026-02-11 15:36:56,155 [INFO]   - Fetching main SERP for 'Free counselling North Vancouver'...
2026-02-11 15:36:56,156 [INFO] API Call Parameters: {
  "engine": "google",
  "q": "Free counselling North Vancouver",
  "location": "Vancouver, British Columbia, Canada",
  "hl": "en",
  "gl": "ca",
  "api_key": "80246e7f119bec99fb11757ceabf48bdfd83445d568dd6aa3288fbc9c7e5d32a",
  "num": 100,
  "device": "desktop",
  "no_cache": true
}
2026-02-11 15:36:58,124 [INFO] API Return Message: {
  "search_metadata": {
    "id": "698d1298bb48adbeb123d3ab",
    "status": "Success",
    "json_endpoint": "https://serpapi.com/searches/waPAda5t5wB5lWgKVLsejQ/698d1298bb48adbeb123d3ab.json",
    "pixel_position_endpoint": "https://serpapi.com/searches/waPAda5t5wB5lWgKVLsejQ/698d1298bb48adbeb123d3ab.json_with_pixel_position",
    "created_at": "2026-02-11 23:36:56 UTC",
    "processed_at": "2026-02-11 23:36:56 UTC",
    "google_url": "https://www.google.com/search?q=Free+counselling+North+Vancouver&oq=Free+counselling+North+Vancouver&uule=w+CAIQICIhVmFuY291dmVyLEJyaXRpc2ggQ29sdW1iaWEsQ2FuYWRh&hl=en&gl=ca&num=100&sourceid=chrome&ie=UTF-8",
    "raw_html_file": "https://serpapi.com/searches/waPAda5t5wB5lWgKVLsejQ/698d1298bb48adbeb123d3ab.html",
    "total_time_taken": 1.57
  },
  "search_parameters": {
    "engine": "google",
    "q": "Free counselling North Vancouver",
    "location_requested": "Vancouver, British Columbia, Canada",
    "location_used": "Vancouver,British Columbia,Canada",
    "google_domain": "google.com",
    "hl": "en",
    "gl": "ca",
    "num": "100",
    "device": "desktop"
  },
  "search_information": {
    "query_displayed": "Free counselling North Vancouver",
    "total_results": 5470000,
    "time_taken_displayed": 0.62,
    "organic_results_state": "Results for exact spelling"
  },
  "local_map": {
    "image": "https://www.google.com/maps/vt/data=cLHdL01Z5xDr_BM97TxZ3QR1lFXpCu-j3ccfKQHE37yuTIZYbNibSgu27abLIfuEC6kVq0M7uitclnCWLsgreaL_an2cdrrtHRRIHcgNsvA5A_cajJHpIBx-tb01LHCCVE7kMHKjw18s5csh1r2Fbd8S0Q69Kk0R0NZNM_XncPC1D9oQki3wOjQy_R87epz25w8tcP9dcaW9frbKXC5Bolmgx0vk52aRnLOQNFJoeGLELIzCCyA3RpErq9bj6sfo3cvpn50Zin8ZUyTNLGGZ4RxhvfBb8A8JK5hv-BG6n3une2CZNTAyFhjTPw3LrzyNWksE-aAc81fy-m0tx9KCYcTyhfIx0T9mfVjmp7d5nT9wZxu7i9E1Bjbl_XiOt14qFt1pSJgu41Kyu0Jtz1dB6zNfR35AQ0CvOxCHJgG3hFjokKnZBzPvP-kPff8CvfDIu8JDZGm75yy4S1Ye9nR4JRY2-yLEYGdRYQohJApRPAtfnDoYbnFqWhXnQaHhIDtonus_I4v8uKtF2xTyegkX9iiXSk6-2gaBaXOt849-QxFL8AyzaR3tLDgSUhnmoQgczwaxexC0O5pLnn4ZI8L8ffcvCqnydWKbdcRhTO5_ogAvix82HehqVXufu1JJnuyUJqHNI2_XBZkEfHHdds_A62Ij1yGjY5-QKTJdKSthMTrHvN_8w7GNCNsdjMJZ6OUKYtmHHAcGcX4At-PqlhxdYZM65UP7Bb3D6BveG36bdmaSP9hULUQ2e1_pJ5WPu1RDgWdlqfCgyJWTB-sr8mBQBkKbtgUdmcXdtUkB4Vms0G5HI9O_BsIW9rAFBW_5HKFd6iQIBuQT0M3B0fybtnesNzBAb7MF-7F_trl0Npl3hA3FtZghJIiZNzdZmSWwnGPW-Gj_oO2JMvKtATfQZJMXxrvNtiThjCCMqiydWJ_nLJuNrmXPC8AcQedep3MfQlwOB0N9eXTTcnV0V3YK1oSJ7oGUplfxvuddaOF6DbBWZvkhi7b5KVB1zYKw_qcamhaW_FnTedqRRgXNw-MYwCqty8dFLdU7mb3p4Fgt0aU1HwhgSoL0tTnGyPNSQRdMPAsfB4pOfP9kyv14SMGhocW4u07HOZN6fauSM1Udxu_1IfJ-DOU5oMLitlDI2d4A9AUuQzbrMG3JeyN96MHJyOQcj-Qj3bYNlISJRPqhgCU0duR74No_cyMVpDfHRNgnH0UGFAqPYzHbc9D--mmLE5mEoJS_YwlYXn1E6LDpuCHlB4uRSt_vAoCDjOdL1X-L3Hzma5QQd4YLr4ItLQoMDT_4S1HqvRKXGy5FatEyKAWHxS4ZzvpjiakdDJTRmoWY4IgiMHxTONXjHcWv_YpibIRutsEHaB9_SVmKahPDpjjMBF9s4Xz08jKNGag90UQtKhu0kYtrhDxmaXsnL2sMtLQjhY8Z9JeX2Z9mL9fkl8nPQMzm-Skj",
    "gps_coordinates": {
      "latitude": 49.32064647,
      "longitude": -123.0980301
    }
  },
  "local_results": {
    "places": [
      {
        "position": 1,
        "rating": 4.4,
        "reviews": 9,
        "reviews_original": "(9)",
        "description": "\"I had counseling from here .\"",
        "lsig": "AB86z5UfmH45iqENINNhDZV_ftNP",
        "links": {
          "website": "http://www.familyservices.bc.ca/",
          "directions": "https://www.google.com/maps/dir//Family+Services+of+the+North+Shore,+1111+Lonsdale+Ave+%23203,+North+Vancouver,+BC+V7M+2H4/data=!4m6!4m5!1m1!4e2!1m2!1m1!1s0x54866e19e52d1e77:0x12866c802bb7ceba?sa=X&ved=2ahUKEwj6-ZDIzdKSAxULkyYFHSftD4sQ48ADegQIJxAA&hl=en&gl=ca"
        },
        "place_id": "1334873637307010746",
        "place_id_search": "https://serpapi.com/search.json?device=desktop&engine=google&gl=ca&google_domain=google.com&hl=en&location=Vancouver%2C+British+Columbia%2C+Canada&ludocid=1334873637307010746&num=100&q=Free+counselling+North+Vancouver",
        "gps_coordinates": {
          "latitude": 49.318233,
          "longitude": -123.07287
        },
        "title": "Family Services of the North Shore",
        "type": "Family service center",
        "phone": "(604) 988-5281",
        "address": "1111 Lonsdale Ave #203",
        "hours": "Closes soon \u00b7 4 p.m."
      },
      {
        "position": 2,
        "rating": 4.8,
        "reviews": 32,
        "reviews_original": "(32)",
        "description": "\"Every time I finished my sessions with Claudine I felt lighter and lighter.\"",
        "lsig": "AB86z5XXhy8X6IAEonjNLXOlqZsj",
        "links": {
          "website": "http://www.bachcounselling.com/",
          "directions": "https://www.google.com/maps/dir//Bach+Counselling+-+North+Vancouver,+145+15th+St+W+%23303,+North+Vancouver,+BC+V7M+1R9/data=!4m6!4m5!1m1!4e2!1m2!1m1!1s0x54867038124aa237:0xe8f0fa138c7b5be8?sa=X&ved=2ahUKEwj6-ZDIzdKSAxULkyYFHSftD4sQ48ADegQIKBAA&hl=en&gl=ca"
        },
        "place_id": "16785190773078055912",
        "place_id_search": "https://serpapi.com/search.json?device=desktop&engine=google&gl=ca&google_domain=google.com&hl=en&location=Vancouver%2C+British+Columbia%2C+Canada&ludocid=16785190773078055912&num=100&q=Free+counselling+North+Vancouver",
        "gps_coordinates": {
          "latitude": 49.321968,
          "longitude": -123.07443
        },
        "title": "Bach Counselling - North Vancouver",
        "type": "Counselor",
        "phone": "(604) 904-0898",
        "address": "145 15th St W #303",
        "hours": "Open \u00b7 Closes 9 p.m."
      },
      {
        "position": 3,
        "rating": 5.0,
        "reviews": 4,
        "reviews_original": "(4)",
        "description": "\"Open Space Counselling is a wonderful place for support and growth.\"",
        "lsig": "AB86z5X9k_YpqhS8AexDm3nS6U78",
        "links": {
          "website": "http://openspacecounselling.ca/?utm_source=organic&utm_medium=gbp&utm_campaign=northvan",
          "directions": "https://www.google.com/maps/dir//Open+Space+Counselling,+267+Esplanade+W+%23301,+North+Vancouver,+BC+V7M+1A5/data=!4m6!4m5!1m1!4e2!1m2!1m1!1s0x548671bb0e36f51b:0x5da6efb27dc27dfb?sa=X&ved=2ahUKEwj6-ZDIzdKSAxULkyYFHSftD4sQ48ADegQIKRAA&hl=en&gl=ca",
          "schedule": "https://openspace.janeapp.com/locations/open-space-counselling-north-shore/book?hl=en-CA&gei=mBKNafrNMYummtkPp9q_2Ag&rwg_token=AFd1xnEosi7Jyf-avyQob7gJ_CFpTUyNo7lNCh8hq7Xd_T8fGaQ-bsBYPqG25rW-1JR5hrwre5C2Af8aZYwXTBEOAfNbLEUI7g%3D%3D&source=cat"
        },
        "place_id": "6748344641554382331",
        "place_id_search": "https://serpapi.com/search.json?device=desktop&engine=google&gl=ca&google_domain=google.com&hl=en&location=Vancouver%2C+British+Columbia%2C+Canada&ludocid=6748344641554382331&num=100&q=Free+counselling+North+Vancouver",
        "gps_coordinates": {
          "latitude": 49.31334,
          "longitude": -123.08559
        },
        "title": "Open Space Counselling",
        "type": "Counselor",
        "phone": "(778) 819-2256",
        "address": "267 Esplanade W #301",
        "hours": "Open \u00b7 Closes 8 p.m."
      }
    ],
    "more_locations_link": "https://www.google.com/search?q=Free+counselling+North+Vancouver&sca_esv=e73d2a95759f60cf&hl=en&gl=ca&udm=1&lsack=mBKNafrNMYummtkPp9q_2Ag&sa=X&ved=2ahUKEwj6-ZDIzdKSAxULkyYFHSftD4sQjGp6BAgvEAA"
  },
  "related_questions": [
    {
      "question": "How can I get free counselling in BC?",
      "type": "ai_overview",
      "text_blocks": [
        {
          "type": "paragraph",
          "snippet": "You can get free counselling in BC through government lines like 811 or 211, non-profits such as the CMHA, youth services like Foundry BC, Indigenous-specific support like the Hope for Wellness Helpline, and specialized online services like Free Counselling Canada, often connecting you with local, low-cost, or sliding-scale options and immediate crisis support.",
          "snippet_highlighted_words": [
            "through government lines like 811 or 211, non-profits such as the CMHA, youth services like Foundry BC, Indigenous-specific support like the Hope for Wellness Helpline, and specialized online services like Free Counselling Canada"
          ],
          "reference_indexes": [
            0,
            2,
            3,
            4
          ]
        },
        {
          "type": "paragraph",
          "snippet": "Immediate Crisis Support (24/7)"
        },
        {
          "type": "list",
          "list": [
            {
              "snippet": "988 Suicide Crisis Helpline: Call or text 988.",
              "reference_indexes": [
                6,
                8
              ]
            },
            {
              "snippet": "BC Mental Health Support Line: Call 310-6789 (no area code) for emotional support and resources.",
              "snippet_links": [
                {
                  "text": "BC Mental Health Support Line",
                  "link": "https://www.google.com/search?sca_esv=e73d2a95759f60cf&hl=en&gl=ca&q=BC+Mental+Health+Support+Line&sa=X&ved=2ahUKEwj6-ZDIzdKSAxULkyYFHSftD4sQxccNegUInQEQAQ"
                }
              ],
              "reference_indexes": [
                0,
                1,
                4
              ]
            },
            {
              "snippet": "KUU-US Crisis Line: 1-800-588-8717 for Indigenous peoples.",
              "snippet_links": [
                {
                  "text": "KUU-US Crisis Line",
                  "link": "https://www.google.com/search?sca_esv=e73d2a95759f60cf&hl=en&gl=ca&q=KUU-US+Crisis+Line&sa=X&ved=2ahUKEwj6-ZDIzdKSAxULkyYFHSftD4sQxccNegUIsAEQAQ"
                }
              ],
              "reference_indexes": [
                1
              ]
            }
          ]
        },
        {
          "type": "paragraph",
          "snippet": "Finding Free/Low-Cost Services"
        },
        {
          "type": "list",
          "list": [
            {
              "title": "Call 811 or 211:",
              "snippet": "HealthLink BC (811) or 211 can connect you to local health services, non-profits, and sliding-scale options.",
              "reference_indexes": [
                0,
                7,
                10
              ]
            },
            {
              "title": "Check Non-Profits:",
              "list": [
                {
                  "snippet": "Canadian Mental Health Association (CMHA): Offers resources and local connections.",
                  "snippet_links": [
                    {
                      "text": "Canadian Mental Health Association (CMHA)",
                      "link": "https://www.google.com/search?sca_esv=e73d2a95759f60cf&hl=en&gl=ca&q=Canadian+Mental+Health+Association+(CMHA)&sa=X&ved=2ahUKEwj6-ZDIzdKSAxULkyYFHSftD4sQxccNegUIlAEQAQ"
                    }
                  ],
                  "reference_indexes": [
                    3,
                    9
                  ]
                },
                {
                  "snippet": "Foundry BC: Provides youth mental health services and support.",
                  "snippet_links": [
                    {
                      "text": "Foundry BC",
                      "link": "https://www.google.com/search?sca_esv=e73d2a95759f60cf&hl=en&gl=ca&q=Foundry+BC&sa=X&ved=2ahUKEwj6-ZDIzdKSAxULkyYFHSftD4sQxccNegUImgEQAQ"
                    }
                  ],
                  "reference_indexes": [
                    0
                  ]
                },
                {
                  "snippet": "Family Services of Greater Vancouver: & others listed on HelpStartsHere.",
                  "snippet_links": [
                    {
                      "text": "Family Services of Greater Vancouver",
                      "link": "https://www.google.com/search?sca_esv=e73d2a95759f60cf&hl=en&gl=ca&q=Family+Services+of+Greater+Vancouver&sa=X&ved=2ahUKEwj6-ZDIzdKSAxULkyYFHSftD4sQxccNegUIpwEQAQ"
                    }
                  ],
                  "reference_indexes": [
                    0
                  ]
                }
              ],
              "reference_indexes": [
                3,
                9,
                0
              ]
            },
            {
              "title": "Utilize Online Platforms:",
              "list": [
                {
                  "snippet": "Free Counselling Canada: Offers free video/phone sessions across Canada.",
                  "snippet_links": [
                    {
                      "text": "Free Counselling Canada",
                      "link": "https://www.google.com/search?sca_esv=e73d2a95759f60cf&hl=en&gl=ca&q=Free+Counselling+Canada&sa=X&ved=2ahUKEwj6-ZDIzdKSAxULkyYFHSftD4sQxccNegQIfxAB"
                    }
                  ],
                  "reference_indexes": [
                    2
                  ]
                },
                {
                  "snippet": "HereToHelp.bc.ca: Lists various low-cost providers and resources.",
                  "snippet_links": [
                    {
                      "text": "HereToHelp.bc.ca",
                      "link": "https://www.heretohelp.bc.ca/"
                    }
                  ],
                  "reference_indexes": [
                    3
                  ]
                }
              ],
              "reference_indexes": [
                2,
                3
              ]
            },
            {
              "title": "Health Authority Resources:",
              "snippet": "Check your local health authority website (e.g., Fraser Health, Interior Health) for community counselling programs.",
              "reference_indexes": [
                0
              ]
            },
            {
              "title": "First Nations Health Authority (FNHA):",
              "snippet": "Provides specific support and resources for Indigenous individuals.",
              "reference_indexes": [
                5
              ]
            }
          ]
        },
        {
          "type": "paragraph",
          "snippet": "For Students",
          "reference_indexes": [
            5
          ]
        },
        {
          "type": "list",
          "list": [
            {
              "snippet": "Here2Talk: Free, 24/7 mental health support for BC post-secondary students.",
              "snippet_links": [
                {
                  "text": "Here2Talk",
                  "link": "https://www.google.com/search?sca_esv=e73d2a95759f60cf&hl=en&gl=ca&q=Here2Talk&sa=X&ved=2ahUKEwj6-ZDIzdKSAxULkyYFHSftD4sQxccNegQIcBAB"
                }
              ]
            }
          ]
        },
        {
          "type": "paragraph",
          "snippet": "How to Search"
        },
        {
          "type": "list",
          "list": [
            {
              "snippet": "Use HelpStartsHere.gov.bc.ca and HelpStartsHere.gov.bc.ca to find local services.",
              "snippet_links": [
                {
                  "text": "HelpStartsHere.gov.bc.ca",
                  "link": "https://helpstartshere.gov.bc.ca/blog/free-or-low-cost-services-bc"
                },
                {
                  "text": "HelpStartsHere.gov.bc.ca",
                  "link": "https://helpstartshere.gov.bc.ca/"
                }
              ],
              "reference_indexes": [
                0
              ]
            },
            {
              "snippet": "Contact organizations like CMHA BC or Here to Help BC for referrals.",
              "snippet_links": [
                {
                  "text": "Here to Help BC",
                  "link": "https://www.heretohelp.bc.ca/q-and-a/where-can-i-find-free-or-low-cost-counselling"
                }
              ],
              "reference_indexes": [
                3,
                9
              ]
            }
          ]
        }
      ],
      "references": [
        {
          "title": "Free or Low-Cost Services in BC - HelpStartsHere",
          "link": "https://helpstartshere.gov.bc.ca/blog/free-or-low-cost-services-bc#:~:text=Free%20or%20low%2Dcost%20counselling,%2D800%2D663%2D1441.",
          "snippet": "May 22, 2025 \u2014 Free or low-cost counselling. There are several ways to seek out free or low-cost services in BC. If you want to speak...",
          "source": "HelpStartsHere",
          "index": 0
        },
        {
          "title": "Virtual mental health supports - Province of British Columbia",
          "link": "https://www2.gov.bc.ca/gov/content/health/managing-your-health/mental-health-substance-use/virtual-mental-health-supports#:~:text=Other%20resources-,Get%20help%20immediately,for%20Indigenous%20peoples%20in%20B.C.",
          "snippet": "Apr 30, 2025 \u2014 Get help immediately. 310Mental Health Support. Call 310-6789 for emotional support, information and resources specifi...",
          "source": "Gov.bc.ca",
          "index": 1
        },
        {
          "title": "Home | Online Free Video call Psychotherapy and Counselling ...",
          "link": "https://www.freecounsellingcanada.ca/#:~:text=Our%20Society%20is%20100%25%20Volunteer,Step%202/2:",
          "snippet": "Our Society is 100% Volunteer-run, NO paid staff, NO funding from the government and funded by private donations. Our Society is a...",
          "source": "freecounsellingcanada.ca",
          "index": 2
        },
        {
          "title": "Where can I find free or low-cost counselling? - Here to Help BC",
          "link": "https://www.heretohelp.bc.ca/q-and-a/where-can-i-find-free-or-low-cost-counselling#:~:text=Try%20contacting%20service%20providers%20directly,About%20the%20author",
          "snippet": "Try contacting service providers directly to ask if they offer a sliding scale. One private clinic in Vancouver has a good list of...",
          "source": "Here to Help BC",
          "index": 3
        },
        {
          "title": "Mental health supports and resources | HealthLink BC",
          "link": "https://www.healthlinkbc.ca/mental-health-and-substance-use/mental-health/mental-health-supports-and-resources#:~:text=Gender%2DBased%20Violence.-,Available%2024%20hours%20a%20day%2C%207%20days%20a%20week:,30%20am%2C%20Monday%20to%20Sunday",
          "snippet": "Apr 30, 2025 \u2014 Available 24 hours a day, 7 days a week: Call 1-800-721-0066 (toll-free) Mental Health and Information Support Line. P...",
          "source": "HealthLink BC",
          "index": 4
        },
        {
          "title": "Counselling Services",
          "link": "https://students.ubc.ca/health/counselling-services/",
          "snippet": "24/7 Support * Here2Talk. Call, chat online, or use the mobile app to get free, immediate, 24/7 mental health counselling, availa...",
          "source": "The University of British Columbia",
          "index": 5
        },
        {
          "title": "Mental health support: get help - Canada.ca",
          "link": "https://www.canada.ca/en/public-health/services/mental-health-services/mental-health-get-help.html#:~:text=Call%20or%20text%20310%2D1818%20(toll%2Dfree).%20*%20Available,7%20days%20a%20week.%20*%20Multilingual%20service.",
          "snippet": "Call or text 310-1818 (toll-free). * Available 24 hours a day, 7 days a week. * Multilingual service.",
          "source": "Canada.ca",
          "index": 6
        },
        {
          "title": "HealthLink BC 8-1-1 services",
          "link": "https://www.healthlinkbc.ca/find-care/healthlink-bc-8-1-1-services#:~:text=Breadcrumb&text=You%20can%20call%208%2D1,available%20in%20over%20130%20languages.",
          "snippet": "Jan 23, 2026 \u2014 Breadcrumb. ... You can call 8-1-1 to get free health information and advice. This service is offered by HealthLink BC...",
          "source": "HealthLink BC",
          "index": 7
        },
        {
          "title": "Find Help Now - CMHA British Columbia",
          "link": "https://bc.cmha.ca/mental-health/find-help/#:~:text=Call%20or%20text%209%2D8%2D8%20to%20connect%20with,of%20emotional%20distress%20or%20thoughts%20of%20suicide.",
          "snippet": "Call or text 9-8-8 to connect with someone on matters of emotional distress or thoughts of suicide.",
          "source": "CMHA British Columbia",
          "index": 8
        },
        {
          "title": "Getting Help for Mental Illnesses",
          "link": "https://www.heretohelp.bc.ca/infosheet/getting-help-for-mental-illnesses#:~:text=Visit%20www.cmha.bc.ca%20or%20call%201%2D800%2D555%2D8222%20(toll%2Dfree%20in,on%20mental%20health%20or%20any%20mental%20illness.",
          "snippet": "Visit www.cmha.bc.ca or call 1-800-555-8222 (toll-free in BC) or 604-688-3234 (in Greater Vancouver) for information and community...",
          "source": "Here to Help BC",
          "index": 9
        },
        {
          "title": "Mental health - HealthLink BC",
          "link": "https://www.healthlinkbc.ca/mental-health-and-substance-use/mental-health#:~:text=Call%20toll%2Dfree%20in%20B.C.,you%20with%20a%20health%20professional.",
          "snippet": "Call toll-free in B.C., 8-1-1, or 7-1-1 for the deaf and hard of hearing to get personalized assistance. Speak to a navigator who ...",
          "source": "HealthLink BC",
          "index": 10
        }
      ],
      "next_page_token": "eyJvbnMiOiIxMDA0MSIsImZjIjoiRXFFQkNtSkJUVzR6TFhsUmRVdFpNMUl6VkZCMFJYWklZbXg0VTJSaU1USnlWMGRhVjJ0NmJ6VlpaaTFYWDBweFdEWnNTMWxRV1daU1duVklibFpwYUhkelh6TkNTa0ZoYVRGSWRIWjVXblZoYVc1MWFVTTNMVVZpWldsb2JtRllTSFJVY0VVMFp4SVhiVUpMVG1GbWNrNU5XWFZ0YlhSclVIQTVjVjh5UVdjYUlrRktTMHhHYlVseFZXWlhkSFpuYVRneGJEbFRVRUptY1U4dFVFWk1UMHhGTm5jIiwiZmN2IjoiMyIsImVpIjoibUJLTmFmck5NWXVtbXRrUHA5cV8yQWciLCJxYyI6IkNpQm1jbVZsSUdOdmRXNXpaV3hzYVc1bklHNXZjblJvSUhaaGJtTnZkWFpsY2hBQWZYVHBSajgiLCJxdWVzdGlvbiI6IkhvdyBjYW4gSSBnZXQgZnJlZSBjb3Vuc2VsbGluZyBpbiBCQz8iLCJsayI6IkdpUm9iM2NnWTJGdUlHa2daMlYwSUdaeVpXVWdZMjkxYm5ObGJHeHBibWNnYVc0Z1ltTSIsImJzIjoiYy1QeTUxTDF5QzlYU0U3TVVfQlVTRTh0VVVnclNrMVZTTTR2elN0T3pjbkp6RXRYeU14VGNISzJOMUtUVXNtQUtzekVxVEFwbWN1TFN4RmtZRW0tUWpGUVBoR3VJcjlJSVEyRWdicnNKUzVYR2lsSktXUVFVTWNWd0tYaVdZeGlSM0otV1dwUmFvcENVcVdDYjNBQTFHMFM4eGlOVktXVU0zRXF6UzB1Z0xoT2dCRUEiLCJpZCI6ImZjX21CS05hZnJOTVl1bW10a1BwOXFfMkFnXzMifQ==",
      "serpapi_link": "https://serpapi.com/search.json?device=desktop&engine=google_related_questions&google_domain=google.com&next_page_token=eyJvbnMiOiIxMDA0MSIsImZjIjoiRXFFQkNtSkJUVzR6TFhsUmRVdFpNMUl6VkZCMFJYWklZbXg0VTJSaU1USnlWMGRhVjJ0NmJ6VlpaaTFYWDBweFdEWnNTMWxRV1daU1duVklibFpwYUhkelh6TkNTa0ZoYVRGSWRIWjVXblZoYVc1MWFVTTNMVVZpWldsb2JtRllTSFJVY0VVMFp4SVhiVUpMVG1GbWNrNU5XWFZ0YlhSclVIQTVjVjh5UVdjYUlrRktTMHhHYlVseFZXWlhkSFpuYVRneGJEbFRVRUptY1U4dFVFWk1UMHhGTm5jIiwiZmN2IjoiMyIsImVpIjoibUJLTmFmck5NWXVtbXRrUHA5cV8yQWciLCJxYyI6IkNpQm1jbVZsSUdOdmRXNXpaV3hzYVc1bklHNXZjblJvSUhaaGJtTnZkWFpsY2hBQWZYVHBSajgiLCJxdWVzdGlvbiI6IkhvdyBjYW4gSSBnZXQgZnJlZSBjb3Vuc2VsbGluZyBpbiBCQz8iLCJsayI6IkdpUm9iM2NnWTJGdUlHa2daMlYwSUdaeVpXVWdZMjkxYm5ObGJHeHBibWNnYVc0Z1ltTSIsImJzIjoiYy1QeTUxTDF5QzlYU0U3TVVfQlVTRTh0VVVnclNrMVZTTTR2elN0T3pjbkp6RXRYeU14VGNISzJOMUtUVXNtQUtzekVxVEFwbWN1TFN4RmtZRW0tUWpGUVBoR3VJcjlJSVEyRWdicnNKUzVYR2lsSktXUVFVTWNWd0tYaVdZeGlSM0otV1dwUmFvcENVcVdDYjNBQTFHMFM4eGlOVktXVU0zRXF6UzB1Z0xoT2dCRUEiLCJpZCI6ImZjX21CS05hZnJOTVl1bW10a1BwOXFfMkFnXzMifQ%3D%3D"
    },
    {
      "question": "How to see a counsellor for free?",
      "type": "featured_snippet",
      "title": "You may be able to get free counselling:",
      "link": "https://www.nhs.uk/tests-and-treatments/counselling/",
      "list": [
        "as part of your treatment at another NHS service.",
        "through your employer, school or university.",
        "from a charity."
      ],
      "displayed_link": "https://www.nhs.uk \u203a tests-and-treatments \u203a counselling",
      "source_logo": "https://serpapi.com/searches/698d1298bb48adbeb123d3ab/images/r4TbduCjAssjH1QV9j6XH3mlrE8XM415_vBJsfnLmzA.png",
      "next_page_token": "eyJvbnMiOiIxMDA0MSIsImZjIjoiRXFFQkNtSkJUVzR6TFhsUmRVdFpNMUl6VkZCMFJYWklZbXg0VTJSaU1USnlWMGRhVjJ0NmJ6VlpaaTFYWDBweFdEWnNTMWxRV1daU1duVklibFpwYUhkelh6TkNTa0ZoYVRGSWRIWjVXblZoYVc1MWFVTTNMVVZpWldsb2JtRllTSFJVY0VVMFp4SVhiVUpMVG1GbWNrNU5XWFZ0YlhSclVIQTVjVjh5UVdjYUlrRktTMHhHYlVseFZXWlhkSFpuYVRneGJEbFRVRUptY1U4dFVFWk1UMHhGTm5jIiwiZmN2IjoiMyIsImVpIjoibUJLTmFmck5NWXVtbXRrUHA5cV8yQWciLCJxYyI6IkNpQm1jbVZsSUdOdmRXNXpaV3hzYVc1bklHNXZjblJvSUhaaGJtTnZkWFpsY2hBQWZYVHBSajgiLCJxdWVzdGlvbiI6IkhvdyB0byBzZWUgYSBjb3Vuc2VsbG9yIGZvciBmcmVlPyIsImxrIjoiYzVOU3lNZ3ZWeWpKVnloT1RWVklWRWpPTDgwclRzM0p5UzlTU0FQaG90UlVBQSIsImJzIjoiYy1QeTUxTDF5QzlYU0U3TVVfQlVTRTh0VVVnclNrMVZTTTR2elN0T3pjbkp6RXRYeU14VGNISzJOMUtUVXNtQUtzekVxVEFwbWN1TFN4RmtZRW0tUWpGUVBoR3VJcjlJSVEyRWdicnNKUzVYR2lsSktXUVFVTWNWd0tYaVdZeGlSM0otV1dwUmFvcENVcVdDYjNBQTFHMFM4eGlOVktXVU0zRXF6UzB1Z0xoT2dCRUEiLCJpZCI6ImZjX21CS05hZnJOTVl1bW10a1BwOXFfMkFnXzMifQ==",
      "serpapi_link": "https://serpapi.com/search.json?device=desktop&engine=google_related_questions&google_domain=google.com&next_page_token=eyJvbnMiOiIxMDA0MSIsImZjIjoiRXFFQkNtSkJUVzR6TFhsUmRVdFpNMUl6VkZCMFJYWklZbXg0VTJSaU1USnlWMGRhVjJ0NmJ6VlpaaTFYWDBweFdEWnNTMWxRV1daU1duVklibFpwYUhkelh6TkNTa0ZoYVRGSWRIWjVXblZoYVc1MWFVTTNMVVZpWldsb2JtRllTSFJVY0VVMFp4SVhiVUpMVG1GbWNrNU5XWFZ0YlhSclVIQTVjVjh5UVdjYUlrRktTMHhHYlVseFZXWlhkSFpuYVRneGJEbFRVRUptY1U4dFVFWk1UMHhGTm5jIiwiZmN2IjoiMyIsImVpIjoibUJLTmFmck5NWXVtbXRrUHA5cV8yQWciLCJxYyI6IkNpQm1jbVZsSUdOdmRXNXpaV3hzYVc1bklHNXZjblJvSUhaaGJtTnZkWFpsY2hBQWZYVHBSajgiLCJxdWVzdGlvbiI6IkhvdyB0byBzZWUgYSBjb3Vuc2VsbG9yIGZvciBmcmVlPyIsImxrIjoiYzVOU3lNZ3ZWeWpKVnloT1RWVklWRWpPTDgwclRzM0p5UzlTU0FQaG90UlVBQSIsImJzIjoiYy1QeTUxTDF5QzlYU0U3TVVfQlVTRTh0VVVnclNrMVZTTTR2elN0T3pjbkp6RXRYeU14VGNISzJOMUtUVXNtQUtzekVxVEFwbWN1TFN4RmtZRW0tUWpGUVBoR3VJcjlJSVEyRWdicnNKUzVYR2lsSktXUVFVTWNWd0tYaVdZeGlSM0otV1dwUmFvcENVcVdDYjNBQTFHMFM4eGlOVktXVU0zRXF6UzB1Z0xoT2dCRUEiLCJpZCI6ImZjX21CS05hZnJOTVl1bW10a1BwOXFfMkFnXzMifQ%3D%3D"
    },
    {
      "question": "Is counselling covered by MSP in BC?",
      "type": "featured_snippet",
      "snippet": "Psychotherapy and counselling are not covered by MSP but they may be covered through a hospital program, mental health team, or through your workplace or school. Social workers often work on mental health teams, in clinics and hospital programs, and in schools.",
      "title": "Getting Help for Mental Illnesses - CMHA British Columbia",
      "link": "https://bc.cmha.ca/documents/getting-help-for-mental-illnesses-2/#:~:text=Psychotherapy%20and%20counselling%20are%20not,hospital%20programs%2C%20and%20in%20schools.",
      "displayed_link": "https://bc.cmha.ca \u203a documents \u203a getting-help-for-mental...",
      "source_logo": "https://serpapi.com/searches/698d1298bb48adbeb123d3ab/images/r4TbduCjAssjH1QV9j6XHxGLDAiNBMFI5XsapzdhGwQ.png",
      "next_page_token": "eyJvbnMiOiIxMDA0MSIsImZjIjoiRXFFQkNtSkJUVzR6TFhsUmRVdFpNMUl6VkZCMFJYWklZbXg0VTJSaU1USnlWMGRhVjJ0NmJ6VlpaaTFYWDBweFdEWnNTMWxRV1daU1duVklibFpwYUhkelh6TkNTa0ZoYVRGSWRIWjVXblZoYVc1MWFVTTNMVVZpWldsb2JtRllTSFJVY0VVMFp4SVhiVUpMVG1GbWNrNU5XWFZ0YlhSclVIQTVjVjh5UVdjYUlrRktTMHhHYlVseFZXWlhkSFpuYVRneGJEbFRVRUptY1U4dFVFWk1UMHhGTm5jIiwiZmN2IjoiMyIsImVpIjoibUJLTmFmck5NWXVtbXRrUHA5cV8yQWciLCJxYyI6IkNpQm1jbVZsSUdOdmRXNXpaV3hzYVc1bklHNXZjblJvSUhaaGJtTnZkWFpsY2hBQWZYVHBSajgiLCJxdWVzdGlvbiI6IklzIGNvdW5zZWxsaW5nIGNvdmVyZWQgYnkgTVNQIGluIEJDPyIsImxrIjoiR2lOcGN5QmpiM1Z1YzJWc2JHbHVaeUJqYjNabGNtVmtJR0o1SUcxemNDQnBiaUJpWXciLCJicyI6ImMtUHk1MUwxeUM5WFNFN01VX0JVU0U4dFVVZ3JTazFWU000dnpTdE96Y25KekV0WHlNeFRjSEsyTjFLVFVzbUFLc3pFcVRBcG1jdUxTeEZrWUVtLVFqRlFQaEd1SXI5SUlRMkVnYnJzSlM1WEdpbEpLV1FRVU1jVndLWGlXWXhpUjNKLVdXcFJhb3BDVXFXQ2IzQUExRzBTOHhpTlZLV1VNM0VxelMwdWdMaE9nQkVBIiwiaWQiOiJmY19tQktOYWZyTk1ZdW1tdGtQcDlxXzJBZ18zIn0=",
      "serpapi_link": "https://serpapi.com/search.json?device=desktop&engine=google_related_questions&google_domain=google.com&next_page_token=eyJvbnMiOiIxMDA0MSIsImZjIjoiRXFFQkNtSkJUVzR6TFhsUmRVdFpNMUl6VkZCMFJYWklZbXg0VTJSaU1USnlWMGRhVjJ0NmJ6VlpaaTFYWDBweFdEWnNTMWxRV1daU1duVklibFpwYUhkelh6TkNTa0ZoYVRGSWRIWjVXblZoYVc1MWFVTTNMVVZpWldsb2JtRllTSFJVY0VVMFp4SVhiVUpMVG1GbWNrNU5XWFZ0YlhSclVIQTVjVjh5UVdjYUlrRktTMHhHYlVseFZXWlhkSFpuYVRneGJEbFRVRUptY1U4dFVFWk1UMHhGTm5jIiwiZmN2IjoiMyIsImVpIjoibUJLTmFmck5NWXVtbXRrUHA5cV8yQWciLCJxYyI6IkNpQm1jbVZsSUdOdmRXNXpaV3hzYVc1bklHNXZjblJvSUhaaGJtTnZkWFpsY2hBQWZYVHBSajgiLCJxdWVzdGlvbiI6IklzIGNvdW5zZWxsaW5nIGNvdmVyZWQgYnkgTVNQIGluIEJDPyIsImxrIjoiR2lOcGN5QmpiM1Z1YzJWc2JHbHVaeUJqYjNabGNtVmtJR0o1SUcxemNDQnBiaUJpWXciLCJicyI6ImMtUHk1MUwxeUM5WFNFN01VX0JVU0U4dFVVZ3JTazFWU000dnpTdE96Y25KekV0WHlNeFRjSEsyTjFLVFVzbUFLc3pFcVRBcG1jdUxTeEZrWUVtLVFqRlFQaEd1SXI5SUlRMkVnYnJzSlM1WEdpbEpLV1FRVU1jVndLWGlXWXhpUjNKLVdXcFJhb3BDVXFXQ2IzQUExRzBTOHhpTlZLV1VNM0VxelMwdWdMaE9nQkVBIiwiaWQiOiJmY19tQktOYWZyTk1ZdW1tdGtQcDlxXzJBZ18zIn0%3D"
    }
  ],
  "organic_results": [
    {
      "position": 1,
      "title": "Counselling Support",
      "link": "https://www.familyservices.bc.ca/find-support/counselling-support/",
      "redirect_link": "https://www.google.com/url?sa=t&source=web&rct=j&opi=89978449&url=https://www.familyservices.bc.ca/find-support/counselling-support/&ved=2ahUKEwj6-ZDIzdKSAxULkyYFHSftD4sQFnoECB8QAQ",
      "displayed_link": "https://www.familyservices.bc.ca \u203a Find Support",
      "favicon": "https://serpapi.com/searches/698d1298bb48adbeb123d3ab/images/u6vED9jrC84M6JNN2ByRfg7qB35Wcw_uMqcgQ7ZtVpY.png",
      "snippet": "Our highly-trained, experienced counsellors can work with you and your family to address a wide variety of issues. We also offer counselling on a sliding fee ...",
      "snippet_highlighted_words": [
        "counselling on a sliding fee"
      ],
      "about_this_result": {
        "source": {
          "description": "Our highly-trained, experienced counsellors can work with you and your family to address a wide variety of issues. We also offer counselling on a sliding fee ...",
          "source_info_link": "https://www.familyservices.bc.ca/find-support/counselling-support/",
          "icon": "https://serpapi.com/searches/698d1298bb48adbeb123d3ab/images/u6vED9jrC84M6JNN2ByRfmFhYD74DLPqj-MnuIZw6vik0E3fINNGZt9aoOIt5tGO.png"
        },
        "languages": [
          "en"
        ],
        "regions": [
          "CA"
        ]
      },
      "about_page_link": "https://www.google.com/search?q=About+https://www.familyservices.bc.ca/find-support/counselling-support/&tbm=ilp",
      "about_page_serpapi_link": "https://serpapi.com/search.json?engine=google_about_this_result&google_domain=google.com&q=About+https%3A%2F%2Fwww.familyservices.bc.ca%2Ffind-support%2Fcounselling-support%2F",
      "source": "Family Services of the North Shore"
    },
    {
      "position": 2,
      "title": "Counselling Services",
      "link": "https://northwestvancouver.cmha.bc.ca/programs-and-services/counselling/",
      "redirect_link": "https://www.google.com/url?sa=t&source=web&rct=j&opi=89978449&url=https://northwestvancouver.cmha.bc.ca/programs-and-services/counselling/&ved=2ahUKEwj6-ZDIzdKSAxULkyYFHSftD4sQFnoECCAQAQ",
      "displayed_link": "https://northwestvancouver.cmha.bc.ca \u203a counselling",
      "favicon": "https://serpapi.com/searches/698d1298bb48adbeb123d3ab/images/u6vED9jrC84M6JNN2ByRfmluW22lo0rai_asxmQfZlo.png",
      "snippet": "Individual low-cost counselling with our team of registered clinical counsellors. Get support on your mental health journey.",
      "snippet_highlighted_words": [
        "Individual low-cost counselling"
      ],
      "about_this_result": {
        "source": {
          "description": "Individual low-cost counselling with our team of registered clinical counsellors. Get support on your mental health journey.",
          "source_info_link": "https://northwestvancouver.cmha.bc.ca/programs-and-services/counselling/",
          "icon": "https://serpapi.com/searches/698d1298bb48adbeb123d3ab/images/u6vED9jrC84M6JNN2ByRflEL80Uc-hPJseF8p0InlwECU_ywQIEwOQqT4QbblU28.png"
        },
        "languages": [
          "en"
        ],
        "regions": [
          "CA"
        ]
      },
      "about_page_link": "https://www.google.com/search?q=About+https://northwestvancouver.cmha.bc.ca/programs-and-services/counselling/&tbm=ilp",
      "about_page_serpapi_link": "https://serpapi.com/search.json?engine=google_about_this_result&google_domain=google.com&q=About+https%3A%2F%2Fnorthwestvancouver.cmha.bc.ca%2Fprograms-and-services%2Fcounselling%2F",
      "source": "CMHA North and West Vancouver Branch"
    },
    {
      "position": 3,
      "title": "Free or Low-Cost Services in BC - HelpStartsHere",
      "link": "https://helpstartshere.gov.bc.ca/blog/free-or-low-cost-services-bc",
      "redirect_link": "https://www.google.com/url?sa=t&source=web&rct=j&opi=89978449&url=https://helpstartshere.gov.bc.ca/blog/free-or-low-cost-services-bc&ved=2ahUKEwj6-ZDIzdKSAxULkyYFHSftD4sQFnoECB4QAQ",
      "displayed_link": "https://helpstartshere.gov.bc.ca \u203a blog \u203a free-or-low-cos...",
      "favicon": "https://serpapi.com/searches/698d1298bb48adbeb123d3ab/images/u6vED9jrC84M6JNN2ByRfhGETtb1fYw0oqV2qGJgW_s.png",
      "date": "May 22, 2025",
      "snippet": "There are several ways to seek out free or low-cost services in BC. If you want to speak to a person, you can call 8-1-1 or 2-1-1 (or text 2-1-1) to ask what ...",
      "snippet_highlighted_words": [
        "call 8-1-1 or 2-1-1"
      ],
      "about_this_result": {
        "source": {
          "description": "There are several ways to seek out free or low-cost services in BC. If you want to speak to a person, you can call 8-1-1 or 2-1-1 (or text 2-1-1) to ask what ...",
          "source_info_link": "https://helpstartshere.gov.bc.ca/blog/free-or-low-cost-services-bc",
          "icon": "https://serpapi.com/searches/698d1298bb48adbeb123d3ab/images/u6vED9jrC84M6JNN2ByRflO-vhpJBoi98_tH8McL5BN8XFoPfJjGqwGrXME8KLWJ.png"
        },
        "languages": [
          "en"
        ],
        "regions": [
          "CA"
        ]
      },
      "about_page_link": "https://www.google.com/search?q=About+https://helpstartshere.gov.bc.ca/blog/free-or-low-cost-services-bc&tbm=ilp",
      "about_page_serpapi_link": "https://serpapi.com/search.json?engine=google_about_this_result&google_domain=google.com&q=About+https%3A%2F%2Fhelpstartshere.gov.bc.ca%2Fblog%2Ffree-or-low-cost-services-bc",
      "source": "HelpStartsHere"
    },
    {
      "position": 4,
      "title": "Youth Drop-In Mental Health Counselling at Foundry North ...",
      "link": "https://www.vch.ca/en/location-service/youth-drop-mental-health-counselling-foundry-north-shore",
      "redirect_link": "https://www.google.com/url?sa=t&source=web&rct=j&opi=89978449&url=https://www.vch.ca/en/location-service/youth-drop-mental-health-counselling-foundry-north-shore&ved=2ahUKEwj6-ZDIzdKSAxULkyYFHSftD4sQFnoECDYQAQ",
      "displayed_link": "https://www.vch.ca \u203a location-service \u203a youth-drop-me...",
      "favicon": "https://serpapi.com/searches/698d1298bb48adbeb123d3ab/images/u6vED9jrC84M6JNN2ByRfp8OLh_K840uHOgAp-4u6CI.png",
      "snippet": "Youth Drop-In Mental Health Counselling at Foundry North Shore \u00b7 211 West 1st Street North Vancouver, BC V7M 1C9 \u00b7 foundrynorthshore@vch.ca \u00b7 Phone: (604)984-5060.",
      "snippet_highlighted_words": [
        "211 West 1st Street North Vancouver, BC V7M 1C9"
      ],
      "about_this_result": {
        "source": {
          "description": "Youth Drop-In Mental Health Counselling at Foundry North Shore \u00b7 211 West 1st Street North Vancouver, BC V7M 1C9 \u00b7 foundrynorthshore@vch.ca \u00b7 Phone: (604)984-5060.",
          "source_info_link": "https://www.vch.ca/en/location-service/youth-drop-mental-health-counselling-foundry-north-shore",
          "icon": "https://serpapi.com/searches/698d1298bb48adbeb123d3ab/images/u6vED9jrC84M6JNN2ByRfuhCFTGN1JUa19EHHzUZFx5gh9-faq-1SBbi5cL5KPRI.png"
        },
        "languages": [
          "en"
        ],
        "regions": [
          "CA"
        ]
      },
      "about_page_link": "https://www.google.com/search?q=About+https://www.vch.ca/en/location-service/youth-drop-mental-health-counselling-foundry-north-shore&tbm=ilp",
      "about_page_serpapi_link": "https://serpapi.com/search.json?engine=google_about_this_result&google_domain=google.com&q=About+https%3A%2F%2Fwww.vch.ca%2Fen%2Flocation-service%2Fyouth-drop-mental-health-counselling-foundry-north-shore",
      "source": "Vancouver Coastal Health"
    },
    {
      "position": 5,
      "title": "North Vancouver Counselling - Boomerang Centre",
      "link": "https://boomerangcc.ca/",
      "redirect_link": "https://www.google.com/url?sa=t&source=web&rct=j&opi=89978449&url=https://boomerangcc.ca/&ved=2ahUKEwj6-ZDIzdKSAxULkyYFHSftD4sQFnoECDoQAQ",
      "displayed_link": "https://boomerangcc.ca",
      "favicon": "https://serpapi.com/searches/698d1298bb48adbeb123d3ab/images/u6vED9jrC84M6JNN2ByRfr4EJ_Y1u2OCMokaWvvnFNY.png",
      "snippet": "Low-cost counselling. $60/50 minute session. Immediate availability, in-person or online, evenings & weekends. Anxiety, ADHD, relationships, families, ...",
      "snippet_highlighted_words": [
        "Low-cost counselling"
      ],
      "about_this_result": {
        "source": {
          "description": "Low-cost counselling. $60/50 minute session. Immediate availability, in-person or online, evenings & weekends. Anxiety, ADHD, relationships, families, ...",
          "source_info_link": "https://boomerangcc.ca/",
          "icon": "https://serpapi.com/searches/698d1298bb48adbeb123d3ab/images/u6vED9jrC84M6JNN2ByRfrumnV3AGKVV1Mk_YUxP4ZQrlVJgil4Tm4X6Em_IdeOv.png"
        },
        "languages": [
          "en"
        ],
        "regions": [
          "CA"
        ]
      },
      "about_page_link": "https://www.google.com/search?q=About+https://boomerangcc.ca/&tbm=ilp",
      "about_page_serpapi_link": "https://serpapi.com/search.json?engine=google_about_this_result&google_domain=google.com&q=About+https%3A%2F%2Fboomerangcc.ca%2F",
      "source": "Boomerang Counselling Centre"
    },
    {
      "position": 6,
      "title": "Pathways | Counselling - Free or Low Cost",
      "link": "https://vancouver.pathwaysbc.ca/specific_services/116",
      "redirect_link": "https://www.google.com/url?sa=t&source=web&rct=j&opi=89978449&url=https://vancouver.pathwaysbc.ca/specific_services/116&ved=2ahUKEwj6-ZDIzdKSAxULkyYFHSftD4sQFnoECDQQAQ",
      "displayed_link": "https://vancouver.pathwaysbc.ca \u203a specific_services",
      "favicon": "https://serpapi.com/searches/698d1298bb48adbeb123d3ab/images/u6vED9jrC84M6JNN2ByRfp--Tkpz7AE5YK2sj3NQnAE.png",
      "snippet": "Affordable Counselling - Vancouver [Fieldwork Counselling]fees may apply. Provides reduced-cost counselling in Vancouver. 604-774-5344 (Q&A only).",
      "snippet_highlighted_words": [
        "Provides reduced-cost counselling in Vancouver"
      ],
      "about_this_result": {
        "source": {
          "description": "Affordable Counselling - Vancouver [Fieldwork Counselling]fees may apply. Provides reduced-cost counselling in Vancouver. 604-774-5344 (Q&A only).",
          "source_info_link": "https://vancouver.pathwaysbc.ca/specific_services/116",
          "icon": "https://serpapi.com/searches/698d1298bb48adbeb123d3ab/images/u6vED9jrC84M6JNN2ByRfs49pxUe9Fb6y9cWXuPeuWK4gTyJn9zzsNOLZroY8pCk.png"
        },
        "languages": [
          "en"
        ],
        "regions": [
          "CA"
        ]
      },
      "about_page_link": "https://www.google.com/search?q=About+https://vancouver.pathwaysbc.ca/specific_services/116&tbm=ilp",
      "about_page_serpapi_link": "https://serpapi.com/search.json?engine=google_about_this_result&google_domain=google.com&q=About+https%3A%2F%2Fvancouver.pathwaysbc.ca%2Fspecific_services%2F116",
      "source": "Pathways BC"
    },
    {
      "position": 7,
      "title": "Reduced-Cost Counselling Options in Vancouver",
      "link": "https://sfss.ca/wp-content/uploads/2022/02/reduced-cost-counselling-january-2022-reduced-cost-counselling.pdf",
      "redirect_link": "https://www.google.com/url?sa=t&source=web&rct=j&opi=89978449&url=https://sfss.ca/wp-content/uploads/2022/02/reduced-cost-counselling-january-2022-reduced-cost-counselling.pdf&ved=2ahUKEwj6-ZDIzdKSAxULkyYFHSftD4sQFnoECDkQAQ",
      "displayed_link": "https://sfss.ca \u203a wp-content \u203a uploads \u203a 2022/02",
      "favicon": "https://serpapi.com/searches/698d1298bb48adbeb123d3ab/images/u6vED9jrC84M6JNN2ByRflZPg2A2-0dXWWN4YBayJjs.png",
      "snippet": "Counsellors rotate. Free. Text support also available by texting WELLNESS to 741741. Family Services of the North Shore - 604-988-5281.",
      "snippet_highlighted_words": [
        "Free"
      ],
      "rich_snippet": {
        "top": {
          "detected_extensions": {
            "pages": 9
          },
          "extensions": [
            "9 pages"
          ]
        }
      },
      "about_this_result": {
        "source": {
          "description": "Counsellors rotate. Free. Text support also available by texting WELLNESS to 741741. Family Services of the North Shore - 604-988-5281.",
          "source_info_link": "https://sfss.ca/wp-content/uploads/2022/02/reduced-cost-counselling-january-2022-reduced-cost-counselling.pdf",
          "icon": "https://serpapi.com/searches/698d1298bb48adbeb123d3ab/images/u6vED9jrC84M6JNN2ByRfs6IYPvouIpMXVk0bSd-SdUZ2SINsji2ZWj_-dmaOzE5.png"
        },
        "languages": [
          "en"
        ],
        "regions": [
          "CA"
        ]
      },
      "about_page_link": "https://www.google.com/search?q=About+https://sfss.ca/wp-content/uploads/2022/02/reduced-cost-counselling-january-2022-reduced-cost-counselling.pdf&tbm=ilp",
      "about_page_serpapi_link": "https://serpapi.com/search.json?engine=google_about_this_result&google_domain=google.com&q=About+https%3A%2F%2Fsfss.ca%2Fwp-content%2Fuploads%2F2022%2F02%2Freduced-cost-counselling-january-2022-reduced-cost-counselling.pdf",
      "source": "Simon Fraser Student Society"
    },
    {
      "position": 8,
      "title": "Living Systems Counselling: Affordable Counselling",
      "link": "https://livingsystems.ca/",
      "redirect_link": "https://www.google.com/url?sa=t&source=web&rct=j&opi=89978449&url=https://livingsystems.ca/&ved=2ahUKEwj6-ZDIzdKSAxULkyYFHSftD4sQFnoECDUQAQ",
      "displayed_link": "https://livingsystems.ca",
      "favicon": "https://serpapi.com/searches/698d1298bb48adbeb123d3ab/images/u6vED9jrC84M6JNN2ByRfoh_QOD9Yh6jHMFJfTqM4qA.png",
      "snippet": "Living Systems Counselling - Vancouver BC area. Affordable counselling services for individuals, couples, and families online and in person.",
      "snippet_highlighted_words": [
        "Living Systems Counselling - Vancouver BC area"
      ],
      "about_this_result": {
        "source": {
          "description": "Living Systems Counselling - Vancouver BC area. Affordable counselling services for individuals, couples, and families online and in person.",
          "source_info_link": "https://livingsystems.ca/",
          "icon": "https://serpapi.com/searches/698d1298bb48adbeb123d3ab/images/u6vED9jrC84M6JNN2ByRfjBDOP1_wLrOoMSqQkPQL3-Z2Y64fN_atVcXtSeq0-ji.png"
        },
        "languages": [
          "en"
        ],
        "regions": [
          "CA"
        ]
      },
      "about_page_link": "https://www.google.com/search?q=About+https://livingsystems.ca/&tbm=ilp",
      "about_page_serpapi_link": "https://serpapi.com/search.json?engine=google_about_this_result&google_domain=google.com&q=About+https%3A%2F%2Flivingsystems.ca%2F",
      "source": "Living Systems Counselling"
    }
  ],
  "filters": [
    {
      "name": "Online appointments",
      "parameters": {
        "uds": "ALYpb_ncDc7jTlmw6Mmq7NjuX5c-64NkvR1l8nMDW6IIeeEkzSW0v0m96vBo9OmduJapV72Ru0yrMvKVyWI3Cw9lurooKNCAWWGO351dJdqvB96i_UPl_39y6-5X86iVItcEJS2qXw_RxqRSErZ0HifgoFEoNFOnbSjuONL1XfIQCQbYSYSbZbW53weyfhokkhrX-gc0DDDOAJOCFw2S3fmsw6Gy659lfvWBks83708TqYUSlDyyxqaHcg-SSvYO0Fkl0NlkV1wEGp1obRBJiSCcMBPp5rmhgQ",
        "q": "online appointments Free counselling North Vancouver"
      },
      "link": "https://www.google.com/search?sca_esv=e73d2a95759f60cf&hl=en&gl=ca&q=online+appointments+Free+counselling+North+Vancouver&uds=ALYpb_ncDc7jTlmw6Mmq7NjuX5c-64NkvR1l8nMDW6IIeeEkzSW0v0m96vBo9OmduJapV72Ru0yrMvKVyWI3Cw9lurooKNCAWWGO351dJdqvB96i_UPl_39y6-5X86iVItcEJS2qXw_RxqRSErZ0HifgoFEoNFOnbSjuONL1XfIQCQbYSYSbZbW53weyfhokkhrX-gc0DDDOAJOCFw2S3fmsw6Gy659lfvWBks83708TqYUSlDyyxqaHcg-SSvYO0Fkl0NlkV1wEGp1obRBJiSCcMBPp5rmhgQ&sa=X&ved=2ahUKEwj6-ZDIzdKSAxULkyYFHSftD4sQxKsJKAB6BAgZEAE&ictx=0",
      "serpapi_link": "https://serpapi.com/search.json?device=desktop&engine=google&gl=ca&google_domain=google.com&hl=en&location=Vancouver%2C+British+Columbia%2C+Canada&num=100&q=online+appointments+Free+counselling+North+Vancouver&uds=ALYpb_ncDc7jTlmw6Mmq7NjuX5c-64NkvR1l8nMDW6IIeeEkzSW0v0m96vBo9OmduJapV72Ru0yrMvKVyWI3Cw9lurooKNCAWWGO351dJdqvB96i_UPl_39y6-5X86iVItcEJS2qXw_RxqRSErZ0HifgoFEoNFOnbSjuONL1XfIQCQbYSYSbZbW53weyfhokkhrX-gc0DDDOAJOCFw2S3fmsw6Gy659lfvWBks83708TqYUSlDyyxqaHcg-SSvYO0Fkl0NlkV1wEGp1obRBJiSCcMBPp5rmhgQ"
    },
    {
      "name": "Open now",
      "parameters": {
        "uds": "ALYpb_ncDc7jTlmw6Mmq7NjuX5c-SqVumZDoYjGcJ1MQHkvqjDNis40gU_HaBklKdqIxXVcfKE5OoZJ-engU5lelDZsbsSO_KozYw2-diqViWVz3BxVi8jZpY6g8quDvZCf296msJg0tepfJahBozNiNrwcH0Jw2X7SQjeTue62uJPKVeoKbmAgFfONGAdQOLmRuJ8zLEIsyGH3CfiIZnduKGalecyxUxQ",
        "q": "Free counselling North Vancouver open now"
      },
      "link": "https://www.google.com/search?sca_esv=e73d2a95759f60cf&hl=en&gl=ca&q=Free+counselling+North+Vancouver+open+now&uds=ALYpb_ncDc7jTlmw6Mmq7NjuX5c-SqVumZDoYjGcJ1MQHkvqjDNis40gU_HaBklKdqIxXVcfKE5OoZJ-engU5lelDZsbsSO_KozYw2-diqViWVz3BxVi8jZpY6g8quDvZCf296msJg0tepfJahBozNiNrwcH0Jw2X7SQjeTue62uJPKVeoKbmAgFfONGAdQOLmRuJ8zLEIsyGH3CfiIZnduKGalecyxUxQ&sa=X&ved=2ahUKEwj6-ZDIzdKSAxULkyYFHSftD4sQxKsJKAF6BAgaEAE&ictx=0",
      "serpapi_link": "https://serpapi.com/search.json?device=desktop&engine=google&gl=ca&google_domain=google.com&hl=en&location=Vancouver%2C+British+Columbia%2C+Canada&num=100&q=Free+counselling+North+Vancouver+open+now&uds=ALYpb_ncDc7jTlmw6Mmq7NjuX5c-SqVumZDoYjGcJ1MQHkvqjDNis40gU_HaBklKdqIxXVcfKE5OoZJ-engU5lelDZsbsSO_KozYw2-diqViWVz3BxVi8jZpY6g8quDvZCf296msJg0tepfJahBozNiNrwcH0Jw2X7SQjeTue62uJPKVeoKbmAgFfONGAdQOLmRuJ8zLEIsyGH3CfiIZnduKGalecyxUxQ"
    },
    {
      "name": "Top rated",
      "parameters": {
        "uds": "ALYpb_ncDc7jTlmw6Mmq7NjuX5c-NQ3ByUalfOxoIaUvVX2ytkHtnvLA-zrrbQ9t3Ov7De05z2NaUK6uEem4LKE5M7BFzZPgNQUVVJzNNbH7CeOmKICe-1OO_8_7GwgEG8fBu6CUWKL3m51Cpx7EhMLGueCb6QoT_eMJA2ERW6o54vJpkJNj0_Z4YK7tJo4UVYb4GrTn5r5ecR24KHUR7j2ahUQ9frlXcA",
        "q": "top rated Free counselling North Vancouver"
      },
      "link": "https://www.google.com/search?sca_esv=e73d2a95759f60cf&hl=en&gl=ca&q=top+rated+Free+counselling+North+Vancouver&uds=ALYpb_ncDc7jTlmw6Mmq7NjuX5c-NQ3ByUalfOxoIaUvVX2ytkHtnvLA-zrrbQ9t3Ov7De05z2NaUK6uEem4LKE5M7BFzZPgNQUVVJzNNbH7CeOmKICe-1OO_8_7GwgEG8fBu6CUWKL3m51Cpx7EhMLGueCb6QoT_eMJA2ERW6o54vJpkJNj0_Z4YK7tJo4UVYb4GrTn5r5ecR24KHUR7j2ahUQ9frlXcA&sa=X&ved=2ahUKEwj6-ZDIzdKSAxULkyYFHSftD4sQxKsJKAJ6BAgbEAE&ictx=0",
      "serpapi_link": "https://serpapi.com/search.json?device=desktop&engine=google&gl=ca&google_domain=google.com&hl=en&location=Vancouver%2C+British+Columbia%2C+Canada&num=100&q=top+rated+Free+counselling+North+Vancouver&uds=ALYpb_ncDc7jTlmw6Mmq7NjuX5c-NQ3ByUalfOxoIaUvVX2ytkHtnvLA-zrrbQ9t3Ov7De05z2NaUK6uEem4LKE5M7BFzZPgNQUVVJzNNbH7CeOmKICe-1OO_8_7GwgEG8fBu6CUWKL3m51Cpx7EhMLGueCb6QoT_eMJA2ERW6o54vJpkJNj0_Z4YK7tJo4UVYb4GrTn5r5ecR24KHUR7j2ahUQ9frlXcA"
    }
  ],
  "related_searches": [
    {
      "block_position": 1,
      "query": "Free mental health counselling BC",
      "link": "https://www.google.com/search?sca_esv=e73d2a95759f60cf&hl=en&gl=ca&q=Free+mental+health+counselling+BC&sa=X&ved=2ahUKEwj6-ZDIzdKSAxULkyYFHSftD4sQ1QJ6BAg4EAE",
      "serpapi_link": "https://serpapi.com/search.json?device=desktop&engine=google&gl=ca&google_domain=google.com&hl=en&location=Vancouver%2C+British+Columbia%2C+Canada&num=100&q=Free+mental+health+counselling+BC"
    },
    {
      "block_position": 1,
      "query": "Free counselling Vancouver",
      "link": "https://www.google.com/search?sca_esv=e73d2a95759f60cf&hl=en&gl=ca&q=Free+counselling+Vancouver&sa=X&ved=2ahUKEwj6-ZDIzdKSAxULkyYFHSftD4sQ1QJ6BAhQEAE",
      "serpapi_link": "https://serpapi.com/search.json?device=desktop&engine=google&gl=ca&google_domain=google.com&hl=en&location=Vancouver%2C+British+Columbia%2C+Canada&num=100&q=Free+counselling+Vancouver"
    },
    {
      "block_position": 1,
      "query": "Family counselling North Vancouver",
      "link": "https://www.google.com/search?sca_esv=e73d2a95759f60cf&hl=en&gl=ca&q=Family+counselling+North+Vancouver&sa=X&ved=2ahUKEwj6-ZDIzdKSAxULkyYFHSftD4sQ1QJ6BAhOEAE",
      "serpapi_link": "https://serpapi.com/search.json?device=desktop&engine=google&gl=ca&google_domain=google.com&hl=en&location=Vancouver%2C+British+Columbia%2C+Canada&num=100&q=Family+counselling+North+Vancouver"
    },
    {
      "block_position": 1,
      "query": "Counselling West Vancouver",
      "link": "https://www.google.com/search?sca_esv=e73d2a95759f60cf&hl=en&gl=ca&q=Counselling+West+Vancouver&sa=X&ved=2ahUKEwj6-ZDIzdKSAxULkyYFHSftD4sQ1QJ6BAhMEAE",
      "serpapi_link": "https://serpapi.com/search.json?device=desktop&engine=google&gl=ca&google_domain=google.com&hl=en&location=Vancouver%2C+British+Columbia%2C+Canada&num=100&q=Counselling+West+Vancouver"
    },
    {
      "block_position": 1,
      "query": "Family services North Vancouver",
      "link": "https://www.google.com/search?sca_esv=e73d2a95759f60cf&hl=en&gl=ca&q=Family+services+North+Vancouver&sa=X&ved=2ahUKEwj6-ZDIzdKSAxULkyYFHSftD4sQ1QJ6BAhIEAE",
      "serpapi_link": "https://serpapi.com/search.json?device=desktop&engine=google&gl=ca&google_domain=google.com&hl=en&location=Vancouver%2C+British+Columbia%2C+Canada&num=100&q=Family+services+North+Vancouver"
    },
    {
      "block_position": 1,
      "query": "Free couples counselling vancouver",
      "link": "https://www.google.com/search?sca_esv=e73d2a95759f60cf&hl=en&gl=ca&q=Free+couples+counselling+vancouver&sa=X&ved=2ahUKEwj6-ZDIzdKSAxULkyYFHSftD4sQ1QJ6BAhGEAE",
      "serpapi_link": "https://serpapi.com/search.json?device=desktop&engine=google&gl=ca&google_domain=google.com&hl=en&location=Vancouver%2C+British+Columbia%2C+Canada&num=100&q=Free+couples+counselling+vancouver"
    },
    {
      "block_position": 1,
      "query": "Free counselling Surrey",
      "link": "https://www.google.com/search?sca_esv=e73d2a95759f60cf&hl=en&gl=ca&q=Free+counselling+Surrey&sa=X&ved=2ahUKEwj6-ZDIzdKSAxULkyYFHSftD4sQ1QJ6BAg_EAE",
      "serpapi_link": "https://serpapi.com/search.json?device=desktop&engine=google&gl=ca&google_domain=google.com&hl=en&location=Vancouver%2C+British+Columbia%2C+Canada&num=100&q=Free+counselling+Surrey"
    },
    {
      "block_position": 1,
      "query": "Family Services of the North Shore",
      "link": "https://www.google.com/search?sca_esv=e73d2a95759f60cf&hl=en&gl=ca&q=Family+Services+of+the+North+Shore&sa=X&ved=2ahUKEwj6-ZDIzdKSAxULkyYFHSftD4sQ1QJ6BAg-EAE",
      "serpapi_link": "https://serpapi.com/search.json?device=desktop&engine=google&gl=ca&google_domain=google.com&hl=en&location=Vancouver%2C+British+Columbia%2C+Canada&num=100&q=Family+Services+of+the+North+Shore"
    }
  ],
  "discussions_and_forums": [
    {
      "title": "Plz help, Where can I find Free Mental health support centre in BC",
      "link": "https://www.reddit.com/r/askvan/comments/1k3gb7b/plz_help_where_can_i_find_free_mental_health/",
      "date": "9 months ago",
      "extensions": [
        "r/askvan",
        "20+ comments"
      ],
      "source": "Reddit",
      "answers": [
        {
          "snippet": "Where do you live? If you live in the city of Vancouver, Richmond, North Van etc ie Coastal ...",
          "link": "https://www.reddit.com/r/askvan/comments/1k3gb7b/plz_help_where_can_i_find_free_mental_health/mo1y79h/",
          "extensions": [
            "Top answer",
            "11 votes",
            "9 months ago"
          ]
        },
        {
          "snippet": "If you\u2019re under 25 try Foundry, they have virtual care and low barrier in person options",
          "link": "https://www.reddit.com/r/askvan/comments/1k3gb7b/plz_help_where_can_i_find_free_mental_health/mo3fciv/",
          "extensions": [
            "5 votes",
            "9 months ago"
          ]
        },
        {
          "snippet": "UBC has a free clinic where you can see counselling students (even if you are not a ...",
          "link": "https://www.reddit.com/r/askvan/comments/1k3gb7b/plz_help_where_can_i_find_free_mental_health/mo3r6ws/",
          "extensions": [
            "3 votes",
            "9 months ago"
          ]
        }
      ]
    },
    {
      "title": "Any free local counseling/therapy or depression support groups?",
      "link": "https://www.reddit.com/r/askvan/comments/1isg6gr/any_free_local_counselingtherapy_or_depression/",
      "date": "11 months ago",
      "extensions": [
        "r/askvan",
        "10+ comments"
      ],
      "source": "Reddit",
      "answers": [
        {
          "snippet": "The Vancouver Hospice Society has several free groups and programs, as well as access to free personal counseling for those dealing with loss.",
          "link": "https://www.reddit.com/r/askvan/comments/1isg6gr/any_free_local_counselingtherapy_or_depression/"
        }
      ]
    }
  ],
  "pagination": {
    "current": 1,
    "next": "https://www.google.com/search?q=Free+counselling+North+Vancouver&sca_esv=e73d2a95759f60cf&hl=en&gl=ca&ei=mBKNafrNMYummtkPp9q_2Ag&start=10&sa=N&sstk=Af77f_fQAuQ8dOuK2RbalJZQ1hmon3OZ8xdxZWV2AxEok7zu1nGhVdY3qlesJex6S3ZhTfIGqx039VKSgMhKLNqLsLGHGZ78H3ksmw&ved=2ahUKEwj6-ZDIzdKSAxULkyYFHSftD4sQ8NMDegQICxAW",
    "other_pages": {
      "2": "https://www.google.com/search?q=Free+counselling+North+Vancouver&sca_esv=e73d2a95759f60cf&hl=en&gl=ca&ei=mBKNafrNMYummtkPp9q_2Ag&start=10&sa=N&sstk=Af77f_fQAuQ8dOuK2RbalJZQ1hmon3OZ8xdxZWV2AxEok7zu1nGhVdY3qlesJex6S3ZhTfIGqx039VKSgMhKLNqLsLGHGZ78H3ksmw&ved=2ahUKEwj6-ZDIzdKSAxULkyYFHSftD4sQ8tMDegQICxAE",
      "3": "https://www.google.com/search?q=Free+counselling+North+Vancouver&sca_esv=e73d2a95759f60cf&hl=en&gl=ca&ei=mBKNafrNMYummtkPp9q_2Ag&start=20&sa=N&sstk=Af77f_fQAuQ8dOuK2RbalJZQ1hmon3OZ8xdxZWV2AxEok7zu1nGhVdY3qlesJex6S3ZhTfIGqx039VKSgMhKLNqLsLGHGZ78H3ksmw&ved=2ahUKEwj6-ZDIzdKSAxULkyYFHSftD4sQ8tMDegQICxAG",
      "4": "https://www.google.com/search?q=Free+counselling+North+Vancouver&sca_esv=e73d2a95759f60cf&hl=en&gl=ca&ei=mBKNafrNMYummtkPp9q_2Ag&start=30&sa=N&sstk=Af77f_fQAuQ8dOuK2RbalJZQ1hmon3OZ8xdxZWV2AxEok7zu1nGhVdY3qlesJex6S3ZhTfIGqx039VKSgMhKLNqLsLGHGZ78H3ksmw&ved=2ahUKEwj6-ZDIzdKSAxULkyYFHSftD4sQ8tMDegQICxAI",
      "5": "https://www.google.com/search?q=Free+counselling+North+Vancouver&sca_esv=e73d2a95759f60cf&hl=en&gl=ca&ei=mBKNafrNMYummtkPp9q_2Ag&start=40&sa=N&sstk=Af77f_fQAuQ8dOuK2RbalJZQ1hmon3OZ8xdxZWV2AxEok7zu1nGhVdY3qlesJex6S3ZhTfIGqx039VKSgMhKLNqLsLGHGZ78H3ksmw&ved=2ahUKEwj6-ZDIzdKSAxULkyYFHSftD4sQ8tMDegQICxAK",
      "6": "https://www.google.com/search?q=Free+counselling+North+Vancouver&sca_esv=e73d2a95759f60cf&hl=en&gl=ca&ei=mBKNafrNMYummtkPp9q_2Ag&start=50&sa=N&sstk=Af77f_fQAuQ8dOuK2RbalJZQ1hmon3OZ8xdxZWV2AxEok7zu1nGhVdY3qlesJex6S3ZhTfIGqx039VKSgMhKLNqLsLGHGZ78H3ksmw&ved=2ahUKEwj6-ZDIzdKSAxULkyYFHSftD4sQ8tMDegQICxAM",
      "7": "https://www.google.com/search?q=Free+counselling+North+Vancouver&sca_esv=e73d2a95759f60cf&hl=en&gl=ca&ei=mBKNafrNMYummtkPp9q_2Ag&start=60&sa=N&sstk=Af77f_fQAuQ8dOuK2RbalJZQ1hmon3OZ8xdxZWV2AxEok7zu1nGhVdY3qlesJex6S3ZhTfIGqx039VKSgMhKLNqLsLGHGZ78H3ksmw&ved=2ahUKEwj6-ZDIzdKSAxULkyYFHSftD4sQ8tMDegQICxAO",
      "8": "https://www.google.com/search?q=Free+counselling+North+Vancouver&sca_esv=e73d2a95759f60cf&hl=en&gl=ca&ei=mBKNafrNMYummtkPp9q_2Ag&start=70&sa=N&sstk=Af77f_fQAuQ8dOuK2RbalJZQ1hmon3OZ8xdxZWV2AxEok7zu1nGhVdY3qlesJex6S3ZhTfIGqx039VKSgMhKLNqLsLGHGZ78H3ksmw&ved=2ahUKEwj6-ZDIzdKSAxULkyYFHSftD4sQ8tMDegQICxAQ",
      "9": "https://www.google.com/search?q=Free+counselling+North+Vancouver&sca_esv=e73d2a95759f60cf&hl=en&gl=ca&ei=mBKNafrNMYummtkPp9q_2Ag&start=80&sa=N&sstk=Af77f_fQAuQ8dOuK2RbalJZQ1hmon3OZ8xdxZWV2AxEok7zu1nGhVdY3qlesJex6S3ZhTfIGqx039VKSgMhKLNqLsLGHGZ78H3ksmw&ved=2ahUKEwj6-ZDIzdKSAxULkyYFHSftD4sQ8tMDegQICxAS",
      "10": "https://www.google.com/search?q=Free+counselling+North+Vancouver&sca_esv=e73d2a95759f60cf&hl=en&gl=ca&ei=mBKNafrNMYummtkPp9q_2Ag&start=90&sa=N&sstk=Af77f_fQAuQ8dOuK2RbalJZQ1hmon3OZ8xdxZWV2AxEok7zu1nGhVdY3qlesJex6S3ZhTfIGqx039VKSgMhKLNqLsLGHGZ78H3ksmw&ved=2ahUKEwj6-ZDIzdKSAxULkyYFHSftD4sQ8tMDegQICxAU"
    }
  },
  "serpapi_pagination": {
    "current": 1,
    "next_link": "https://serpapi.com/search.json?device=desktop&engine=google&gl=ca&google_domain=google.com&hl=en&location=Vancouver%2C+British+Columbia%2C+Canada&num=100&q=Free+counselling+North+Vancouver&start=10",
    "next": "https://serpapi.com/search.json?device=desktop&engine=google&gl=ca&google_domain=google.com&hl=en&location=Vancouver%2C+British+Columbia%2C+Canada&num=100&q=Free+counselling+North+Vancouver&start=10",
    "other_pages": {
      "2": "https://serpapi.com/search.json?device=desktop&engine=google&gl=ca&google_domain=google.com&hl=en&location=Vancouver%2C+British+Columbia%2C+Canada&num=100&q=Free+counselling+North+Vancouver&start=10",
      "3": "https://serpapi.com/search.json?device=desktop&engine=google&gl=ca&google_domain=google.com&hl=en&location=Vancouver%2C+British+Columbia%2C+Canada&num=100&q=Free+counselling+North+Vancouver&start=20",
      "4": "https://serpapi.com/search.json?device=desktop&engine=google&gl=ca&google_domain=google.com&hl=en&location=Vancouver%2C+British+Columbia%2C+Canada&num=100&q=Free+counselling+North+Vancouver&start=30",
      "5": "https://serpapi.com/search.json?device=desktop&engine=google&gl=ca&google_domain=google.com&hl=en&location=Vancouver%2C+British+Columbia%2C+Canada&num=100&q=Free+counselling+North+Vancouver&start=40",
      "6": "https://serpapi.com/search.json?device=desktop&engine=google&gl=ca&google_domain=google.com&hl=en&location=Vancouver%2C+British+Columbia%2C+Canada&num=100&q=Free+counselling+North+Vancouver&start=50",
      "7": "https://serpapi.com/search.json?device=desktop&engine=google&gl=ca&google_domain=google.com&hl=en&location=Vancouver%2C+British+Columbia%2C+Canada&num=100&q=Free+counselling+North+Vancouver&start=60",
      "8": "https://serpapi.com/search.json?device=desktop&engine=google&gl=ca&google_domain=google.com&hl=en&location=Vancouver%2C+British+Columbia%2C+Canada&num=100&q=Free+counselling+North+Vancouver&start=70",
      "9": "https://serpapi.com/search.json?device=desktop&engine=google&gl=ca&google_domain=google.com&hl=en&location=Vancouver%2C+British+Columbia%2C+Canada&num=100&q=Free+counselling+North+Vancouver&start=80",
      "10": "https://serpapi.com/search.json?device=desktop&engine=google&gl=ca&google_domain=google.com&hl=en&location=Vancouver%2C+British+Columbia%2C+Canada&num=100&q=Free+counselling+North+Vancouver&start=90"
    }
  }
}
2026-02-11 15:36:59,330 [INFO]   - Fetching main SERP for 'Marriage and family therapist Vancouver'...
2026-02-11 15:36:59,331 [INFO] API Call Parameters: {
  "engine": "google",
  "q": "Marriage and family therapist Vancouver",
  "location": "Vancouver, British Columbia, Canada",
  "hl": "en",
  "gl": "ca",
  "api_key": "80246e7f119bec99fb11757ceabf48bdfd83445d568dd6aa3288fbc9c7e5d32a",
  "num": 100,
  "device": "desktop",
  "no_cache": true
}
2026-02-11 15:37:01,300 [INFO] API Return Message: {
  "search_metadata": {
    "id": "698d129b19c5f664170f7338",
    "status": "Success",
    "json_endpoint": "https://serpapi.com/searches/qo6REFvcZqh8r9hcauBS4w/698d129b19c5f664170f7338.json",
    "pixel_position_endpoint": "https://serpapi.com/searches/qo6REFvcZqh8r9hcauBS4w/698d129b19c5f664170f7338.json_with_pixel_position",
    "created_at": "2026-02-11 23:36:59 UTC",
    "processed_at": "2026-02-11 23:36:59 UTC",
    "google_url": "https://www.google.com/search?q=Marriage+and+family+therapist+Vancouver&oq=Marriage+and+family+therapist+Vancouver&uule=w+CAIQICIhVmFuY291dmVyLEJyaXRpc2ggQ29sdW1iaWEsQ2FuYWRh&hl=en&gl=ca&num=100&sourceid=chrome&ie=UTF-8",
    "raw_html_file": "https://serpapi.com/searches/qo6REFvcZqh8r9hcauBS4w/698d129b19c5f664170f7338.html",
    "total_time_taken": 1.67
  },
  "search_parameters": {
    "engine": "google",
    "q": "Marriage and family therapist Vancouver",
    "location_requested": "Vancouver, British Columbia, Canada",
    "location_used": "Vancouver,British Columbia,Canada",
    "google_domain": "google.com",
    "hl": "en",
    "gl": "ca",
    "num": "100",
    "device": "desktop"
  },
  "search_information": {
    "query_displayed": "Marriage and family therapist Vancouver",
    "total_results": 383000,
    "time_taken_displayed": 0.36,
    "organic_results_state": "Results for exact spelling"
  },
  "local_map": {
    "image": "https://www.google.com/maps/vt/data=nlTxcErjW9aakVKVIXEmvgMp3xbj7pxr4-ucrrLsoXM-aT61bo4wQLDUS_HuO6dCHqy8Ptv7cyW7_Qle2uBDDrmwsqr5sqE3bgZWpj6Q1H2i8Hkt6tsnJJJ2fEbhFBljF9wH2PdvoQ84t8NV-9iJepIzGUSpcPpmET-fSSFtwoxn9Y8eUyjaKZNQ48IRKCd2YCEgFmJn2b4TgfOtFxSkM7U4xIvSwKuVLIY400fddIzRec3hWQCEtHP4IBqH1-2GMvnq0pHVnGIG_YrNYlOpRnOh5_6-Pydfl6xcwG-wDQFIQ-0lVDx0yLR4i2ESaqTJrlRqZpAVILYxEHrBCHueyi0u3o9GlJq4kCnD__KAoR9nlNT83plJwLfMGupj9oKO1e7xOJuvplOlI7C-1I32TbVfrgtJv_B8rHRMh4ggJijyM9Z91SIcqF1yiZ2pv_Ifwq9jwPUUmQmBEl8jcgtDcoB9O8LrgckVxZl9sSHt8gQjl2JD3PMZG_cAJtxu8VReJTmGy4R3cxsLGO24Q75et3oF8GSGQ-ZPs-_b3fkuY51HNG4X5xGJ2YhYwtGjLk57wl5U0KGSh6cx0KgUbRL-g3nuRtu9vZXefeZjW3aUIV-1XEV-6NEEOolFgnwwMr5jEvekpIiP3nEV4sUWfwugmqGvDjbb8is05iCd8ZBsDgQF_cX-KrXeZXvG_2YGUHvNgWyfhrd3aC12I1wurQzahiLmlzyGyGdkpdT0vbtRaDLS0-iUrPRum16o13K4D4rAx6RHQcV8aQ5aVxF9JVS32XDvNYZ5g11SkyCcKMT-QS9ggYaI112IVqG5z0YdEpwqooCpcSyBzxnK59M-_oRFel6S4DfqVsxcO67w8B__umiuEurk5z7k9irNlKqLIYYNjzjybxDajm_rCPJZyAOZjUgh3itJTBFrsPtWdsORONUiDHx3iuMD4RarR9j5JYi_i36vqpVTWn5zoR-RD-QXp3fchTY35WjCeu4bAVTKxlgZvELuITAPnnfjEAkNpDK2az7GJZ4JvOjuIcHNLamiuIY94vluMpAmF1cQxkvJFLm999pwpJTUWaEFKPpMAyW3ezOI_V4kQtU0zTqiGlUgR3_DT52RN3u8sfpU2APeTtBR0strXlbZHyWB93RXBS-uzA3iBFy3FQph_oMfCJQh9XnwOPpxLAgdASatW96G7z252pItdtxgDy-0gC8h28ov89LbVdD9uY9ch0nAUG-De_B7IC5073lnCPfzUGfFRviQogYH7WrSZDDDolLFuuzK9mRrQnfDaOis5_z1wQvwPYfjzb5tCuT0uuV2IyuZg12Skqx2aaAz8z2h_tYdpC5jnP9SoLQrsDVw-Z7e2qXUE9GBR6yYP3AtzSXLIGhaclxNZFQYmmflnE2U9Nqrp7M8jzY9DYAREXFFQ2v9Fq0I8RnAtbOFcPKhpZCnhBZHen-Y686fp4ajR_Luu8ihsU_k7LwHmaqMo3fMzsqC3RqND-k2otZeflGb3Z_Fe6Dx8KahVeVyOCNSGzp8UHV9zh-yhnQOJR8fVc3w3StzAGNedvovUnNrhzXQvNwyTd1K1Iw4ZnF3ob6MYFT7SQxqBqwZwI_X6Wl_3Loz6oy_W8kjKrAigi7qR5fBq1jgKTfU-QzcxAQvR1YyGeOCAxc1kXye-GFiuAokEf0ScZ9drwSYfs4MwrPzZFROYmPSRyLNiZaKz_JcrVLBaiFPvYvziu1QfU_92XmOKxGhL3aFVYPiTTxqroHCW0U9OanMiKxglzF8gLrVLLQQ3oLV-_fL3dwCxbmAf3o2cwsfMdkU1Hi5WBodcMrQD-KLLHvAPeBBNKRUvZmRn-y9j_86TrR8BQOnwB1DW-s41Zw3o3fkhwLtYs00cIc-OqOMx4_XWtA_aa0-M8pnSEP2L9pc1EA_a1wBSxMeGo2wqX_llR5IhsWb-4Yvp0IaWCQY3-zxeHCttNMW1HA6LH3iun4tMJ6v33O33kpPv3sDEruutnMuQnm3_H-_axFEOSv5C639b3ImtoprmongPkJ3oj_DcKJDk3k-h-darRWbBiThe9NPybgaRUGYtCDrYMlDrG4OPU8YZJ8sG0uaBn5fGW20bwFUn_g1NNq5aMOx2U4RpsR1v_4yQbNCdD6T-7rRrGDTjxgqBcwdYirjbDrFwVC0AayNNl-rDd58d8ywDXsGMhBB1gMZt27RyIwRNaDy_HpeQD1MhzREl7l1JXPI6LdKO-78Il9f1oinrp8BRDDjfB8NVHH57_228YOQXhQxXgAgrniHeIgfx8RsssWzDAEAulwVvJp5zr8eNhmDaOgxle7zoqIALmr6VjyaLC0VSZyYhgBAydJZiCoDXn3WZ837HcISDRGEtIEXuAiyNPQSu-PNMaYuPGdlRGJMaWnjVfDmOhfW-dg8rpWnACssN6ojxFAJuTOzvirGHEn1aJTCm2AkcDOZISS7AZz0_J3XxEb5Ts9x_VQoojyTwnv4zb85wsW83p_KtuECozwyTetM1jNB7MuDfceoFGUh62jLXn94-zG6N6t86XkrOCFruCPWnNa-slvmTKKYxxTXOEorRUUb00d4esE1ZKRvzMcO6MyMBdwQwZi3oIKL1bboYzItznFiYpcN-wFuZQ4a03wAu536WwkLo8dm",
    "gps_coordinates": {
      "latitude": 49.27491688,
      "longitude": -123.1202602
    }
  },
  "local_results": {
    "places": [
      {
        "position": 1,
        "rating": 4.8,
        "reviews": 99,
        "reviews_original": "(99)",
        "description": "\"Kolby is an amazing couple's counselor.\"",
        "lsig": "AB86z5VD828MnUfZumy6g8_fqL9e",
        "links": {
          "website": "http://www.blueskywellnessclinic.ca/?utm_source=google&utm_medium=organic&utm_campaign=gmb",
          "directions": "https://www.google.com/maps/dir//Blue+Sky+Counselling+%2B+Wellness+Clinic,+999+W+Broadway+Suite+590,+Vancouver,+BC+V5Z+1K5/data=!4m6!4m5!1m1!4e2!1m2!1m1!1s0x5486737603b86a7d:0x205b853ef28beece?sa=X&ved=2ahUKEwjUkuHJzdKSAxXJIxAIHbV_KwQQ48ADegQIJxAA&hl=en&gl=ca",
          "schedule": "https://blueskywellnessclinic.janeapp.com/locations/blue-sky-counselling-wellness-clinic/book?hl=en-CA&gei=nBKNadTUDcnHwPAPtf-tIQ&rwg_token=AFd1xnFNik9iGikjTz4K7kTN8E5w3qm0IVOj0QdbZ3CuVfA9_LBy4J8sORFLNVKKTUlOT25T0s6N5Zt-COgnOwkwMNqEu3222A%3D%3D&source=cat"
        },
        "place_id": "2331603737498087118",
        "place_id_search": "https://serpapi.com/search.json?device=desktop&engine=google&gl=ca&google_domain=google.com&hl=en&location=Vancouver%2C+British+Columbia%2C+Canada&ludocid=2331603737498087118&num=100&q=Marriage+and+family+therapist+Vancouver",
        "gps_coordinates": {
          "latitude": 49.263515,
          "longitude": -123.12633
        },
        "title": "Blue Sky Counselling + Wellness Clinic",
        "type": "Marriage or relationship counselor",
        "phone": "(604) 428-6046",
        "address": "999 W Broadway Suite 590",
        "hours": "Open \u00b7 Closes 9 p.m."
      },
      {
        "position": 2,
        "rating": 4.9,
        "reviews": 57,
        "reviews_original": "(57)",
        "description": "\"I have been so fortunate to receive counselling services from Estairia Hong.\"",
        "lsig": "AB86z5UWIoFluuy0K5QZrq26o2Jz",
        "links": {
          "website": "https://thrivedowntown.com/?utm_source=GBP&utm_medium=organic&utm_campaign=Google+Business+Profile&utm_id=Google+Business+Profile",
          "directions": "https://www.google.com/maps/dir//Thrive+Downtown+Counselling+Centre,+470+Granville+St+%23518,+Vancouver,+BC+V6C+1V5/data=!4m6!4m5!1m1!4e2!1m2!1m1!1s0x548671789b9f2cef:0x194088d452f40aa?sa=X&ved=2ahUKEwjUkuHJzdKSAxXJIxAIHbV_KwQQ48ADegQIJRAA&hl=en&gl=ca"
        },
        "place_id": "113725293435240618",
        "place_id_search": "https://serpapi.com/search.json?device=desktop&engine=google&gl=ca&google_domain=google.com&hl=en&location=Vancouver%2C+British+Columbia%2C+Canada&ludocid=113725293435240618&num=100&q=Marriage+and+family+therapist+Vancouver",
        "gps_coordinates": {
          "latitude": 49.28472,
          "longitude": -123.11424
        },
        "title": "Thrive Downtown Counselling Centre",
        "type": "Marriage or relationship counselor",
        "phone": "(604) 227-0297",
        "address": "470 Granville St #518",
        "hours": "Open \u00b7 Closes 8 p.m."
      },
      {
        "position": 3,
        "rating": 4.9,
        "reviews": 39,
        "reviews_original": "(39)",
        "description": "\"I had never experienced a counsellor who was so thorough!\"",
        "lsig": "AB86z5VK_AuGLrWcTTq1Ir89nekB",
        "links": {
          "website": "https://counsellingservicesvancouver.com/",
          "directions": "https://www.google.com/maps/dir//Stewart+%26+Associates+Counselling+Services+Inc.,+1118+Homer+St+Suite+227,+Vancouver,+BC+V6B+6L5/data=!4m6!4m5!1m1!4e2!1m2!1m1!1s0x548673d6897df7d9:0xa098eb4609fa9d8d?sa=X&ved=2ahUKEwjUkuHJzdKSAxXJIxAIHbV_KwQQ48ADegQIJhAA&hl=en&gl=ca"
        },
        "place_id": "11572257928576146829",
        "place_id_search": "https://serpapi.com/search.json?device=desktop&engine=google&gl=ca&google_domain=google.com&hl=en&location=Vancouver%2C+British+Columbia%2C+Canada&ludocid=11572257928576146829&num=100&q=Marriage+and+family+therapist+Vancouver",
        "gps_coordinates": {
          "latitude": 49.275784,
          "longitude": -123.12183
        },
        "title": "Stewart & Associates Counselling Services Inc.",
        "type": "Marriage or relationship counselor",
        "phone": "(604) 687-7171",
        "address": "1118 Homer St Suite 227",
        "hours": "Open \u00b7 Closes 5 p.m."
      }
    ],
    "more_locations_link": "https://www.google.com/search?q=Marriage+and+family+therapist+Vancouver&sca_esv=e73d2a95759f60cf&hl=en&gl=ca&udm=1&lsack=nBKNadTUDcnHwPAPtf-tIQ&sa=X&ved=2ahUKEwjUkuHJzdKSAxXJIxAIHbV_KwQQjGp6BAgvEAA"
  },
  "organic_results": [
    {
      "position": 1,
      "title": "Vancouver Couple & Family Institute",
      "link": "https://vcfi.ca/",
      "redirect_link": "https://www.google.com/url?sa=t&source=web&rct=j&opi=89978449&url=https://vcfi.ca/&ved=2ahUKEwjUkuHJzdKSAxXJIxAIHbV_KwQQFnoECB0QAQ",
      "displayed_link": "https://vcfi.ca",
      "favicon": "https://serpapi.com/searches/698d129b19c5f664170f7338/images/sziWRqA56TnOkgoNkkPjwuqI9Pu0fSfUsnkYxq-nO9g.png",
      "snippet": "We help individuals, couples, and families reach their personal goals and build strong bonds in their most important relationships.",
      "snippet_highlighted_words": [
        "We help individuals, couples, and families"
      ],
      "about_this_result": {
        "source": {
          "description": "We help individuals, couples, and families reach their personal goals and build strong bonds in their most important relationships.",
          "source_info_link": "https://vcfi.ca/",
          "icon": "https://serpapi.com/searches/698d129b19c5f664170f7338/images/sziWRqA56TnOkgoNkkPjwpSAboQ04yPDlimBi3pRfVhC91G2bzBb6uw9e10Lz3fd.png"
        },
        "languages": [
          "en"
        ],
        "regions": [
          "CA"
        ]
      },
      "about_page_link": "https://www.google.com/search?q=About+https://vcfi.ca/&tbm=ilp",
      "about_page_serpapi_link": "https://serpapi.com/search.json?engine=google_about_this_result&google_domain=google.com&q=About+https%3A%2F%2Fvcfi.ca%2F",
      "source": "Vancouver Couple & Family Institute"
    },
    {
      "position": 2,
      "title": "Marriage Counselling Therapists in Vancouver, BC",
      "link": "https://www.psychologytoday.com/ca/therapists/bc/vancouver?category=marriage-counselling",
      "redirect_link": "https://www.google.com/url?sa=t&source=web&rct=j&opi=89978449&url=https://www.psychologytoday.com/ca/therapists/bc/vancouver%3Fcategory%3Dmarriage-counselling&ved=2ahUKEwjUkuHJzdKSAxXJIxAIHbV_KwQQFnoECB8QAQ",
      "displayed_link": "https://www.psychologytoday.com \u203a ... \u203a Vancouver",
      "favicon": "https://serpapi.com/searches/698d129b19c5f664170f7338/images/sziWRqA56TnOkgoNkkPjwokaNKPpjXN1aXJUvCrGPac.png",
      "snippet": "Find the Right Marriage Counselling Therapist in Vancouver, BC - Christina Gaspar, MEd, BEd; Rami Nijjar, PhD; Edita Lorinczova, RCC, MACP; Anna Nicol, RCC, ...",
      "snippet_highlighted_words": [
        "Christina Gaspar, MEd, BEd"
      ],
      "about_this_result": {
        "source": {
          "description": "Find the Right Marriage Counselling Therapist in Vancouver, BC - Christina Gaspar, MEd, BEd; Rami Nijjar, PhD; Edita Lorinczova, RCC, MACP; Anna Nicol, RCC, ...",
          "source_info_link": "https://www.psychologytoday.com/ca/therapists/bc/vancouver?category=marriage-counselling",
          "icon": "https://serpapi.com/searches/698d129b19c5f664170f7338/images/sziWRqA56TnOkgoNkkPjwnoCapZ3qu3WBWLgtMkgvSNobpwXrG2g4T4GGBQ9QX6X.png"
        },
        "languages": [
          "en"
        ],
        "regions": [
          "CA"
        ]
      },
      "about_page_link": "https://www.google.com/search?q=About+https://www.psychologytoday.com/ca/therapists/bc/vancouver?category=marriage-counselling&tbm=ilp",
      "about_page_serpapi_link": "https://serpapi.com/search.json?engine=google_about_this_result&google_domain=google.com&q=About+https%3A%2F%2Fwww.psychologytoday.com%2Fca%2Ftherapists%2Fbc%2Fvancouver%3Fcategory%3Dmarriage-counselling",
      "source": "Psychology Today"
    },
    {
      "position": 3,
      "title": "Marriage & Couples Counselling Online",
      "link": "https://counsellingbc.com/counsellors?approach%5B0%5D=marriage%20%26%20couples%20counselling",
      "redirect_link": "https://www.google.com/url?sa=t&source=web&rct=j&opi=89978449&url=https://counsellingbc.com/counsellors%3Fapproach%255B0%255D%3Dmarriage%2520%2526%2520couples%2520counselling&ved=2ahUKEwjUkuHJzdKSAxXJIxAIHbV_KwQQFnoECBwQAQ",
      "displayed_link": "https://counsellingbc.com \u203a counsellors \u203a approach[0]=...",
      "favicon": "https://serpapi.com/searches/698d129b19c5f664170f7338/images/sziWRqA56TnOkgoNkkPjwqKB1ka2z9HHCIHIX6l2GTY.png",
      "snippet": "Kate Nova is a registered clinical counsellor who helps individuals and couples move through anxiety, low mood, disconnection, and relationship strain toward ...",
      "snippet_highlighted_words": [
        "Kate Nova is a registered clinical counsellor"
      ],
      "about_this_result": {
        "source": {
          "description": "Kate Nova is a registered clinical counsellor who helps individuals and couples move through anxiety, low mood, disconnection, and relationship strain toward ...",
          "source_info_link": "https://counsellingbc.com/counsellors?approach%5B0%5D=marriage%20%26%20couples%20counselling",
          "icon": "https://serpapi.com/searches/698d129b19c5f664170f7338/images/sziWRqA56TnOkgoNkkPjwqocDelEP6WnHSCOwwJr0Uo8At6VmCqtbx3kfepfustS.png"
        },
        "languages": [
          "en"
        ],
        "regions": [
          "CA"
        ]
      },
      "about_page_link": "https://www.google.com/search?q=About+https://counsellingbc.com/counsellors?approach%5B0%5D=marriage%20%26%20couples%20counselling&tbm=ilp",
      "about_page_serpapi_link": "https://serpapi.com/search.json?engine=google_about_this_result&google_domain=google.com&q=About+https%3A%2F%2Fcounsellingbc.com%2Fcounsellors%3Fapproach%255B0%255D%3Dmarriage%2520%2526%2520couples%2520counselling",
      "source": "CounsellingBC"
    },
    {
      "position": 4,
      "title": "One Oak Counselling \u2013 Burnaby & Vancouver's Top Rated ...",
      "link": "https://burnabycounsellors.com/",
      "redirect_link": "https://www.google.com/url?sa=t&source=web&rct=j&opi=89978449&url=https://burnabycounsellors.com/&ved=2ahUKEwjUkuHJzdKSAxXJIxAIHbV_KwQQFnoECEYQAQ",
      "displayed_link": "https://burnabycounsellors.com",
      "favicon": "https://serpapi.com/searches/698d129b19c5f664170f7338/images/sziWRqA56TnOkgoNkkPjwqOoZQ2nn_pe30EoRpCrVtw.png",
      "snippet": "One Oak Counselling provides individual, relationship, and family therapy using strength-based, CBT, and Narrative Therapy approaches.",
      "snippet_highlighted_words": [
        "provides individual, relationship, and family therapy"
      ],
      "about_this_result": {
        "source": {
          "description": "One Oak Counselling provides individual, relationship, and family therapy using strength-based, CBT, and Narrative Therapy approaches.",
          "source_info_link": "https://burnabycounsellors.com/",
          "icon": "https://serpapi.com/searches/698d129b19c5f664170f7338/images/sziWRqA56TnOkgoNkkPjwsEyjiUi33DCF9X4MXByFdxD6XOY3tlXARquDR1t5ffL.png"
        },
        "languages": [
          "en"
        ],
        "regions": [
          "CA"
        ]
      },
      "about_page_link": "https://www.google.com/search?q=About+https://burnabycounsellors.com/&tbm=ilp",
      "about_page_serpapi_link": "https://serpapi.com/search.json?engine=google_about_this_result&google_domain=google.com&q=About+https%3A%2F%2Fburnabycounsellors.com%2F",
      "source": "One Oak Counselling"
    },
    {
      "position": 5,
      "title": "Couples and Relationship Counselling Vancouver",
      "link": "https://www.blueskywellnessclinic.ca/marriage-and-relationship-issues/",
      "redirect_link": "https://www.google.com/url?sa=t&source=web&rct=j&opi=89978449&url=https://www.blueskywellnessclinic.ca/marriage-and-relationship-issues/&ved=2ahUKEwjUkuHJzdKSAxXJIxAIHbV_KwQQFnoECE4QAQ",
      "displayed_link": "https://www.blueskywellnessclinic.ca \u203a marriage-and-rel...",
      "favicon": "https://serpapi.com/searches/698d129b19c5f664170f7338/images/sziWRqA56TnOkgoNkkPjwpAbAk_zY_pz7gFb3LjPde8.png",
      "snippet": "Our counsellors at Blue Sky Wellness Clinic have extensive training in various modalities and real-world experience with multiple relationship types.",
      "rich_snippet": {
        "bottom": {
          "detected_extensions": {
            "price_from": 180.0,
            "price_to": 220.0,
            "currency": "$",
            "rating": 4.8,
            "reviews": 99
          },
          "extensions": [
            "$180.00 to $220.00",
            "4.8(99)"
          ]
        }
      },
      "about_this_result": {
        "source": {
          "description": "Our counsellors at Blue Sky Wellness Clinic have extensive training in various modalities and real-world experience with multiple relationship types.",
          "source_info_link": "https://www.blueskywellnessclinic.ca/marriage-and-relationship-issues/",
          "icon": "https://serpapi.com/searches/698d129b19c5f664170f7338/images/sziWRqA56TnOkgoNkkPjwoKQALP9e5lZOnnNsggkX3oLDkSVRCM_uBhPOppKvtlo.png"
        },
        "languages": [
          "en"
        ],
        "regions": [
          "CA"
        ]
      },
      "about_page_link": "https://www.google.com/search?q=About+https://www.blueskywellnessclinic.ca/marriage-and-relationship-issues/&tbm=ilp",
      "about_page_serpapi_link": "https://serpapi.com/search.json?engine=google_about_this_result&google_domain=google.com&q=About+https%3A%2F%2Fwww.blueskywellnessclinic.ca%2Fmarriage-and-relationship-issues%2F",
      "source": "Blue Sky Wellness Clinic"
    },
    {
      "position": 6,
      "title": "ABOUT",
      "link": "https://susangamache.com/about/",
      "redirect_link": "https://www.google.com/url?sa=t&source=web&rct=j&opi=89978449&url=https://susangamache.com/about/&ved=2ahUKEwjUkuHJzdKSAxXJIxAIHbV_KwQQFnoECEcQAQ",
      "displayed_link": "https://susangamache.com \u203a about",
      "snippet": "Dr Susan Gamache is a Psychologist and MFT in private practice. She is a therapist, parent educator, mediator, trainer, author and media consultant. How ...",
      "snippet_highlighted_words": [
        "Dr Susan Gamache is a Psychologist and MFT in private practice"
      ],
      "about_this_result": {
        "source": {
          "description": "Dr Susan Gamache is a Psychologist and MFT in private practice. She is a therapist, parent educator, mediator, trainer, author and media consultant. How ...",
          "source_info_link": "https://susangamache.com/about/"
        },
        "languages": [
          "en"
        ],
        "regions": [
          "CA"
        ]
      },
      "about_page_link": "https://www.google.com/search?q=About+https://susangamache.com/about/&tbm=ilp",
      "about_page_serpapi_link": "https://serpapi.com/search.json?engine=google_about_this_result&google_domain=google.com&q=About+https%3A%2F%2Fsusangamache.com%2Fabout%2F",
      "source": "Susan Gamache"
    },
    {
      "position": 7,
      "title": "Home | Dr. Stephen Madigan Couples Therapist ...",
      "link": "https://www.stephenmadigan.ca/",
      "redirect_link": "https://www.google.com/url?sa=t&source=web&rct=j&opi=89978449&url=https://www.stephenmadigan.ca/&ved=2ahUKEwjUkuHJzdKSAxXJIxAIHbV_KwQQFnoECEsQAQ",
      "displayed_link": "https://www.stephenmadigan.ca",
      "favicon": "https://serpapi.com/searches/698d129b19c5f664170f7338/images/sziWRqA56TnOkgoNkkPjwihAV2HENNI4wMXrgb4eg2k.png",
      "date": "May 20, 2024",
      "snippet": "Stephen is an award winning couple therapist who holds an MSW and, MSc and PhD in Couple and Family Therapy.",
      "snippet_highlighted_words": [
        "Stephen is an award winning couple therapist"
      ],
      "about_this_result": {
        "source": {
          "description": "Stephen is an award winning couple therapist who holds an MSW and, MSc and PhD in Couple and Family Therapy.",
          "source_info_link": "https://www.stephenmadigan.ca/",
          "icon": "https://serpapi.com/searches/698d129b19c5f664170f7338/images/sziWRqA56TnOkgoNkkPjwvk7H7v06kzQbGIN8u669uvN563zlTW4NdadXJodTvGV.png"
        },
        "languages": [
          "en"
        ],
        "regions": [
          "CA"
        ]
      },
      "about_page_link": "https://www.google.com/search?q=About+https://www.stephenmadigan.ca/&tbm=ilp",
      "about_page_serpapi_link": "https://serpapi.com/search.json?engine=google_about_this_result&google_domain=google.com&q=About+https%3A%2F%2Fwww.stephenmadigan.ca%2F",
      "source": "stephenmadigan.ca"
    },
    {
      "position": 8,
      "title": "Couples & Marriage Therapy in Vancouver & Throughout BC",
      "link": "https://www.jerichocounselling.com/couples-marriage-counselling/",
      "redirect_link": "https://www.google.com/url?sa=t&source=web&rct=j&opi=89978449&url=https://www.jerichocounselling.com/couples-marriage-counselling/&ved=2ahUKEwjUkuHJzdKSAxXJIxAIHbV_KwQQFnoECEoQAQ",
      "displayed_link": "https://www.jerichocounselling.com \u203a couples-marriage...",
      "favicon": "https://serpapi.com/searches/698d129b19c5f664170f7338/images/sziWRqA56TnOkgoNkkPjwsokN0ss5P55MdNFo36LRLQ.png",
      "snippet": "Our Counsellors have extensive training and experience providing marriage and relationship therapy. We use very active, 'here and now' approaches.",
      "snippet_highlighted_words": [
        "marriage",
        "therapy"
      ],
      "about_this_result": {
        "source": {
          "description": "Our Counsellors have extensive training and experience providing marriage and relationship therapy. We use very active, 'here and now' approaches.",
          "source_info_link": "https://www.jerichocounselling.com/couples-marriage-counselling/",
          "icon": "https://serpapi.com/searches/698d129b19c5f664170f7338/images/sziWRqA56TnOkgoNkkPjwsExYwxO6PC2Plr03Ajvu_gcGnKUgmEKieLmUm4jeElw.png"
        },
        "languages": [
          "en"
        ],
        "regions": [
          "CA"
        ]
      },
      "about_page_link": "https://www.google.com/search?q=About+https://www.jerichocounselling.com/couples-marriage-counselling/&tbm=ilp",
      "about_page_serpapi_link": "https://serpapi.com/search.json?engine=google_about_this_result&google_domain=google.com&q=About+https%3A%2F%2Fwww.jerichocounselling.com%2Fcouples-marriage-counselling%2F",
      "source": "Jericho Counselling"
    }
  ],
  "filters": [
    {
      "name": "Online appointments",
      "parameters": {
        "uds": "ALYpb_ncDc7jTlmw6Mmq7NjuX5c-wtnP9KNrZwkpJrg7zPaYLUc55J1_38GrlgAXrDhV_6FgnPQonJmnO4mbd4O38YbLAkB0anQmGIrXzsaoeE32ayiPYIURs5obX1qRDNFJPGOUKjXFBnUhQB9qWWujnVhMi7wfZtwDeJjp4xxP99uZni5c-xfwKHZ90k7l71Jzf_A1UnIDo-GnZurJmXnuf6xnALQK4iq4K2_a0FJqHf1JVjeePfTHz9aoQcCuHtFx3EZjmIgjFMAhPYXU4FdOaRrANyKHk-30Y3Saacb3ZBGe7aEatfU",
        "q": "online appointments Marriage and family therapist Vancouver"
      },
      "link": "https://www.google.com/search?sca_esv=e73d2a95759f60cf&hl=en&gl=ca&q=online+appointments+Marriage+and+family+therapist+Vancouver&uds=ALYpb_ncDc7jTlmw6Mmq7NjuX5c-wtnP9KNrZwkpJrg7zPaYLUc55J1_38GrlgAXrDhV_6FgnPQonJmnO4mbd4O38YbLAkB0anQmGIrXzsaoeE32ayiPYIURs5obX1qRDNFJPGOUKjXFBnUhQB9qWWujnVhMi7wfZtwDeJjp4xxP99uZni5c-xfwKHZ90k7l71Jzf_A1UnIDo-GnZurJmXnuf6xnALQK4iq4K2_a0FJqHf1JVjeePfTHz9aoQcCuHtFx3EZjmIgjFMAhPYXU4FdOaRrANyKHk-30Y3Saacb3ZBGe7aEatfU&sa=X&ved=2ahUKEwjUkuHJzdKSAxXJIxAIHbV_KwQQxKsJKAB6BAgXEAE&ictx=0",
      "serpapi_link": "https://serpapi.com/search.json?device=desktop&engine=google&gl=ca&google_domain=google.com&hl=en&location=Vancouver%2C+British+Columbia%2C+Canada&num=100&q=online+appointments+Marriage+and+family+therapist+Vancouver&uds=ALYpb_ncDc7jTlmw6Mmq7NjuX5c-wtnP9KNrZwkpJrg7zPaYLUc55J1_38GrlgAXrDhV_6FgnPQonJmnO4mbd4O38YbLAkB0anQmGIrXzsaoeE32ayiPYIURs5obX1qRDNFJPGOUKjXFBnUhQB9qWWujnVhMi7wfZtwDeJjp4xxP99uZni5c-xfwKHZ90k7l71Jzf_A1UnIDo-GnZurJmXnuf6xnALQK4iq4K2_a0FJqHf1JVjeePfTHz9aoQcCuHtFx3EZjmIgjFMAhPYXU4FdOaRrANyKHk-30Y3Saacb3ZBGe7aEatfU"
    },
    {
      "name": "Open now",
      "parameters": {
        "uds": "ALYpb_ncDc7jTlmw6Mmq7NjuX5c-9Cfw4T646Io9PWWXsdpg0heyWmpwAwPpwK4wqv08vKk7zn5SJBbxtzNhz4HaWQR3IIK3TZfGX61z4z6WUb51H1gN9TlpUADhqrVw9-FR1nm8QE1jZqGIPHtG-gzYtb7nTEN61F7Cp89xMwBG1epBmEF80F1LliqSc55sThIRWunw7jnoolv5VptG6C-PbVzzs1fO_s9dsvYCmPSNCMz1ivdrVoY",
        "q": "Marriage and family therapist Vancouver open now"
      },
      "link": "https://www.google.com/search?sca_esv=e73d2a95759f60cf&hl=en&gl=ca&q=Marriage+and+family+therapist+Vancouver+open+now&uds=ALYpb_ncDc7jTlmw6Mmq7NjuX5c-9Cfw4T646Io9PWWXsdpg0heyWmpwAwPpwK4wqv08vKk7zn5SJBbxtzNhz4HaWQR3IIK3TZfGX61z4z6WUb51H1gN9TlpUADhqrVw9-FR1nm8QE1jZqGIPHtG-gzYtb7nTEN61F7Cp89xMwBG1epBmEF80F1LliqSc55sThIRWunw7jnoolv5VptG6C-PbVzzs1fO_s9dsvYCmPSNCMz1ivdrVoY&sa=X&ved=2ahUKEwjUkuHJzdKSAxXJIxAIHbV_KwQQxKsJKAF6BAgWEAE&ictx=0",
      "serpapi_link": "https://serpapi.com/search.json?device=desktop&engine=google&gl=ca&google_domain=google.com&hl=en&location=Vancouver%2C+British+Columbia%2C+Canada&num=100&q=Marriage+and+family+therapist+Vancouver+open+now&uds=ALYpb_ncDc7jTlmw6Mmq7NjuX5c-9Cfw4T646Io9PWWXsdpg0heyWmpwAwPpwK4wqv08vKk7zn5SJBbxtzNhz4HaWQR3IIK3TZfGX61z4z6WUb51H1gN9TlpUADhqrVw9-FR1nm8QE1jZqGIPHtG-gzYtb7nTEN61F7Cp89xMwBG1epBmEF80F1LliqSc55sThIRWunw7jnoolv5VptG6C-PbVzzs1fO_s9dsvYCmPSNCMz1ivdrVoY"
    },
    {
      "name": "Top rated",
      "parameters": {
        "uds": "ALYpb_ncDc7jTlmw6Mmq7NjuX5c-o1vkPvvdFPlnCIVKReJ5ze51SGr14ra9iwLARAad75GyVaVOt3_qQtNSelENvyzpe4QImPAovQYlgKrT6ct8COOvwyc5_tBH5U1WZNlBroM9-hp8t6Bd1FXxOOp5ookhUcUfs4JcfW0MII5V5uQNrahRvGFk_Y2ossTi8FdB54LjLUE-g5T_UvCqFOIKGI7aLElpVLPd-iOkVnc_Eq2rv4LSsHw",
        "q": "top rated Marriage and family therapist Vancouver"
      },
      "link": "https://www.google.com/search?sca_esv=e73d2a95759f60cf&hl=en&gl=ca&q=top+rated+Marriage+and+family+therapist+Vancouver&uds=ALYpb_ncDc7jTlmw6Mmq7NjuX5c-o1vkPvvdFPlnCIVKReJ5ze51SGr14ra9iwLARAad75GyVaVOt3_qQtNSelENvyzpe4QImPAovQYlgKrT6ct8COOvwyc5_tBH5U1WZNlBroM9-hp8t6Bd1FXxOOp5ookhUcUfs4JcfW0MII5V5uQNrahRvGFk_Y2ossTi8FdB54LjLUE-g5T_UvCqFOIKGI7aLElpVLPd-iOkVnc_Eq2rv4LSsHw&sa=X&ved=2ahUKEwjUkuHJzdKSAxXJIxAIHbV_KwQQxKsJKAJ6BAgZEAE&ictx=0",
      "serpapi_link": "https://serpapi.com/search.json?device=desktop&engine=google&gl=ca&google_domain=google.com&hl=en&location=Vancouver%2C+British+Columbia%2C+Canada&num=100&q=top+rated+Marriage+and+family+therapist+Vancouver&uds=ALYpb_ncDc7jTlmw6Mmq7NjuX5c-o1vkPvvdFPlnCIVKReJ5ze51SGr14ra9iwLARAad75GyVaVOt3_qQtNSelENvyzpe4QImPAovQYlgKrT6ct8COOvwyc5_tBH5U1WZNlBroM9-hp8t6Bd1FXxOOp5ookhUcUfs4JcfW0MII5V5uQNrahRvGFk_Y2ossTi8FdB54LjLUE-g5T_UvCqFOIKGI7aLElpVLPd-iOkVnc_Eq2rv4LSsHw"
    }
  ],
  "related_searches": [
    {
      "block_position": 1,
      "query": "Couples counselling Vancouver",
      "link": "https://www.google.com/search?sca_esv=e73d2a95759f60cf&hl=en&gl=ca&q=Couples+counselling+Vancouver&sa=X&ved=2ahUKEwjUkuHJzdKSAxXJIxAIHbV_KwQQ1QJ6BAhFEAE",
      "serpapi_link": "https://serpapi.com/search.json?device=desktop&engine=google&gl=ca&google_domain=google.com&hl=en&location=Vancouver%2C+British+Columbia%2C+Canada&num=100&q=Couples+counselling+Vancouver"
    },
    {
      "block_position": 1,
      "query": "Best couples counselling Vancouver",
      "link": "https://www.google.com/search?sca_esv=e73d2a95759f60cf&hl=en&gl=ca&q=Best+couples+counselling+Vancouver&sa=X&ved=2ahUKEwjUkuHJzdKSAxXJIxAIHbV_KwQQ1QJ6BAhQEAE",
      "serpapi_link": "https://serpapi.com/search.json?device=desktop&engine=google&gl=ca&google_domain=google.com&hl=en&location=Vancouver%2C+British+Columbia%2C+Canada&num=100&q=Best+couples+counselling+Vancouver"
    },
    {
      "block_position": 1,
      "query": "Couples counselling Vancouver Reddit",
      "link": "https://www.google.com/search?sca_esv=e73d2a95759f60cf&hl=en&gl=ca&q=Couples+counselling+Vancouver+Reddit&sa=X&ved=2ahUKEwjUkuHJzdKSAxXJIxAIHbV_KwQQ1QJ6BAhUEAE",
      "serpapi_link": "https://serpapi.com/search.json?device=desktop&engine=google&gl=ca&google_domain=google.com&hl=en&location=Vancouver%2C+British+Columbia%2C+Canada&num=100&q=Couples+counselling+Vancouver+Reddit"
    },
    {
      "block_position": 1,
      "query": "Gottman Method Couples Therapy Vancouver",
      "link": "https://www.google.com/search?sca_esv=e73d2a95759f60cf&hl=en&gl=ca&q=Gottman+Method+Couples+Therapy+Vancouver&sa=X&ved=2ahUKEwjUkuHJzdKSAxXJIxAIHbV_KwQQ1QJ6BAhJEAE",
      "serpapi_link": "https://serpapi.com/search.json?device=desktop&engine=google&gl=ca&google_domain=google.com&hl=en&location=Vancouver%2C+British+Columbia%2C+Canada&num=100&q=Gottman+Method+Couples+Therapy+Vancouver"
    },
    {
      "block_position": 1,
      "query": "Couples counselling -- Burnaby",
      "link": "https://www.google.com/search?sca_esv=e73d2a95759f60cf&hl=en&gl=ca&q=Couples+counselling+--+Burnaby&sa=X&ved=2ahUKEwjUkuHJzdKSAxXJIxAIHbV_KwQQ1QJ6BAhNEAE",
      "serpapi_link": "https://serpapi.com/search.json?device=desktop&engine=google&gl=ca&google_domain=google.com&hl=en&location=Vancouver%2C+British+Columbia%2C+Canada&num=100&q=Couples+counselling+--+Burnaby"
    },
    {
      "block_position": 1,
      "query": "Vancouver couple and Family Institute",
      "link": "https://www.google.com/search?sca_esv=e73d2a95759f60cf&hl=en&gl=ca&q=Vancouver+couple+and+Family+Institute&sa=X&ved=2ahUKEwjUkuHJzdKSAxXJIxAIHbV_KwQQ1QJ6BAhPEAE",
      "serpapi_link": "https://serpapi.com/search.json?device=desktop&engine=google&gl=ca&google_domain=google.com&hl=en&location=Vancouver%2C+British+Columbia%2C+Canada&num=100&q=Vancouver+couple+and+Family+Institute"
    },
    {
      "block_position": 1,
      "query": "Couples counselling Coquitlam",
      "link": "https://www.google.com/search?sca_esv=e73d2a95759f60cf&hl=en&gl=ca&q=Couples+counselling+Coquitlam&sa=X&ved=2ahUKEwjUkuHJzdKSAxXJIxAIHbV_KwQQ1QJ6BAhMEAE",
      "serpapi_link": "https://serpapi.com/search.json?device=desktop&engine=google&gl=ca&google_domain=google.com&hl=en&location=Vancouver%2C+British+Columbia%2C+Canada&num=100&q=Couples+counselling+Coquitlam"
    },
    {
      "block_position": 1,
      "query": "Couples therapy Surrey",
      "link": "https://www.google.com/search?sca_esv=e73d2a95759f60cf&hl=en&gl=ca&q=Couples+therapy+Surrey&sa=X&ved=2ahUKEwjUkuHJzdKSAxXJIxAIHbV_KwQQ1QJ6BAhIEAE",
      "serpapi_link": "https://serpapi.com/search.json?device=desktop&engine=google&gl=ca&google_domain=google.com&hl=en&location=Vancouver%2C+British+Columbia%2C+Canada&num=100&q=Couples+therapy+Surrey"
    }
  ],
  "discussions_and_forums": [
    {
      "title": "Any recommendations for couples councelling or programs to boost ...",
      "link": "https://www.reddit.com/r/vancouver/comments/18wy3qw/any_recommendations_for_couples_councelling_or/",
      "date": "2 years ago",
      "extensions": [
        "r/vancouver",
        "10+ comments"
      ],
      "source": "Reddit",
      "answers": [
        {
          "snippet": "This is a low barrier place to start. They are some of the top experts in this area. https://www.got ...",
          "link": "https://www.reddit.com/r/vancouver/comments/18wy3qw/any_recommendations_for_couples_councelling_or/kg0rx4v/",
          "extensions": [
            "Top answer",
            "19 votes",
            "2 years ago"
          ]
        },
        {
          "snippet": "https://alexagelles.com/ I spoke with her ...",
          "link": "https://www.reddit.com/r/vancouver/comments/18wy3qw/any_recommendations_for_couples_councelling_or/kg0roem/",
          "extensions": [
            "14 votes",
            "2 years ago"
          ]
        },
        {
          "snippet": "Steadfast. Great peeps.",
          "link": "https://www.reddit.com/r/vancouver/comments/18wy3qw/any_recommendations_for_couples_councelling_or/kg1f8ih/",
          "extensions": [
            "4 votes",
            "2 years ago"
          ]
        }
      ]
    },
    {
      "title": "Where/How can I start looking for a therapist?",
      "link": "https://www.reddit.com/r/NiceVancouver/comments/1gllfv3/wherehow_can_i_start_looking_for_a_therapist/",
      "date": "1 year ago",
      "extensions": [
        "r/NiceVancouver",
        "40+ comments"
      ],
      "source": "Reddit",
      "answers": [
        {
          "snippet": "CounsellingBC: Psychologists, Counsellors ...",
          "link": "https://www.reddit.com/r/NiceVancouver/comments/1gllfv3/wherehow_can_i_start_looking_for_a_therapist/lvv6721/",
          "extensions": [
            "Top answer",
            "15 votes",
            "a year ago"
          ]
        },
        {
          "snippet": "We found our Therapist through word of mouth as we were looking specifically for a ...",
          "link": "https://www.reddit.com/r/NiceVancouver/comments/1gllfv3/wherehow_can_i_start_looking_for_a_therapist/n4erxfv/",
          "extensions": [
            "13 votes",
            "6 months ago"
          ]
        },
        {
          "snippet": "Psychology Today",
          "link": "https://www.reddit.com/r/NiceVancouver/comments/1gllfv3/wherehow_can_i_start_looking_for_a_therapist/lvwlb0m/",
          "extensions": [
            "7 votes",
            "a year ago"
          ]
        }
      ]
    }
  ],
  "pagination": {
    "current": 1,
    "next": "https://www.google.com/search?q=Marriage+and+family+therapist+Vancouver&sca_esv=e73d2a95759f60cf&hl=en&gl=ca&ei=nBKNadTUDcnHwPAPtf-tIQ&start=10&sa=N&sstk=Af77f_fkfmYXqpfw9kOmvHZqIN_5K8tTajL3k8L0qOYuAUea1hObotrc3fVtALAHc18YGAjVGI3kr1ZIu2-iR7KcNKmBE2zxPcKrUw&ved=2ahUKEwjUkuHJzdKSAxXJIxAIHbV_KwQQ8NMDegQIDBAW",
    "other_pages": {
      "2": "https://www.google.com/search?q=Marriage+and+family+therapist+Vancouver&sca_esv=e73d2a95759f60cf&hl=en&gl=ca&ei=nBKNadTUDcnHwPAPtf-tIQ&start=10&sa=N&sstk=Af77f_fkfmYXqpfw9kOmvHZqIN_5K8tTajL3k8L0qOYuAUea1hObotrc3fVtALAHc18YGAjVGI3kr1ZIu2-iR7KcNKmBE2zxPcKrUw&ved=2ahUKEwjUkuHJzdKSAxXJIxAIHbV_KwQQ8tMDegQIDBAE",
      "3": "https://www.google.com/search?q=Marriage+and+family+therapist+Vancouver&sca_esv=e73d2a95759f60cf&hl=en&gl=ca&ei=nBKNadTUDcnHwPAPtf-tIQ&start=20&sa=N&sstk=Af77f_fkfmYXqpfw9kOmvHZqIN_5K8tTajL3k8L0qOYuAUea1hObotrc3fVtALAHc18YGAjVGI3kr1ZIu2-iR7KcNKmBE2zxPcKrUw&ved=2ahUKEwjUkuHJzdKSAxXJIxAIHbV_KwQQ8tMDegQIDBAG",
      "4": "https://www.google.com/search?q=Marriage+and+family+therapist+Vancouver&sca_esv=e73d2a95759f60cf&hl=en&gl=ca&ei=nBKNadTUDcnHwPAPtf-tIQ&start=30&sa=N&sstk=Af77f_fkfmYXqpfw9kOmvHZqIN_5K8tTajL3k8L0qOYuAUea1hObotrc3fVtALAHc18YGAjVGI3kr1ZIu2-iR7KcNKmBE2zxPcKrUw&ved=2ahUKEwjUkuHJzdKSAxXJIxAIHbV_KwQQ8tMDegQIDBAI",
      "5": "https://www.google.com/search?q=Marriage+and+family+therapist+Vancouver&sca_esv=e73d2a95759f60cf&hl=en&gl=ca&ei=nBKNadTUDcnHwPAPtf-tIQ&start=40&sa=N&sstk=Af77f_fkfmYXqpfw9kOmvHZqIN_5K8tTajL3k8L0qOYuAUea1hObotrc3fVtALAHc18YGAjVGI3kr1ZIu2-iR7KcNKmBE2zxPcKrUw&ved=2ahUKEwjUkuHJzdKSAxXJIxAIHbV_KwQQ8tMDegQIDBAK",
      "6": "https://www.google.com/search?q=Marriage+and+family+therapist+Vancouver&sca_esv=e73d2a95759f60cf&hl=en&gl=ca&ei=nBKNadTUDcnHwPAPtf-tIQ&start=50&sa=N&sstk=Af77f_fkfmYXqpfw9kOmvHZqIN_5K8tTajL3k8L0qOYuAUea1hObotrc3fVtALAHc18YGAjVGI3kr1ZIu2-iR7KcNKmBE2zxPcKrUw&ved=2ahUKEwjUkuHJzdKSAxXJIxAIHbV_KwQQ8tMDegQIDBAM",
      "7": "https://www.google.com/search?q=Marriage+and+family+therapist+Vancouver&sca_esv=e73d2a95759f60cf&hl=en&gl=ca&ei=nBKNadTUDcnHwPAPtf-tIQ&start=60&sa=N&sstk=Af77f_fkfmYXqpfw9kOmvHZqIN_5K8tTajL3k8L0qOYuAUea1hObotrc3fVtALAHc18YGAjVGI3kr1ZIu2-iR7KcNKmBE2zxPcKrUw&ved=2ahUKEwjUkuHJzdKSAxXJIxAIHbV_KwQQ8tMDegQIDBAO",
      "8": "https://www.google.com/search?q=Marriage+and+family+therapist+Vancouver&sca_esv=e73d2a95759f60cf&hl=en&gl=ca&ei=nBKNadTUDcnHwPAPtf-tIQ&start=70&sa=N&sstk=Af77f_fkfmYXqpfw9kOmvHZqIN_5K8tTajL3k8L0qOYuAUea1hObotrc3fVtALAHc18YGAjVGI3kr1ZIu2-iR7KcNKmBE2zxPcKrUw&ved=2ahUKEwjUkuHJzdKSAxXJIxAIHbV_KwQQ8tMDegQIDBAQ",
      "9": "https://www.google.com/search?q=Marriage+and+family+therapist+Vancouver&sca_esv=e73d2a95759f60cf&hl=en&gl=ca&ei=nBKNadTUDcnHwPAPtf-tIQ&start=80&sa=N&sstk=Af77f_fkfmYXqpfw9kOmvHZqIN_5K8tTajL3k8L0qOYuAUea1hObotrc3fVtALAHc18YGAjVGI3kr1ZIu2-iR7KcNKmBE2zxPcKrUw&ved=2ahUKEwjUkuHJzdKSAxXJIxAIHbV_KwQQ8tMDegQIDBAS",
      "10": "https://www.google.com/search?q=Marriage+and+family+therapist+Vancouver&sca_esv=e73d2a95759f60cf&hl=en&gl=ca&ei=nBKNadTUDcnHwPAPtf-tIQ&start=90&sa=N&sstk=Af77f_fkfmYXqpfw9kOmvHZqIN_5K8tTajL3k8L0qOYuAUea1hObotrc3fVtALAHc18YGAjVGI3kr1ZIu2-iR7KcNKmBE2zxPcKrUw&ved=2ahUKEwjUkuHJzdKSAxXJIxAIHbV_KwQQ8tMDegQIDBAU"
    }
  },
  "serpapi_pagination": {
    "current": 1,
    "next_link": "https://serpapi.com/search.json?device=desktop&engine=google&gl=ca&google_domain=google.com&hl=en&location=Vancouver%2C+British+Columbia%2C+Canada&num=100&q=Marriage+and+family+therapist+Vancouver&start=10",
    "next": "https://serpapi.com/search.json?device=desktop&engine=google&gl=ca&google_domain=google.com&hl=en&location=Vancouver%2C+British+Columbia%2C+Canada&num=100&q=Marriage+and+family+therapist+Vancouver&start=10",
    "other_pages": {
      "2": "https://serpapi.com/search.json?device=desktop&engine=google&gl=ca&google_domain=google.com&hl=en&location=Vancouver%2C+British+Columbia%2C+Canada&num=100&q=Marriage+and+family+therapist+Vancouver&start=10",
      "3": "https://serpapi.com/search.json?device=desktop&engine=google&gl=ca&google_domain=google.com&hl=en&location=Vancouver%2C+British+Columbia%2C+Canada&num=100&q=Marriage+and+family+therapist+Vancouver&start=20",
      "4": "https://serpapi.com/search.json?device=desktop&engine=google&gl=ca&google_domain=google.com&hl=en&location=Vancouver%2C+British+Columbia%2C+Canada&num=100&q=Marriage+and+family+therapist+Vancouver&start=30",
      "5": "https://serpapi.com/search.json?device=desktop&engine=google&gl=ca&google_domain=google.com&hl=en&location=Vancouver%2C+British+Columbia%2C+Canada&num=100&q=Marriage+and+family+therapist+Vancouver&start=40",
      "6": "https://serpapi.com/search.json?device=desktop&engine=google&gl=ca&google_domain=google.com&hl=en&location=Vancouver%2C+British+Columbia%2C+Canada&num=100&q=Marriage+and+family+therapist+Vancouver&start=50",
      "7": "https://serpapi.com/search.json?device=desktop&engine=google&gl=ca&google_domain=google.com&hl=en&location=Vancouver%2C+British+Columbia%2C+Canada&num=100&q=Marriage+and+family+therapist+Vancouver&start=60",
      "8": "https://serpapi.com/search.json?device=desktop&engine=google&gl=ca&google_domain=google.com&hl=en&location=Vancouver%2C+British+Columbia%2C+Canada&num=100&q=Marriage+and+family+therapist+Vancouver&start=70",
      "9": "https://serpapi.com/search.json?device=desktop&engine=google&gl=ca&google_domain=google.com&hl=en&location=Vancouver%2C+British+Columbia%2C+Canada&num=100&q=Marriage+and+family+therapist+Vancouver&start=80",
      "10": "https://serpapi.com/search.json?device=desktop&engine=google&gl=ca&google_domain=google.com&hl=en&location=Vancouver%2C+British+Columbia%2C+Canada&num=100&q=Marriage+and+family+therapist+Vancouver&start=90"
    }
  }
}
