2026-02-11 15:07:25,893 [INFO]   - Fetching main SERP for 'Free counselling North Vancouver'...
2026-02-11 15:07:25,893 [INFO] API Call Parameters: {
  "engine": "google",
  "q": "Free counselling North Vancouver",
  "location": "Vancouver, British Columbia, Canada",
  "hl": "en",
  "gl": "ca",
  "api_key": "80246e7f119bec99fb11757ceabf48bdfd83445d568dd6aa3288fbc9c7e5d32a",
  "num": 100,
  "device": "desktop",
  "no_cache": true
}
2026-02-11 15:07:30,473 [INFO] API Return Message: {
  "search_metadata": {
    "id": "698d0baeb8b4a58ad21cc01e",
    "status": "Success",
    "json_endpoint": "https://serpapi.com/searches/waPAda5t5wB5lWgKVLsejQ/698d0baeb8b4a58ad21cc01e.json",
    "pixel_position_endpoint": "https://serpapi.com/searches/waPAda5t5wB5lWgKVLsejQ/698d0baeb8b4a58ad21cc01e.json_with_pixel_position",
    "created_at": "2026-02-11 23:07:26 UTC",
    "processed_at": "2026-02-11 23:07:26 UTC",
    "google_url": "https://www.google.com/search?q=Free+counselling+North+Vancouver&oq=Free+counselling+North+Vancouver&uule=w+CAIQICIhVmFuY291dmVyLEJyaXRpc2ggQ29sdW1iaWEsQ2FuYWRh&hl=en&gl=ca&num=100&sourceid=chrome&ie=UTF-8",
    "raw_html_file": "https://serpapi.com/searches/waPAda5t5wB5lWgKVLsejQ/698d0baeb8b4a58ad21cc01e.html",
    "total_time_taken": 4.07
  },
  "search_parameters": {
    "engine": "google",
    "q": "Free counselling North Vancouver",
    "location_requested": "Vancouver, British Columbia, Canada",
    "location_used": "Vancouver,British Columbia,Canada",
    "google_domain": "google.com",
    "hl": "en",
    "gl": "ca",
    "num": "100",
    "device": "desktop"
  },
  "search_information": {
    "query_displayed": "Free counselling North Vancouver",
    "total_results": 4660000,
    "time_taken_displayed": 0.67,
    "organic_results_state": "Results for exact spelling"
  },
  "local_map": {
    "image": "https://www.google.com/maps/vt/data=ddrZZlGoevSlWdci8IR3NeE0OahEIOXoZKd0uMKp0cHrJr4WP7xOXunnrC4QgDFEMmUFd9mvW2DUtyONN9KUJjrvGfd52KzkNNEA13RqIZuffa5sATkoqCfR0SNflKb4kdSIu2P_GMm0n8OZVqMdyAC74PRy6CXLdaU6dBaVt2F7EF6i8HPCy0YKNIgbJQEYC2UexV98riTT13Han9HViKoOjueU7MU0wTLsXaEFq83D-nwNiPz-tWS_5lK-8Nb4GgI4Nj07DtCVcNcxh9kSiW9syK8-oMBcNp2hOoXDEwrakXkUBkr8GaaeZI8BMs1P2MH967UasRwzrZiPl1yrh3L_Xvo32vtFm5ekQFy8HNnNcN4uVTyweq2e4YOzy2gFUXU464F0OASjSBKfrlozzYqjI8ThCDdBcpmACpYIi4-Jz-Zidv_dRFeKKF7NMtsqkcEWZtAWElEqhgZzeC5pMjE3qN26goTEzusfOj8laFAhg9dBtrCkKXzmIk0ezroNRzE1vvAoGhB2N2fpD-NbdNTEPgwbgMGef4p79mSQfpoDKkFr91zaW8pDI9qCUvyOTzomrzEQCa_xtO9X8Oa-Z039n56ihK4um6B-_8Wdowoz4wBKr42Rv_-Y1MxrrZUPrsi3l7g25lDTGWXs6eCL1tOnoyo2v8xZo7BCyLw8ZyYXSvU1PJgaRtGs2CevZWGa8RkA-J_ml5aMiqfHwiY9KfydeZaqetMqEsQzx-cf8n_t5BZ1hW2-gKFPJPhHZWjJEtGS82M9ODED1rLaM5YQWrr_4nL79-fefWm1A2l__8DwSdu5McwE2boIFz40C-AprpDvdPhPZkEizEGa95WHqCyoq10pvxr7ONcCV2OpXj1PgBoNNeCibJyDa-h9hLEVGr1QvM8nnXmxz3blGLY87vigbebhFT26tiidiZpxc5kAFokxQjzUMlHpcXX2lKMdlHCd8pyEE-aXbKhhWwyPLHnjtBgJrNSmgAgSazLalfI8vkX0SFsTBXaSSMTuE_NfkJLeBXf46GfHK_U3jtSAbvlNEF2huTd3YClQ1RpFABpcdlDmTZ47dJSB9KPyYYJ7skXGKqvXvOwmy3H5rb2_Gi2StNfLmpdBgy5frVVdTdwBRJN4VS_jQ1aodciyOiVDlZBBzzm2bVsBMGVkiMfEBXYTuGYvEjHslfdo9oe2RoKBkAtlUAg2UvUX6nXVxhW_XarhyX4qdMvzpmTpw20rMaU0aL_zziTBU9s6SfaMITfuCaPadScRlwTuI4YwwXG7BJ5IStscVjKVQPnyen471MxGCUems4t0zfsAYKOv-sl5K2PyN4oiTmh_U5IoxRikt_mN-lJAPvcsEl5Vxbq7nhPEhismOEwgY5yzR1v_vtccYfqQqjSvShk6H98ImuMPem92i2V09AxhqBpvUHGggZEH4aby4uFu7VENQIFw2vdcMgv290GVfbU6my2GhvGqghi-mnr7Y2wpDhOttVfI5-vLuOxyjFpOjxYGsODtpHQ3Vca8JuCQCeLOb3GRPXU6P-D-igj2WZ9JeVwEWKZsbPKQzm0TxQmEVsrWpd_NggBSt5zHqQynNy_4tZYlZL7GqJMzobFR4NV7kNxMhaQR4WRi6drWkAwQiM3gWOSDTbcXdgBrVy8tc-ysM_K4EYkujUJVu4rOQNMWkooEJnp5AulQc6YPeTMmTXjrMR6mBjWzrz95pcl5JizprQSUMLn6UxG_mUJ7VMXMkkFSaWWbQfJVW0KWMRRocscCjhDH8pi34XIe24dPOoVzJDPdvQ84sDgi7SFHLD5V1gGUctztrVDGnFnFvZ9PyCwBaRByjf-Q_GYo1uitVol9YxYx_YfgP8TZomko1IyqKSCR4hZc84fS5Xtyn-9uwMpDMWym0OOOH_msCCeNGfY0VeYXB1gGx_QdGxWQZbUs2e1MDJa3QiS3r3FzfurdKSH9es3C4bQKgy9w0kcEnqDQNddFuwqUYc84OoI4Kp6tiam-zq-VkEuxRAE11YqvdYdu_Bec0BBT-l_7L1Y3v0oz0Fy2sbkwSKqUR3QkZbmaf9y0M-K759x6DfZ8qeDhyEb-wy_CLaNCza3JQ26Zjl0o4ZDe65EPowHSSQsosPbyi8vVRLl08t6Vadcv9njE3FpPwWvLX3Bq2Q6xhL7NL1mOY6XnISjtEzclFJ_y4avxNALVd4tMbU84jmya3tPnzpRzFEPHTlB-nRdXA-IlQTHKKw5l-6pYB6LP05fpWL-QfxAPFvcyc3mU5Chp6lzDRGOtpcOg1Cm96AqVqZgwJ40u5URegOMGB41rtE3tnLQmWog62TxbhrKx-8kWTl0QnBrpvbGI8faWHtS8JVc-5Z41lRhXJ6uro6qVg69mNdGGx2uel0B14oHTnfexpWwhf1k5wdgZlAjPD6pzCJ9wEAyGYkuNgFyswqJpfTpRzwtjhjFJ7GE-AzMPXXHBnZ_zrowDCcMK1l7BSKxpz4YJA8zrfiDiZJhUQRY56M23FL40_v1WEA",
    "gps_coordinates": {
      "latitude": 49.30542664,
      "longitude": -123.0980301
    }
  },
  "local_results": {
    "places": [
      {
        "position": 1,
        "rating": 4.4,
        "reviews": 9,
        "reviews_original": "(9)",
        "description": "\"I had counseling from here .\"",
        "lsig": "AB86z5UfmH45iqENINNhDZV_ftNP",
        "links": {
          "website": "http://www.familyservices.bc.ca/",
          "directions": "https://www.google.com/maps/dir//Family+Services+of+the+North+Shore,+1111+Lonsdale+Ave+%23203,+North+Vancouver,+BC+V7M+2H4/data=!4m6!4m5!1m1!4e2!1m2!1m1!1s0x54866e19e52d1e77:0x12866c802bb7ceba?sa=X&ved=2ahUKEwip9JT9xtKSAxVaOFkFHR3iCWEQ48ADegQIIBAA&hl=en&gl=ca"
        },
        "place_id": "1334873637307010746",
        "place_id_search": "https://serpapi.com/search.json?device=desktop&engine=google&gl=ca&google_domain=google.com&hl=en&location=Vancouver%2C+British+Columbia%2C+Canada&ludocid=1334873637307010746&num=100&q=Free+counselling+North+Vancouver",
        "gps_coordinates": {
          "latitude": 49.318233,
          "longitude": -123.07287
        },
        "title": "Family Services of the North Shore",
        "type": "Family service center",
        "phone": "(604) 988-5281",
        "address": "1111 Lonsdale Ave #203",
        "hours": "Closes soon \u00b7 4 p.m."
      },
      {
        "position": 2,
        "rating": 4.8,
        "reviews": 32,
        "reviews_original": "(32)",
        "description": "\"Every time I finished my sessions with Claudine I felt lighter and lighter.\"",
        "lsig": "AB86z5XXhy8X6IAEonjNLXOlqZsj",
        "links": {
          "website": "http://www.bachcounselling.com/",
          "directions": "https://www.google.com/maps/dir//Bach+Counselling+-+North+Vancouver,+145+15th+St+W+%23303,+North+Vancouver,+BC+V7M+1R9/data=!4m6!4m5!1m1!4e2!1m2!1m1!1s0x54867038124aa237:0xe8f0fa138c7b5be8?sa=X&ved=2ahUKEwip9JT9xtKSAxVaOFkFHR3iCWEQ48ADegQIJRAA&hl=en&gl=ca"
        },
        "place_id": "16785190773078055912",
        "place_id_search": "https://serpapi.com/search.json?device=desktop&engine=google&gl=ca&google_domain=google.com&hl=en&location=Vancouver%2C+British+Columbia%2C+Canada&ludocid=16785190773078055912&num=100&q=Free+counselling+North+Vancouver",
        "gps_coordinates": {
          "latitude": 49.321968,
          "longitude": -123.07443
        },
        "title": "Bach Counselling - North Vancouver",
        "type": "Counselor",
        "phone": "(604) 904-0898",
        "address": "145 15th St W #303",
        "hours": "Open \u00b7 Closes 9 p.m."
      },
      {
        "position": 3,
        "rating": 3.8,
        "reviews": 37,
        "reviews_original": "(37)",
        "description": "\"Wonderful place to get mental heath support as a youth or a young adult.\"",
        "lsig": "AB86z5WcsMv7LevLBFc-csDRVuw2",
        "links": {
          "website": "https://foundrybc.ca/northshore/",
          "directions": "https://www.google.com/maps/dir//Foundry+North+Shore,+211+W+1st+St,+North+Vancouver,+BC+V7M+1C9/data=!4m6!4m5!1m1!4e2!1m2!1m1!1s0x5486704b6616d1bf:0x96ebf00f936b2a65?sa=X&ved=2ahUKEwip9JT9xtKSAxVaOFkFHR3iCWEQ48ADegQIHxAA&hl=en&gl=ca"
        },
        "place_id": "10875049674904644197",
        "place_id_search": "https://serpapi.com/search.json?device=desktop&engine=google&gl=ca&google_domain=google.com&hl=en&location=Vancouver%2C+British+Columbia%2C+Canada&ludocid=10875049674904644197&num=100&q=Free+counselling+North+Vancouver",
        "gps_coordinates": {
          "latitude": 49.313316,
          "longitude": -123.08243
        },
        "title": "Foundry North Shore",
        "type": "Youth social services organization",
        "phone": "(604) 984-5060",
        "address": "211 W 1st St",
        "hours": "Open \u00b7 Closes 5 p.m."
      }
    ],
    "more_locations_link": "https://www.google.com/search?q=Free+counselling+North+Vancouver&sca_esv=e8bb71c9cc7ce2dd&hl=en&gl=ca&udm=1&lsack=sAuNaancO9rw5NoPncSniAY&sa=X&ved=2ahUKEwip9JT9xtKSAxVaOFkFHR3iCWEQjGp6BAguEAA"
  },
  "related_questions": [
    {
      "question": "How to get free counselling in BC?",
      "type": "ai_overview",
      "text_blocks": [
        {
          "type": "paragraph",
          "snippet": "You can get free counselling in BC through government lines like 811 or 211, non-profits such as the CMHA, youth services like Foundry BC, Indigenous-specific support like the Hope for Wellness Helpline, and specialized online services like Free Counselling Canada, often connecting you with local, low-cost, or sliding-scale options and immediate crisis support.",
          "snippet_highlighted_words": [
            "through government lines like 811 or 211, non-profits such as the CMHA, youth services like Foundry BC, Indigenous-specific support like the Hope for Wellness Helpline, and specialized online services like Free Counselling Canada"
          ],
          "reference_indexes": [
            0,
            2,
            3,
            4
          ]
        },
        {
          "type": "paragraph",
          "snippet": "Immediate Crisis Support (24/7)"
        },
        {
          "type": "list",
          "list": [
            {
              "snippet": "988 Suicide Crisis Helpline: Call or text 988.",
              "reference_indexes": [
                6,
                8
              ]
            },
            {
              "snippet": "BC Mental Health Support Line: Call 310-6789 (no area code) for emotional support and resources.",
              "snippet_links": [
                {
                  "text": "BC Mental Health Support Line",
                  "link": "https://www.google.com/search?sca_esv=e8bb71c9cc7ce2dd&hl=en&gl=ca&q=BC+Mental+Health+Support+Line&sa=X&ved=2ahUKEwip9JT9xtKSAxVaOFkFHR3iCWEQxccNegUIkAEQAQ"
                }
              ],
              "reference_indexes": [
                0,
                1,
                4
              ]
            },
            {
              "snippet": "KUU-US Crisis Line: 1-800-588-8717 for Indigenous peoples.",
              "snippet_links": [
                {
                  "text": "KUU-US Crisis Line",
                  "link": "https://www.google.com/search?sca_esv=e8bb71c9cc7ce2dd&hl=en&gl=ca&q=KUU-US+Crisis+Line&sa=X&ved=2ahUKEwip9JT9xtKSAxVaOFkFHR3iCWEQxccNegUIpgEQAQ"
                }
              ],
              "reference_indexes": [
                1
              ]
            }
          ]
        },
        {
          "type": "paragraph",
          "snippet": "Finding Free/Low-Cost Services"
        },
        {
          "type": "list",
          "list": [
            {
              "title": "Call 811 or 211:",
              "snippet": "HealthLink BC (811) or 211 can connect you to local health services, non-profits, and sliding-scale options.",
              "reference_indexes": [
                0,
                7,
                10
              ]
            },
            {
              "title": "Check Non-Profits:",
              "list": [
                {
                  "snippet": "Canadian Mental Health Association (CMHA): Offers resources and local connections.",
                  "snippet_links": [
                    {
                      "text": "Canadian Mental Health Association (CMHA)",
                      "link": "https://www.google.com/search?sca_esv=e8bb71c9cc7ce2dd&hl=en&gl=ca&q=Canadian+Mental+Health+Association+(CMHA)&sa=X&ved=2ahUKEwip9JT9xtKSAxVaOFkFHR3iCWEQxccNegUIggEQAQ"
                    }
                  ],
                  "reference_indexes": [
                    3,
                    9
                  ]
                },
                {
                  "snippet": "Foundry BC: Provides youth mental health services and support.",
                  "snippet_links": [
                    {
                      "text": "Foundry BC",
                      "link": "https://www.google.com/search?sca_esv=e8bb71c9cc7ce2dd&hl=en&gl=ca&q=Foundry+BC&sa=X&ved=2ahUKEwip9JT9xtKSAxVaOFkFHR3iCWEQxccNegUImwEQAQ"
                    }
                  ],
                  "reference_indexes": [
                    0
                  ]
                },
                {
                  "snippet": "Family Services of Greater Vancouver: & others listed on HelpStartsHere.",
                  "snippet_links": [
                    {
                      "text": "Family Services of Greater Vancouver",
                      "link": "https://www.google.com/search?sca_esv=e8bb71c9cc7ce2dd&hl=en&gl=ca&q=Family+Services+of+Greater+Vancouver&sa=X&ved=2ahUKEwip9JT9xtKSAxVaOFkFHR3iCWEQxccNegUIogEQAQ"
                    }
                  ],
                  "reference_indexes": [
                    0
                  ]
                }
              ],
              "reference_indexes": [
                3,
                9,
                0
              ]
            },
            {
              "title": "Utilize Online Platforms:",
              "list": [
                {
                  "snippet": "Free Counselling Canada: Offers free video/phone sessions across Canada.",
                  "snippet_links": [
                    {
                      "text": "Free Counselling Canada",
                      "link": "https://www.google.com/search?sca_esv=e8bb71c9cc7ce2dd&hl=en&gl=ca&q=Free+Counselling+Canada&sa=X&ved=2ahUKEwip9JT9xtKSAxVaOFkFHR3iCWEQxccNegUIjAEQAQ"
                    }
                  ],
                  "reference_indexes": [
                    2
                  ]
                },
                {
                  "snippet": "HereToHelp.bc.ca: Lists various low-cost providers and resources.",
                  "snippet_links": [
                    {
                      "text": "HereToHelp.bc.ca",
                      "link": "https://www.heretohelp.bc.ca/"
                    }
                  ],
                  "reference_indexes": [
                    3
                  ]
                }
              ],
              "reference_indexes": [
                2,
                3
              ]
            },
            {
              "title": "Health Authority Resources:",
              "snippet": "Check your local health authority website (e.g., Fraser Health, Interior Health) for community counselling programs.",
              "reference_indexes": [
                0
              ]
            },
            {
              "title": "First Nations Health Authority (FNHA):",
              "snippet": "Provides specific support and resources for Indigenous individuals.",
              "reference_indexes": [
                5
              ]
            }
          ]
        },
        {
          "type": "paragraph",
          "snippet": "For Students",
          "reference_indexes": [
            5
          ]
        },
        {
          "type": "list",
          "list": [
            {
              "snippet": "Here2Talk: Free, 24/7 mental health support for BC post-secondary students.",
              "snippet_links": [
                {
                  "text": "Here2Talk",
                  "link": "https://www.google.com/search?sca_esv=e8bb71c9cc7ce2dd&hl=en&gl=ca&q=Here2Talk&sa=X&ved=2ahUKEwip9JT9xtKSAxVaOFkFHR3iCWEQxccNegUIgAEQAQ"
                }
              ]
            }
          ]
        },
        {
          "type": "paragraph",
          "snippet": "How to Search"
        },
        {
          "type": "list",
          "list": [
            {
              "snippet": "Use HelpStartsHere.gov.bc.ca and HelpStartsHere.gov.bc.ca to find local services.",
              "snippet_links": [
                {
                  "text": "HelpStartsHere.gov.bc.ca",
                  "link": "https://helpstartshere.gov.bc.ca/blog/free-or-low-cost-services-bc"
                },
                {
                  "text": "HelpStartsHere.gov.bc.ca",
                  "link": "https://helpstartshere.gov.bc.ca/"
                }
              ],
              "reference_indexes": [
                0
              ]
            },
            {
              "snippet": "Contact organizations like CMHA BC or Here to Help BC for referrals.",
              "snippet_links": [
                {
                  "text": "Here to Help BC",
                  "link": "https://www.heretohelp.bc.ca/q-and-a/where-can-i-find-free-or-low-cost-counselling"
                }
              ],
              "reference_indexes": [
                3,
                9
              ]
            }
          ]
        }
      ],
      "references": [
        {
          "title": "Free or Low-Cost Services in BC - HelpStartsHere",
          "link": "https://helpstartshere.gov.bc.ca/blog/free-or-low-cost-services-bc#:~:text=Free%20or%20low%2Dcost%20counselling,%2D800%2D663%2D1441.",
          "snippet": "May 22, 2025 \u2014 Free or low-cost counselling. There are several ways to seek out free or low-cost services in BC. If you want to speak...",
          "source": "HelpStartsHere",
          "index": 0
        },
        {
          "title": "Virtual mental health supports - Province of British Columbia",
          "link": "https://www2.gov.bc.ca/gov/content/health/managing-your-health/mental-health-substance-use/virtual-mental-health-supports#:~:text=Other%20resources-,Get%20help%20immediately,for%20Indigenous%20peoples%20in%20B.C.",
          "snippet": "Apr 30, 2025 \u2014 Get help immediately. 310Mental Health Support. Call 310-6789 for emotional support, information and resources specifi...",
          "source": "Gov.bc.ca",
          "index": 1
        },
        {
          "title": "Home | Online Free Video call Psychotherapy and Counselling ...",
          "link": "https://www.freecounsellingcanada.ca/#:~:text=Our%20Society%20is%20100%25%20Volunteer,Step%202/2:",
          "snippet": "Our Society is 100% Volunteer-run, NO paid staff, NO funding from the government and funded by private donations. Our Society is a...",
          "source": "freecounsellingcanada.ca",
          "index": 2
        },
        {
          "title": "Where can I find free or low-cost counselling? - Here to Help BC",
          "link": "https://www.heretohelp.bc.ca/q-and-a/where-can-i-find-free-or-low-cost-counselling#:~:text=Try%20contacting%20service%20providers%20directly,About%20the%20author",
          "snippet": "Try contacting service providers directly to ask if they offer a sliding scale. One private clinic in Vancouver has a good list of...",
          "source": "Here to Help BC",
          "index": 3
        },
        {
          "title": "Mental health supports and resources | HealthLink BC",
          "link": "https://www.healthlinkbc.ca/mental-health-and-substance-use/mental-health/mental-health-supports-and-resources#:~:text=Gender%2DBased%20Violence.-,Available%2024%20hours%20a%20day%2C%207%20days%20a%20week:,30%20am%2C%20Monday%20to%20Sunday",
          "snippet": "Apr 30, 2025 \u2014 Available 24 hours a day, 7 days a week: Call 1-800-721-0066 (toll-free) Mental Health and Information Support Line. P...",
          "source": "HealthLink BC",
          "index": 4
        },
        {
          "title": "Counselling Services",
          "link": "https://students.ubc.ca/health/counselling-services/",
          "snippet": "24/7 Support * Here2Talk. Call, chat online, or use the mobile app to get free, immediate, 24/7 mental health counselling, availa...",
          "source": "The University of British Columbia",
          "index": 5
        },
        {
          "title": "Mental health support: get help - Canada.ca",
          "link": "https://www.canada.ca/en/public-health/services/mental-health-services/mental-health-get-help.html#:~:text=Call%20or%20text%20310%2D1818%20(toll%2Dfree).%20*%20Available,7%20days%20a%20week.%20*%20Multilingual%20service.",
          "snippet": "Call or text 310-1818 (toll-free). * Available 24 hours a day, 7 days a week. * Multilingual service.",
          "source": "Canada.ca",
          "index": 6
        },
        {
          "title": "HealthLink BC 8-1-1 services",
          "link": "https://www.healthlinkbc.ca/find-care/healthlink-bc-8-1-1-services#:~:text=Breadcrumb&text=You%20can%20call%208%2D1,available%20in%20over%20130%20languages.",
          "snippet": "Jan 23, 2026 \u2014 Breadcrumb. ... You can call 8-1-1 to get free health information and advice. This service is offered by HealthLink BC...",
          "source": "HealthLink BC",
          "index": 7
        },
        {
          "title": "Find Help Now - CMHA British Columbia",
          "link": "https://bc.cmha.ca/mental-health/find-help/#:~:text=Call%20or%20text%209%2D8%2D8%20to%20connect%20with,of%20emotional%20distress%20or%20thoughts%20of%20suicide.",
          "snippet": "Call or text 9-8-8 to connect with someone on matters of emotional distress or thoughts of suicide.",
          "source": "CMHA British Columbia",
          "index": 8
        },
        {
          "title": "Getting Help for Mental Illnesses",
          "link": "https://www.heretohelp.bc.ca/infosheet/getting-help-for-mental-illnesses#:~:text=Visit%20www.cmha.bc.ca%20or%20call%201%2D800%2D555%2D8222%20(toll%2Dfree%20in,on%20mental%20health%20or%20any%20mental%20illness.",
          "snippet": "Visit www.cmha.bc.ca or call 1-800-555-8222 (toll-free in BC) or 604-688-3234 (in Greater Vancouver) for information and community...",
          "source": "Here to Help BC",
          "index": 9
        },
        {
          "title": "Mental health - HealthLink BC",
          "link": "https://www.healthlinkbc.ca/mental-health-and-substance-use/mental-health#:~:text=Call%20toll%2Dfree%20in%20B.C.,you%20with%20a%20health%20professional.",
          "snippet": "Call toll-free in B.C., 8-1-1, or 7-1-1 for the deaf and hard of hearing to get personalized assistance. Speak to a navigator who ...",
          "source": "HealthLink BC",
          "index": 10
        }
      ],
      "next_page_token": "eyJvbnMiOiIxMDA0MSIsImZjIjoiRXFFQkNtSkJUVzR6TFhsVVNuZFVjRTlVUm1ObWJ5MXpSWE5yU25SeWFWOVVVSFJmTmswNVRteHlTa3hXY0d0dGJGWXlORkZOU0V0eWIyVmZORmcwU0ZSV1JGcFVabTQzTlZwelZXUnlZVWN4YjFCSlIzRnhRWGR4YmtKQ2RGSkJSbkJGUVVKRmR4SVhjMEYxVG1GaGJtTlBPWEozTlU1dlVHNWpVMjVwUVZrYUlrRktTMHhHYlVvdGVVUkRRWFJETlZGWE56Qm1ZbFF4VHpKQ0xXTnBhekppTVVFIiwiZmN2IjoiMyIsImVpIjoic0F1TmFhbmNPOXJ3NU5vUG5jU25pQVkiLCJxYyI6IkNpQm1jbVZsSUdOdmRXNXpaV3hzYVc1bklHNXZjblJvSUhaaGJtTnZkWFpsY2hBQWZWZzVORDgiLCJxdWVzdGlvbiI6IkhvdyB0byBnZXQgZnJlZSBjb3Vuc2VsbGluZyBpbiBCQz8iLCJsayI6IkdpRm9iM2NnZEc4Z1oyVjBJR1p5WldVZ1kyOTFibk5sYkd4cGJtY2dhVzRnWW1NIiwiYnMiOiJjLVB5NUZMeXlDOVhLTWxYU0U4dFVVZ3JTazFWU000dnpTdE96Y25KekV0WHlNeFRjSEsyTjFLV1VzekFyeW9wbWN1TFN4RnFWREZRUGhHdUlyOUlJUTJFZ2Jyc0pTNVhHaWxKS1dRUVVNY1Z3S1hpV1l4aVIzSi1XV3BSYW9wQ1VxV0NiM0FBMUdFUzh4aU5WS1dVTTNFcXpTMHVnTGhPZ0JFQSIsImlkIjoiZmNfc0F1TmFhbmNPOXJ3NU5vUG5jU25pQVlfMyJ9",
      "serpapi_link": "https://serpapi.com/search.json?device=desktop&engine=google_related_questions&google_domain=google.com&next_page_token=eyJvbnMiOiIxMDA0MSIsImZjIjoiRXFFQkNtSkJUVzR6TFhsVVNuZFVjRTlVUm1ObWJ5MXpSWE5yU25SeWFWOVVVSFJmTmswNVRteHlTa3hXY0d0dGJGWXlORkZOU0V0eWIyVmZORmcwU0ZSV1JGcFVabTQzTlZwelZXUnlZVWN4YjFCSlIzRnhRWGR4YmtKQ2RGSkJSbkJGUVVKRmR4SVhjMEYxVG1GaGJtTlBPWEozTlU1dlVHNWpVMjVwUVZrYUlrRktTMHhHYlVvdGVVUkRRWFJETlZGWE56Qm1ZbFF4VHpKQ0xXTnBhekppTVVFIiwiZmN2IjoiMyIsImVpIjoic0F1TmFhbmNPOXJ3NU5vUG5jU25pQVkiLCJxYyI6IkNpQm1jbVZsSUdOdmRXNXpaV3hzYVc1bklHNXZjblJvSUhaaGJtTnZkWFpsY2hBQWZWZzVORDgiLCJxdWVzdGlvbiI6IkhvdyB0byBnZXQgZnJlZSBjb3Vuc2VsbGluZyBpbiBCQz8iLCJsayI6IkdpRm9iM2NnZEc4Z1oyVjBJR1p5WldVZ1kyOTFibk5sYkd4cGJtY2dhVzRnWW1NIiwiYnMiOiJjLVB5NUZMeXlDOVhLTWxYU0U4dFVVZ3JTazFWU000dnpTdE96Y25KekV0WHlNeFRjSEsyTjFLV1VzekFyeW9wbWN1TFN4RnFWREZRUGhHdUlyOUlJUTJFZ2Jyc0pTNVhHaWxKS1dRUVVNY1Z3S1hpV1l4aVIzSi1XV3BSYW9wQ1VxV0NiM0FBMUdFUzh4aU5WS1dVTTNFcXpTMHVnTGhPZ0JFQSIsImlkIjoiZmNfc0F1TmFhbmNPOXJ3NU5vUG5jU25pQVlfMyJ9"
    },
    {
      "question": "How to see a counsellor for free?",
      "type": "featured_snippet",
      "title": "You may be able to get free counselling:",
      "link": "https://www.nhs.uk/tests-and-treatments/counselling/",
      "list": [
        "as part of your treatment at another NHS service.",
        "through your employer, school or university.",
        "from a charity."
      ],
      "displayed_link": "https://www.nhs.uk \u203a tests-and-treatments \u203a counselling",
      "source_logo": "https://serpapi.com/searches/698d0baeb8b4a58ad21cc01e/images/r4TbduCjAssjH1QV9j6XH3mlrE8XM415_vBJsfnLmzA.png",
      "next_page_token": "eyJvbnMiOiIxMDA0MSIsImZjIjoiRXFFQkNtSkJUVzR6TFhsVVNuZFVjRTlVUm1ObWJ5MXpSWE5yU25SeWFWOVVVSFJmTmswNVRteHlTa3hXY0d0dGJGWXlORkZOU0V0eWIyVmZORmcwU0ZSV1JGcFVabTQzTlZwelZXUnlZVWN4YjFCSlIzRnhRWGR4YmtKQ2RGSkJSbkJGUVVKRmR4SVhjMEYxVG1GaGJtTlBPWEozTlU1dlVHNWpVMjVwUVZrYUlrRktTMHhHYlVvdGVVUkRRWFJETlZGWE56Qm1ZbFF4VHpKQ0xXTnBhekppTVVFIiwiZmN2IjoiMyIsImVpIjoic0F1TmFhbmNPOXJ3NU5vUG5jU25pQVkiLCJxYyI6IkNpQm1jbVZsSUdOdmRXNXpaV3hzYVc1bklHNXZjblJvSUhaaGJtTnZkWFpsY2hBQWZWZzVORDgiLCJxdWVzdGlvbiI6IkhvdyB0byBzZWUgYSBjb3Vuc2VsbG9yIGZvciBmcmVlPyIsImxrIjoiYzVOU3lNZ3ZWeWpKVnloT1RWVklWRWpPTDgwclRzM0p5UzlTU0FQaG90UlVBQSIsImJzIjoiYy1QeTVGTHl5QzlYS01sWFNFOHRVVWdyU2sxVlNNNHZ6U3RPemNuSnpFdFh5TXhUY0hLMk4xS1dVc3pBcnlvcG1jdUxTeEZxVkRGUVBoR3VJcjlJSVEyRWdicnNKUzVYR2lsSktXUVFVTWNWd0tYaVdZeGlSM0otV1dwUmFvcENVcVdDYjNBQTFHRVM4eGlOVktXVU0zRXF6UzB1Z0xoT2dCRUEiLCJpZCI6ImZjX3NBdU5hYW5jTzlydzVOb1BuY1NuaUFZXzMifQ==",
      "serpapi_link": "https://serpapi.com/search.json?device=desktop&engine=google_related_questions&google_domain=google.com&next_page_token=eyJvbnMiOiIxMDA0MSIsImZjIjoiRXFFQkNtSkJUVzR6TFhsVVNuZFVjRTlVUm1ObWJ5MXpSWE5yU25SeWFWOVVVSFJmTmswNVRteHlTa3hXY0d0dGJGWXlORkZOU0V0eWIyVmZORmcwU0ZSV1JGcFVabTQzTlZwelZXUnlZVWN4YjFCSlIzRnhRWGR4YmtKQ2RGSkJSbkJGUVVKRmR4SVhjMEYxVG1GaGJtTlBPWEozTlU1dlVHNWpVMjVwUVZrYUlrRktTMHhHYlVvdGVVUkRRWFJETlZGWE56Qm1ZbFF4VHpKQ0xXTnBhekppTVVFIiwiZmN2IjoiMyIsImVpIjoic0F1TmFhbmNPOXJ3NU5vUG5jU25pQVkiLCJxYyI6IkNpQm1jbVZsSUdOdmRXNXpaV3hzYVc1bklHNXZjblJvSUhaaGJtTnZkWFpsY2hBQWZWZzVORDgiLCJxdWVzdGlvbiI6IkhvdyB0byBzZWUgYSBjb3Vuc2VsbG9yIGZvciBmcmVlPyIsImxrIjoiYzVOU3lNZ3ZWeWpKVnloT1RWVklWRWpPTDgwclRzM0p5UzlTU0FQaG90UlVBQSIsImJzIjoiYy1QeTVGTHl5QzlYS01sWFNFOHRVVWdyU2sxVlNNNHZ6U3RPemNuSnpFdFh5TXhUY0hLMk4xS1dVc3pBcnlvcG1jdUxTeEZxVkRGUVBoR3VJcjlJSVEyRWdicnNKUzVYR2lsSktXUVFVTWNWd0tYaVdZeGlSM0otV1dwUmFvcENVcVdDYjNBQTFHRVM4eGlOVktXVU0zRXF6UzB1Z0xoT2dCRUEiLCJpZCI6ImZjX3NBdU5hYW5jTzlydzVOb1BuY1NuaUFZXzMifQ%3D%3D"
    },
    {
      "question": "Is counselling covered by MSP in BC?",
      "type": "featured_snippet",
      "snippet": "Psychotherapy and counselling are not covered by MSP but they may be covered through a hospital program, mental health team, or through your workplace or school. Social workers often work on mental health teams, in clinics and hospital programs, and in schools.",
      "title": "Getting Help for Mental Illnesses - CMHA British Columbia",
      "link": "https://bc.cmha.ca/documents/getting-help-for-mental-illnesses-2/#:~:text=Psychotherapy%20and%20counselling%20are%20not,hospital%20programs%2C%20and%20in%20schools.",
      "displayed_link": "https://bc.cmha.ca \u203a documents \u203a getting-help-for-mental...",
      "source_logo": "https://serpapi.com/searches/698d0baeb8b4a58ad21cc01e/images/r4TbduCjAssjH1QV9j6XHxGLDAiNBMFI5XsapzdhGwQ.png",
      "next_page_token": "eyJvbnMiOiIxMDA0MSIsImZjIjoiRXFFQkNtSkJUVzR6TFhsVVNuZFVjRTlVUm1ObWJ5MXpSWE5yU25SeWFWOVVVSFJmTmswNVRteHlTa3hXY0d0dGJGWXlORkZOU0V0eWIyVmZORmcwU0ZSV1JGcFVabTQzTlZwelZXUnlZVWN4YjFCSlIzRnhRWGR4YmtKQ2RGSkJSbkJGUVVKRmR4SVhjMEYxVG1GaGJtTlBPWEozTlU1dlVHNWpVMjVwUVZrYUlrRktTMHhHYlVvdGVVUkRRWFJETlZGWE56Qm1ZbFF4VHpKQ0xXTnBhekppTVVFIiwiZmN2IjoiMyIsImVpIjoic0F1TmFhbmNPOXJ3NU5vUG5jU25pQVkiLCJxYyI6IkNpQm1jbVZsSUdOdmRXNXpaV3hzYVc1bklHNXZjblJvSUhaaGJtTnZkWFpsY2hBQWZWZzVORDgiLCJxdWVzdGlvbiI6IklzIGNvdW5zZWxsaW5nIGNvdmVyZWQgYnkgTVNQIGluIEJDPyIsImxrIjoiR2lOcGN5QmpiM1Z1YzJWc2JHbHVaeUJqYjNabGNtVmtJR0o1SUcxemNDQnBiaUJpWXciLCJicyI6ImMtUHk1Rkx5eUM5WEtNbFhTRTh0VVVnclNrMVZTTTR2elN0T3pjbkp6RXRYeU14VGNISzJOMUtXVXN6QXJ5b3BtY3VMU3hGcVZERlFQaEd1SXI5SUlRMkVnYnJzSlM1WEdpbEpLV1FRVU1jVndLWGlXWXhpUjNKLVdXcFJhb3BDVXFXQ2IzQUExR0VTOHhpTlZLV1VNM0VxelMwdWdMaE9nQkVBIiwiaWQiOiJmY19zQXVOYWFuY085cnc1Tm9QbmNTbmlBWV8zIn0=",
      "serpapi_link": "https://serpapi.com/search.json?device=desktop&engine=google_related_questions&google_domain=google.com&next_page_token=eyJvbnMiOiIxMDA0MSIsImZjIjoiRXFFQkNtSkJUVzR6TFhsVVNuZFVjRTlVUm1ObWJ5MXpSWE5yU25SeWFWOVVVSFJmTmswNVRteHlTa3hXY0d0dGJGWXlORkZOU0V0eWIyVmZORmcwU0ZSV1JGcFVabTQzTlZwelZXUnlZVWN4YjFCSlIzRnhRWGR4YmtKQ2RGSkJSbkJGUVVKRmR4SVhjMEYxVG1GaGJtTlBPWEozTlU1dlVHNWpVMjVwUVZrYUlrRktTMHhHYlVvdGVVUkRRWFJETlZGWE56Qm1ZbFF4VHpKQ0xXTnBhekppTVVFIiwiZmN2IjoiMyIsImVpIjoic0F1TmFhbmNPOXJ3NU5vUG5jU25pQVkiLCJxYyI6IkNpQm1jbVZsSUdOdmRXNXpaV3hzYVc1bklHNXZjblJvSUhaaGJtTnZkWFpsY2hBQWZWZzVORDgiLCJxdWVzdGlvbiI6IklzIGNvdW5zZWxsaW5nIGNvdmVyZWQgYnkgTVNQIGluIEJDPyIsImxrIjoiR2lOcGN5QmpiM1Z1YzJWc2JHbHVaeUJqYjNabGNtVmtJR0o1SUcxemNDQnBiaUJpWXciLCJicyI6ImMtUHk1Rkx5eUM5WEtNbFhTRTh0VVVnclNrMVZTTTR2elN0T3pjbkp6RXRYeU14VGNISzJOMUtXVXN6QXJ5b3BtY3VMU3hGcVZERlFQaEd1SXI5SUlRMkVnYnJzSlM1WEdpbEpLV1FRVU1jVndLWGlXWXhpUjNKLVdXcFJhb3BDVXFXQ2IzQUExR0VTOHhpTlZLV1VNM0VxelMwdWdMaE9nQkVBIiwiaWQiOiJmY19zQXVOYWFuY085cnc1Tm9QbmNTbmlBWV8zIn0%3D"
    }
  ],
  "organic_results": [
    {
      "position": 1,
      "title": "Family Services of the North Shore: Home Page",
      "link": "https://www.familyservices.bc.ca/",
      "redirect_link": "https://www.google.com/url?sa=t&source=web&rct=j&opi=89978449&url=https://www.familyservices.bc.ca/&ved=2ahUKEwip9JT9xtKSAxVaOFkFHR3iCWEQFnoECB0QAQ",
      "displayed_link": "https://www.familyservices.bc.ca",
      "favicon": "https://serpapi.com/searches/698d0baeb8b4a58ad21cc01e/images/u6vED9jrC84M6JNN2ByRfg7qB35Wcw_uMqcgQ7ZtVpY.png",
      "snippet": "We offer counselling, support, education, and volunteer engagement opportunities to help you reach your full potential throughout your life.",
      "snippet_highlighted_words": [
        "counselling, support, education, and volunteer engagement opportunities"
      ],
      "about_this_result": {
        "source": {
          "description": "We offer counselling, support, education, and volunteer engagement opportunities to help you reach your full potential throughout your life.",
          "source_info_link": "https://www.familyservices.bc.ca/",
          "icon": "https://serpapi.com/searches/698d0baeb8b4a58ad21cc01e/images/u6vED9jrC84M6JNN2ByRfmFhYD74DLPqj-MnuIZw6vik0E3fINNGZt9aoOIt5tGO.png"
        },
        "languages": [
          "en"
        ],
        "regions": [
          "CA"
        ]
      },
      "about_page_link": "https://www.google.com/search?q=About+https://www.familyservices.bc.ca/&tbm=ilp",
      "about_page_serpapi_link": "https://serpapi.com/search.json?engine=google_about_this_result&google_domain=google.com&q=About+https%3A%2F%2Fwww.familyservices.bc.ca%2F",
      "source": "Family Services of the North Shore"
    },
    {
      "position": 2,
      "title": "Counselling Services",
      "link": "https://northwestvancouver.cmha.bc.ca/programs-and-services/counselling/",
      "redirect_link": "https://www.google.com/url?sa=t&source=web&rct=j&opi=89978449&url=https://northwestvancouver.cmha.bc.ca/programs-and-services/counselling/&ved=2ahUKEwip9JT9xtKSAxVaOFkFHR3iCWEQFnoECBsQAQ",
      "displayed_link": "https://northwestvancouver.cmha.bc.ca \u203a counselling",
      "favicon": "https://serpapi.com/searches/698d0baeb8b4a58ad21cc01e/images/u6vED9jrC84M6JNN2ByRfmluW22lo0rai_asxmQfZlo.png",
      "snippet": "Individual low-cost counselling with our team of registered clinical counsellors. Get support on your mental health journey.",
      "snippet_highlighted_words": [
        "Individual low-cost counselling"
      ],
      "about_this_result": {
        "source": {
          "description": "Individual low-cost counselling with our team of registered clinical counsellors. Get support on your mental health journey.",
          "source_info_link": "https://northwestvancouver.cmha.bc.ca/programs-and-services/counselling/",
          "icon": "https://serpapi.com/searches/698d0baeb8b4a58ad21cc01e/images/u6vED9jrC84M6JNN2ByRflEL80Uc-hPJseF8p0InlwECU_ywQIEwOQqT4QbblU28.png"
        },
        "languages": [
          "en"
        ],
        "regions": [
          "CA"
        ]
      },
      "about_page_link": "https://www.google.com/search?q=About+https://northwestvancouver.cmha.bc.ca/programs-and-services/counselling/&tbm=ilp",
      "about_page_serpapi_link": "https://serpapi.com/search.json?engine=google_about_this_result&google_domain=google.com&q=About+https%3A%2F%2Fnorthwestvancouver.cmha.bc.ca%2Fprograms-and-services%2Fcounselling%2F",
      "source": "CMHA North and West Vancouver Branch"
    },
    {
      "position": 3,
      "title": "Free or Low-Cost Services in BC - HelpStartsHere",
      "link": "https://helpstartshere.gov.bc.ca/blog/free-or-low-cost-services-bc",
      "redirect_link": "https://www.google.com/url?sa=t&source=web&rct=j&opi=89978449&url=https://helpstartshere.gov.bc.ca/blog/free-or-low-cost-services-bc&ved=2ahUKEwip9JT9xtKSAxVaOFkFHR3iCWEQFnoECCQQAQ",
      "displayed_link": "https://helpstartshere.gov.bc.ca \u203a blog \u203a free-or-low-cos...",
      "favicon": "https://serpapi.com/searches/698d0baeb8b4a58ad21cc01e/images/u6vED9jrC84M6JNN2ByRfhGETtb1fYw0oqV2qGJgW_s.png",
      "date": "May 22, 2025",
      "snippet": "There are several ways to seek out free or low-cost services in BC. If you want to speak to a person, you can call 8-1-1 or 2-1-1 (or text 2-1-1) to ask what ...",
      "snippet_highlighted_words": [
        "call 8-1-1 or 2-1-1"
      ],
      "about_this_result": {
        "source": {
          "description": "There are several ways to seek out free or low-cost services in BC. If you want to speak to a person, you can call 8-1-1 or 2-1-1 (or text 2-1-1) to ask what ...",
          "source_info_link": "https://helpstartshere.gov.bc.ca/blog/free-or-low-cost-services-bc",
          "icon": "https://serpapi.com/searches/698d0baeb8b4a58ad21cc01e/images/u6vED9jrC84M6JNN2ByRflO-vhpJBoi98_tH8McL5BN8XFoPfJjGqwGrXME8KLWJ.png"
        },
        "languages": [
          "en"
        ],
        "regions": [
          "CA"
        ]
      },
      "about_page_link": "https://www.google.com/search?q=About+https://helpstartshere.gov.bc.ca/blog/free-or-low-cost-services-bc&tbm=ilp",
      "about_page_serpapi_link": "https://serpapi.com/search.json?engine=google_about_this_result&google_domain=google.com&q=About+https%3A%2F%2Fhelpstartshere.gov.bc.ca%2Fblog%2Ffree-or-low-cost-services-bc",
      "source": "HelpStartsHere"
    },
    {
      "position": 4,
      "title": "Youth Drop-In Mental Health Counselling at Foundry North ...",
      "link": "https://www.vch.ca/en/location-service/youth-drop-mental-health-counselling-foundry-north-shore",
      "redirect_link": "https://www.google.com/url?sa=t&source=web&rct=j&opi=89978449&url=https://www.vch.ca/en/location-service/youth-drop-mental-health-counselling-foundry-north-shore&ved=2ahUKEwip9JT9xtKSAxVaOFkFHR3iCWEQFnoECDMQAQ",
      "displayed_link": "https://www.vch.ca \u203a location-service \u203a youth-drop-me...",
      "favicon": "https://serpapi.com/searches/698d0baeb8b4a58ad21cc01e/images/u6vED9jrC84M6JNN2ByRfp8OLh_K840uHOgAp-4u6CI.png",
      "snippet": "Youth Drop-In Mental Health Counselling at Foundry North Shore \u00b7 211 West 1st Street North Vancouver, BC V7M 1C9 \u00b7 foundrynorthshore@vch.ca \u00b7 Phone: (604)984-5060.",
      "snippet_highlighted_words": [
        "211 West 1st Street North Vancouver, BC V7M 1C9"
      ],
      "about_this_result": {
        "source": {
          "description": "Youth Drop-In Mental Health Counselling at Foundry North Shore \u00b7 211 West 1st Street North Vancouver, BC V7M 1C9 \u00b7 foundrynorthshore@vch.ca \u00b7 Phone: (604)984-5060.",
          "source_info_link": "https://www.vch.ca/en/location-service/youth-drop-mental-health-counselling-foundry-north-shore",
          "icon": "https://serpapi.com/searches/698d0baeb8b4a58ad21cc01e/images/u6vED9jrC84M6JNN2ByRfuhCFTGN1JUa19EHHzUZFx5gh9-faq-1SBbi5cL5KPRI.png"
        },
        "languages": [
          "en"
        ],
        "regions": [
          "CA"
        ]
      },
      "about_page_link": "https://www.google.com/search?q=About+https://www.vch.ca/en/location-service/youth-drop-mental-health-counselling-foundry-north-shore&tbm=ilp",
      "about_page_serpapi_link": "https://serpapi.com/search.json?engine=google_about_this_result&google_domain=google.com&q=About+https%3A%2F%2Fwww.vch.ca%2Fen%2Flocation-service%2Fyouth-drop-mental-health-counselling-foundry-north-shore",
      "source": "Vancouver Coastal Health"
    },
    {
      "position": 5,
      "title": "North Vancouver Counselling - Boomerang Centre",
      "link": "https://boomerangcc.ca/",
      "redirect_link": "https://www.google.com/url?sa=t&source=web&rct=j&opi=89978449&url=https://boomerangcc.ca/&ved=2ahUKEwip9JT9xtKSAxVaOFkFHR3iCWEQFnoECDcQAQ",
      "displayed_link": "https://boomerangcc.ca",
      "favicon": "https://serpapi.com/searches/698d0baeb8b4a58ad21cc01e/images/u6vED9jrC84M6JNN2ByRfr4EJ_Y1u2OCMokaWvvnFNY.png",
      "snippet": "Low-cost counselling. $60/50 minute session. Immediate availability, in-person or online, evenings & weekends. Anxiety, ADHD, relationships, families, ...",
      "snippet_highlighted_words": [
        "Low-cost counselling"
      ],
      "about_this_result": {
        "source": {
          "description": "Low-cost counselling. $60/50 minute session. Immediate availability, in-person or online, evenings & weekends. Anxiety, ADHD, relationships, families, ...",
          "source_info_link": "https://boomerangcc.ca/",
          "icon": "https://serpapi.com/searches/698d0baeb8b4a58ad21cc01e/images/u6vED9jrC84M6JNN2ByRfrumnV3AGKVV1Mk_YUxP4ZQrlVJgil4Tm4X6Em_IdeOv.png"
        },
        "languages": [
          "en"
        ],
        "regions": [
          "CA"
        ]
      },
      "about_page_link": "https://www.google.com/search?q=About+https://boomerangcc.ca/&tbm=ilp",
      "about_page_serpapi_link": "https://serpapi.com/search.json?engine=google_about_this_result&google_domain=google.com&q=About+https%3A%2F%2Fboomerangcc.ca%2F",
      "source": "Boomerang Counselling Centre"
    },
    {
      "position": 6,
      "title": "Reduced-Cost Counselling Options in Vancouver",
      "link": "https://sfss.ca/wp-content/uploads/2022/02/reduced-cost-counselling-january-2022-reduced-cost-counselling.pdf",
      "redirect_link": "https://www.google.com/url?sa=t&source=web&rct=j&opi=89978449&url=https://sfss.ca/wp-content/uploads/2022/02/reduced-cost-counselling-january-2022-reduced-cost-counselling.pdf&ved=2ahUKEwip9JT9xtKSAxVaOFkFHR3iCWEQFnoECDkQAQ",
      "displayed_link": "https://sfss.ca \u203a wp-content \u203a uploads \u203a 2022/02",
      "favicon": "https://serpapi.com/searches/698d0baeb8b4a58ad21cc01e/images/u6vED9jrC84M6JNN2ByRfp--Tkpz7AE5YK2sj3NQnAE.png",
      "snippet": "Counsellors rotate. Free. Text support also available by texting WELLNESS to 741741. Family Services of the North Shore - 604-988-5281.",
      "snippet_highlighted_words": [
        "Free"
      ],
      "rich_snippet": {
        "top": {
          "detected_extensions": {
            "pages": 9
          },
          "extensions": [
            "9 pages"
          ]
        }
      },
      "about_this_result": {
        "source": {
          "description": "Counsellors rotate. Free. Text support also available by texting WELLNESS to 741741. Family Services of the North Shore - 604-988-5281.",
          "source_info_link": "https://sfss.ca/wp-content/uploads/2022/02/reduced-cost-counselling-january-2022-reduced-cost-counselling.pdf",
          "icon": "https://serpapi.com/searches/698d0baeb8b4a58ad21cc01e/images/u6vED9jrC84M6JNN2ByRfs49pxUe9Fb6y9cWXuPeuWK4gTyJn9zzsNOLZroY8pCk.png"
        },
        "languages": [
          "en"
        ],
        "regions": [
          "CA"
        ]
      },
      "about_page_link": "https://www.google.com/search?q=About+https://sfss.ca/wp-content/uploads/2022/02/reduced-cost-counselling-january-2022-reduced-cost-counselling.pdf&tbm=ilp",
      "about_page_serpapi_link": "https://serpapi.com/search.json?engine=google_about_this_result&google_domain=google.com&q=About+https%3A%2F%2Fsfss.ca%2Fwp-content%2Fuploads%2F2022%2F02%2Freduced-cost-counselling-january-2022-reduced-cost-counselling.pdf",
      "source": "Simon Fraser Student Society"
    },
    {
      "position": 7,
      "title": "Reduced-Cost Counselling Options in Vancouver January ...",
      "link": "https://willowtreecounselling.ca/wp-content/uploads/resources/reduced-cost-counselling.pdf",
      "redirect_link": "https://www.google.com/url?sa=t&source=web&rct=j&opi=89978449&url=https://willowtreecounselling.ca/wp-content/uploads/resources/reduced-cost-counselling.pdf&ved=2ahUKEwip9JT9xtKSAxVaOFkFHR3iCWEQFnoECDYQAQ",
      "displayed_link": "https://willowtreecounselling.ca \u203a resources \u203a red...",
      "favicon": "https://serpapi.com/searches/698d0baeb8b4a58ad21cc01e/images/u6vED9jrC84M6JNN2ByRflZPg2A2-0dXWWN4YBayJjs.png",
      "snippet": "604-662-3240 \u25cb parkinson.bc.ca/resources-services/counselling. Free, short-term professional counselling and psychotherapy for individuals across BC with.",
      "snippet_highlighted_words": [
        "Free, short-term professional counselling and psychotherapy"
      ],
      "rich_snippet": {
        "top": {
          "detected_extensions": {
            "pages": 13
          },
          "extensions": [
            "13 pages"
          ]
        }
      },
      "about_this_result": {
        "source": {
          "description": "604-662-3240 \u25cb parkinson.bc.ca/resources-services/counselling. Free, short-term professional counselling and psychotherapy for individuals across BC with.",
          "source_info_link": "https://willowtreecounselling.ca/wp-content/uploads/resources/reduced-cost-counselling.pdf",
          "icon": "https://serpapi.com/searches/698d0baeb8b4a58ad21cc01e/images/u6vED9jrC84M6JNN2ByRfs6IYPvouIpMXVk0bSd-SdUZ2SINsji2ZWj_-dmaOzE5.png"
        },
        "languages": [
          "en"
        ],
        "regions": [
          "CA"
        ]
      },
      "about_page_link": "https://www.google.com/search?q=About+https://willowtreecounselling.ca/wp-content/uploads/resources/reduced-cost-counselling.pdf&tbm=ilp",
      "about_page_serpapi_link": "https://serpapi.com/search.json?engine=google_about_this_result&google_domain=google.com&q=About+https%3A%2F%2Fwillowtreecounselling.ca%2Fwp-content%2Fuploads%2Fresources%2Freduced-cost-counselling.pdf",
      "source": "Willow Tree Counselling"
    },
    {
      "position": 8,
      "title": "Counselling Support - North Vancouver - Pathways",
      "link": "https://vancouver.pathwaysbc.ca/programs/2733",
      "redirect_link": "https://www.google.com/url?sa=t&source=web&rct=j&opi=89978449&url=https://vancouver.pathwaysbc.ca/programs/2733&ved=2ahUKEwip9JT9xtKSAxVaOFkFHR3iCWEQFnoECDIQAQ",
      "displayed_link": "https://vancouver.pathwaysbc.ca \u203a programs",
      "favicon": "https://serpapi.com/searches/698d0baeb8b4a58ad21cc01e/images/u6vED9jrC84M6JNN2ByRfoh_QOD9Yh6jHMFJfTqM4qA.png",
      "snippet": "Some programs are available at no cost, while others have a sliding fee scale (from $30 to $125 per session). The Intake Counsellor will help to determine ...",
      "snippet_highlighted_words": [
        "Some programs are available at no cost"
      ],
      "about_this_result": {
        "source": {
          "description": "Some programs are available at no cost, while others have a sliding fee scale (from $30 to $125 per session). The Intake Counsellor will help to determine ...",
          "source_info_link": "https://vancouver.pathwaysbc.ca/programs/2733",
          "icon": "https://serpapi.com/searches/698d0baeb8b4a58ad21cc01e/images/u6vED9jrC84M6JNN2ByRfjBDOP1_wLrOoMSqQkPQL3-Z2Y64fN_atVcXtSeq0-ji.png"
        },
        "languages": [
          "en"
        ],
        "regions": [
          "CA"
        ]
      },
      "about_page_link": "https://www.google.com/search?q=About+https://vancouver.pathwaysbc.ca/programs/2733&tbm=ilp",
      "about_page_serpapi_link": "https://serpapi.com/search.json?engine=google_about_this_result&google_domain=google.com&q=About+https%3A%2F%2Fvancouver.pathwaysbc.ca%2Fprograms%2F2733",
      "source": "Pathways BC"
    }
  ],
  "filters": [
    {
      "name": "Open now",
      "parameters": {
        "uds": "ALYpb_ncDc7jTlmw6Mmq7NjuX5c-SqVumZDoYjGcJ1MQHkvqjDNis40gU_HaBklKdqIxXVcfKE5OoZJ-engU5lelDZsbsSO_KozYw2-diqViWVz3BxVi8jZpY6g8quDvZCf296msJg0tepfJahBozNiNrwcH0Jw2X7SQjeTue62uJPKVeoKbmAgFfONGAdQOLmRuJ8zLEIsyGH3CfiIZnduKGalecyxUxQ",
        "q": "Free counselling North Vancouver open now"
      },
      "link": "https://www.google.com/search?sca_esv=e8bb71c9cc7ce2dd&hl=en&gl=ca&q=Free+counselling+North+Vancouver+open+now&uds=ALYpb_ncDc7jTlmw6Mmq7NjuX5c-SqVumZDoYjGcJ1MQHkvqjDNis40gU_HaBklKdqIxXVcfKE5OoZJ-engU5lelDZsbsSO_KozYw2-diqViWVz3BxVi8jZpY6g8quDvZCf296msJg0tepfJahBozNiNrwcH0Jw2X7SQjeTue62uJPKVeoKbmAgFfONGAdQOLmRuJ8zLEIsyGH3CfiIZnduKGalecyxUxQ&sa=X&ved=2ahUKEwip9JT9xtKSAxVaOFkFHR3iCWEQxKsJKAB6BAgQEAE&ictx=0",
      "serpapi_link": "https://serpapi.com/search.json?device=desktop&engine=google&gl=ca&google_domain=google.com&hl=en&location=Vancouver%2C+British+Columbia%2C+Canada&num=100&q=Free+counselling+North+Vancouver+open+now&uds=ALYpb_ncDc7jTlmw6Mmq7NjuX5c-SqVumZDoYjGcJ1MQHkvqjDNis40gU_HaBklKdqIxXVcfKE5OoZJ-engU5lelDZsbsSO_KozYw2-diqViWVz3BxVi8jZpY6g8quDvZCf296msJg0tepfJahBozNiNrwcH0Jw2X7SQjeTue62uJPKVeoKbmAgFfONGAdQOLmRuJ8zLEIsyGH3CfiIZnduKGalecyxUxQ"
    },
    {
      "name": "Top rated",
      "parameters": {
        "uds": "ALYpb_ncDc7jTlmw6Mmq7NjuX5c-NQ3ByUalfOxoIaUvVX2ytkHtnvLA-zrrbQ9t3Ov7De05z2NaUK6uEem4LKE5M7BFzZPgNQUVVJzNNbH7CeOmKICe-1OO_8_7GwgEG8fBu6CUWKL3m51Cpx7EhMLGueCb6QoT_eMJA2ERW6o54vJpkJNj0_Z4YK7tJo4UVYb4GrTn5r5ecR24KHUR7j2ahUQ9frlXcA",
        "q": "top rated Free counselling North Vancouver"
      },
      "link": "https://www.google.com/search?sca_esv=e8bb71c9cc7ce2dd&hl=en&gl=ca&q=top+rated+Free+counselling+North+Vancouver&uds=ALYpb_ncDc7jTlmw6Mmq7NjuX5c-NQ3ByUalfOxoIaUvVX2ytkHtnvLA-zrrbQ9t3Ov7De05z2NaUK6uEem4LKE5M7BFzZPgNQUVVJzNNbH7CeOmKICe-1OO_8_7GwgEG8fBu6CUWKL3m51Cpx7EhMLGueCb6QoT_eMJA2ERW6o54vJpkJNj0_Z4YK7tJo4UVYb4GrTn5r5ecR24KHUR7j2ahUQ9frlXcA&sa=X&ved=2ahUKEwip9JT9xtKSAxVaOFkFHR3iCWEQxKsJKAF6BAgSEAE&ictx=0",
      "serpapi_link": "https://serpapi.com/search.json?device=desktop&engine=google&gl=ca&google_domain=google.com&hl=en&location=Vancouver%2C+British+Columbia%2C+Canada&num=100&q=top+rated+Free+counselling+North+Vancouver&uds=ALYpb_ncDc7jTlmw6Mmq7NjuX5c-NQ3ByUalfOxoIaUvVX2ytkHtnvLA-zrrbQ9t3Ov7De05z2NaUK6uEem4LKE5M7BFzZPgNQUVVJzNNbH7CeOmKICe-1OO_8_7GwgEG8fBu6CUWKL3m51Cpx7EhMLGueCb6QoT_eMJA2ERW6o54vJpkJNj0_Z4YK7tJo4UVYb4GrTn5r5ecR24KHUR7j2ahUQ9frlXcA"
    }
  ],
  "related_searches": [
    {
      "block_position": 1,
      "query": "Free mental health counselling BC",
      "link": "https://www.google.com/search?sca_esv=e8bb71c9cc7ce2dd&hl=en&gl=ca&q=Free+mental+health+counselling+BC&sa=X&ved=2ahUKEwip9JT9xtKSAxVaOFkFHR3iCWEQ1QJ6BAg0EAE",
      "serpapi_link": "https://serpapi.com/search.json?device=desktop&engine=google&gl=ca&google_domain=google.com&hl=en&location=Vancouver%2C+British+Columbia%2C+Canada&num=100&q=Free+mental+health+counselling+BC"
    },
    {
      "block_position": 1,
      "query": "Free counselling Vancouver",
      "link": "https://www.google.com/search?sca_esv=e8bb71c9cc7ce2dd&hl=en&gl=ca&q=Free+counselling+Vancouver&sa=X&ved=2ahUKEwip9JT9xtKSAxVaOFkFHR3iCWEQ1QJ6BAhPEAE",
      "serpapi_link": "https://serpapi.com/search.json?device=desktop&engine=google&gl=ca&google_domain=google.com&hl=en&location=Vancouver%2C+British+Columbia%2C+Canada&num=100&q=Free+counselling+Vancouver"
    },
    {
      "block_position": 1,
      "query": "Family counselling North Vancouver",
      "link": "https://www.google.com/search?sca_esv=e8bb71c9cc7ce2dd&hl=en&gl=ca&q=Family+counselling+North+Vancouver&sa=X&ved=2ahUKEwip9JT9xtKSAxVaOFkFHR3iCWEQ1QJ6BAhJEAE",
      "serpapi_link": "https://serpapi.com/search.json?device=desktop&engine=google&gl=ca&google_domain=google.com&hl=en&location=Vancouver%2C+British+Columbia%2C+Canada&num=100&q=Family+counselling+North+Vancouver"
    },
    {
      "block_position": 1,
      "query": "Counselling West Vancouver",
      "link": "https://www.google.com/search?sca_esv=e8bb71c9cc7ce2dd&hl=en&gl=ca&q=Counselling+West+Vancouver&sa=X&ved=2ahUKEwip9JT9xtKSAxVaOFkFHR3iCWEQ1QJ6BAhGEAE",
      "serpapi_link": "https://serpapi.com/search.json?device=desktop&engine=google&gl=ca&google_domain=google.com&hl=en&location=Vancouver%2C+British+Columbia%2C+Canada&num=100&q=Counselling+West+Vancouver"
    },
    {
      "block_position": 1,
      "query": "Family services North Vancouver",
      "link": "https://www.google.com/search?sca_esv=e8bb71c9cc7ce2dd&hl=en&gl=ca&q=Family+services+North+Vancouver&sa=X&ved=2ahUKEwip9JT9xtKSAxVaOFkFHR3iCWEQ1QJ6BAhAEAE",
      "serpapi_link": "https://serpapi.com/search.json?device=desktop&engine=google&gl=ca&google_domain=google.com&hl=en&location=Vancouver%2C+British+Columbia%2C+Canada&num=100&q=Family+services+North+Vancouver"
    },
    {
      "block_position": 1,
      "query": "Free couples counselling vancouver",
      "link": "https://www.google.com/search?sca_esv=e8bb71c9cc7ce2dd&hl=en&gl=ca&q=Free+couples+counselling+vancouver&sa=X&ved=2ahUKEwip9JT9xtKSAxVaOFkFHR3iCWEQ1QJ6BAg9EAE",
      "serpapi_link": "https://serpapi.com/search.json?device=desktop&engine=google&gl=ca&google_domain=google.com&hl=en&location=Vancouver%2C+British+Columbia%2C+Canada&num=100&q=Free+couples+counselling+vancouver"
    },
    {
      "block_position": 1,
      "query": "Family Services of the North Shore",
      "link": "https://www.google.com/search?sca_esv=e8bb71c9cc7ce2dd&hl=en&gl=ca&q=Family+Services+of+the+North+Shore&sa=X&ved=2ahUKEwip9JT9xtKSAxVaOFkFHR3iCWEQ1QJ6BAg6EAE",
      "serpapi_link": "https://serpapi.com/search.json?device=desktop&engine=google&gl=ca&google_domain=google.com&hl=en&location=Vancouver%2C+British+Columbia%2C+Canada&num=100&q=Family+Services+of+the+North+Shore"
    },
    {
      "block_position": 1,
      "query": "Free counselling Society Canada",
      "link": "https://www.google.com/search?sca_esv=e8bb71c9cc7ce2dd&hl=en&gl=ca&q=Free+counselling+Society+Canada&sa=X&ved=2ahUKEwip9JT9xtKSAxVaOFkFHR3iCWEQ1QJ6BAg4EAE",
      "serpapi_link": "https://serpapi.com/search.json?device=desktop&engine=google&gl=ca&google_domain=google.com&hl=en&location=Vancouver%2C+British+Columbia%2C+Canada&num=100&q=Free+counselling+Society+Canada"
    }
  ],
  "discussions_and_forums": [
    {
      "title": "Plz help, Where can I find Free Mental health support centre in BC",
      "link": "https://www.reddit.com/r/askvan/comments/1k3gb7b/plz_help_where_can_i_find_free_mental_health/",
      "date": "9 months ago",
      "extensions": [
        "r/askvan",
        "20+ comments"
      ],
      "source": "Reddit",
      "answers": [
        {
          "snippet": "Where do you live? If you live in the city of Vancouver, Richmond, North Van etc ie Coastal ...",
          "link": "https://www.reddit.com/r/askvan/comments/1k3gb7b/plz_help_where_can_i_find_free_mental_health/mo1y79h/",
          "extensions": [
            "Top answer",
            "11 votes",
            "9 months ago"
          ]
        },
        {
          "snippet": "If you\u2019re under 25 try Foundry, they have virtual care and low barrier in person options",
          "link": "https://www.reddit.com/r/askvan/comments/1k3gb7b/plz_help_where_can_i_find_free_mental_health/mo3fciv/",
          "extensions": [
            "5 votes",
            "9 months ago"
          ]
        },
        {
          "snippet": "UBC has a free clinic where you can see counselling students (even if you are not a ...",
          "link": "https://www.reddit.com/r/askvan/comments/1k3gb7b/plz_help_where_can_i_find_free_mental_health/mo3r6ws/",
          "extensions": [
            "3 votes",
            "9 months ago"
          ]
        }
      ]
    },
    {
      "title": "mental health advice and rss in north vancouver",
      "link": "https://www.reddit.com/r/NorthVancouver/comments/1duxp03/mental_health_advice_and_rss_in_north_vancouver/",
      "date": "1 year ago",
      "extensions": [
        "r/NorthVancouver",
        "50+ comments"
      ],
      "source": "Reddit",
      "answers": [
        {
          "snippet": "310-Mental Health (310-6789 - no need to dial an area code): for individuals who would like emotional support, information and resources ...",
          "link": "https://www.reddit.com/r/NorthVancouver/comments/1duxp03/mental_health_advice_and_rss_in_north_vancouver/"
        }
      ]
    }
  ],
  "pagination": {
    "current": 1,
    "next": "https://www.google.com/search?q=Free+counselling+North+Vancouver&sca_esv=e8bb71c9cc7ce2dd&hl=en&gl=ca&ei=sAuNaancO9rw5NoPncSniAY&start=10&sa=N&sstk=Af77f_cfK0rsyQFBJh2FLSqbuKVX1-9LDBEu3X50Eh4tNfw60YSYwl2Pu_vqUPNkcM85NRFNDXLiOMzlR09Gi_LInRnMfr6SwzA95A&ved=2ahUKEwip9JT9xtKSAxVaOFkFHR3iCWEQ8NMDegQIBxAW",
    "other_pages": {
      "2": "https://www.google.com/search?q=Free+counselling+North+Vancouver&sca_esv=e8bb71c9cc7ce2dd&hl=en&gl=ca&ei=sAuNaancO9rw5NoPncSniAY&start=10&sa=N&sstk=Af77f_cfK0rsyQFBJh2FLSqbuKVX1-9LDBEu3X50Eh4tNfw60YSYwl2Pu_vqUPNkcM85NRFNDXLiOMzlR09Gi_LInRnMfr6SwzA95A&ved=2ahUKEwip9JT9xtKSAxVaOFkFHR3iCWEQ8tMDegQIBxAE",
      "3": "https://www.google.com/search?q=Free+counselling+North+Vancouver&sca_esv=e8bb71c9cc7ce2dd&hl=en&gl=ca&ei=sAuNaancO9rw5NoPncSniAY&start=20&sa=N&sstk=Af77f_cfK0rsyQFBJh2FLSqbuKVX1-9LDBEu3X50Eh4tNfw60YSYwl2Pu_vqUPNkcM85NRFNDXLiOMzlR09Gi_LInRnMfr6SwzA95A&ved=2ahUKEwip9JT9xtKSAxVaOFkFHR3iCWEQ8tMDegQIBxAG",
      "4": "https://www.google.com/search?q=Free+counselling+North+Vancouver&sca_esv=e8bb71c9cc7ce2dd&hl=en&gl=ca&ei=sAuNaancO9rw5NoPncSniAY&start=30&sa=N&sstk=Af77f_cfK0rsyQFBJh2FLSqbuKVX1-9LDBEu3X50Eh4tNfw60YSYwl2Pu_vqUPNkcM85NRFNDXLiOMzlR09Gi_LInRnMfr6SwzA95A&ved=2ahUKEwip9JT9xtKSAxVaOFkFHR3iCWEQ8tMDegQIBxAI",
      "5": "https://www.google.com/search?q=Free+counselling+North+Vancouver&sca_esv=e8bb71c9cc7ce2dd&hl=en&gl=ca&ei=sAuNaancO9rw5NoPncSniAY&start=40&sa=N&sstk=Af77f_cfK0rsyQFBJh2FLSqbuKVX1-9LDBEu3X50Eh4tNfw60YSYwl2Pu_vqUPNkcM85NRFNDXLiOMzlR09Gi_LInRnMfr6SwzA95A&ved=2ahUKEwip9JT9xtKSAxVaOFkFHR3iCWEQ8tMDegQIBxAK",
      "6": "https://www.google.com/search?q=Free+counselling+North+Vancouver&sca_esv=e8bb71c9cc7ce2dd&hl=en&gl=ca&ei=sAuNaancO9rw5NoPncSniAY&start=50&sa=N&sstk=Af77f_cfK0rsyQFBJh2FLSqbuKVX1-9LDBEu3X50Eh4tNfw60YSYwl2Pu_vqUPNkcM85NRFNDXLiOMzlR09Gi_LInRnMfr6SwzA95A&ved=2ahUKEwip9JT9xtKSAxVaOFkFHR3iCWEQ8tMDegQIBxAM",
      "7": "https://www.google.com/search?q=Free+counselling+North+Vancouver&sca_esv=e8bb71c9cc7ce2dd&hl=en&gl=ca&ei=sAuNaancO9rw5NoPncSniAY&start=60&sa=N&sstk=Af77f_cfK0rsyQFBJh2FLSqbuKVX1-9LDBEu3X50Eh4tNfw60YSYwl2Pu_vqUPNkcM85NRFNDXLiOMzlR09Gi_LInRnMfr6SwzA95A&ved=2ahUKEwip9JT9xtKSAxVaOFkFHR3iCWEQ8tMDegQIBxAO",
      "8": "https://www.google.com/search?q=Free+counselling+North+Vancouver&sca_esv=e8bb71c9cc7ce2dd&hl=en&gl=ca&ei=sAuNaancO9rw5NoPncSniAY&start=70&sa=N&sstk=Af77f_cfK0rsyQFBJh2FLSqbuKVX1-9LDBEu3X50Eh4tNfw60YSYwl2Pu_vqUPNkcM85NRFNDXLiOMzlR09Gi_LInRnMfr6SwzA95A&ved=2ahUKEwip9JT9xtKSAxVaOFkFHR3iCWEQ8tMDegQIBxAQ",
      "9": "https://www.google.com/search?q=Free+counselling+North+Vancouver&sca_esv=e8bb71c9cc7ce2dd&hl=en&gl=ca&ei=sAuNaancO9rw5NoPncSniAY&start=80&sa=N&sstk=Af77f_cfK0rsyQFBJh2FLSqbuKVX1-9LDBEu3X50Eh4tNfw60YSYwl2Pu_vqUPNkcM85NRFNDXLiOMzlR09Gi_LInRnMfr6SwzA95A&ved=2ahUKEwip9JT9xtKSAxVaOFkFHR3iCWEQ8tMDegQIBxAS",
      "10": "https://www.google.com/search?q=Free+counselling+North+Vancouver&sca_esv=e8bb71c9cc7ce2dd&hl=en&gl=ca&ei=sAuNaancO9rw5NoPncSniAY&start=90&sa=N&sstk=Af77f_cfK0rsyQFBJh2FLSqbuKVX1-9LDBEu3X50Eh4tNfw60YSYwl2Pu_vqUPNkcM85NRFNDXLiOMzlR09Gi_LInRnMfr6SwzA95A&ved=2ahUKEwip9JT9xtKSAxVaOFkFHR3iCWEQ8tMDegQIBxAU"
    }
  },
  "serpapi_pagination": {
    "current": 1,
    "next_link": "https://serpapi.com/search.json?device=desktop&engine=google&gl=ca&google_domain=google.com&hl=en&location=Vancouver%2C+British+Columbia%2C+Canada&num=100&q=Free+counselling+North+Vancouver&start=10",
    "next": "https://serpapi.com/search.json?device=desktop&engine=google&gl=ca&google_domain=google.com&hl=en&location=Vancouver%2C+British+Columbia%2C+Canada&num=100&q=Free+counselling+North+Vancouver&start=10",
    "other_pages": {
      "2": "https://serpapi.com/search.json?device=desktop&engine=google&gl=ca&google_domain=google.com&hl=en&location=Vancouver%2C+British+Columbia%2C+Canada&num=100&q=Free+counselling+North+Vancouver&start=10",
      "3": "https://serpapi.com/search.json?device=desktop&engine=google&gl=ca&google_domain=google.com&hl=en&location=Vancouver%2C+British+Columbia%2C+Canada&num=100&q=Free+counselling+North+Vancouver&start=20",
      "4": "https://serpapi.com/search.json?device=desktop&engine=google&gl=ca&google_domain=google.com&hl=en&location=Vancouver%2C+British+Columbia%2C+Canada&num=100&q=Free+counselling+North+Vancouver&start=30",
      "5": "https://serpapi.com/search.json?device=desktop&engine=google&gl=ca&google_domain=google.com&hl=en&location=Vancouver%2C+British+Columbia%2C+Canada&num=100&q=Free+counselling+North+Vancouver&start=40",
      "6": "https://serpapi.com/search.json?device=desktop&engine=google&gl=ca&google_domain=google.com&hl=en&location=Vancouver%2C+British+Columbia%2C+Canada&num=100&q=Free+counselling+North+Vancouver&start=50",
      "7": "https://serpapi.com/search.json?device=desktop&engine=google&gl=ca&google_domain=google.com&hl=en&location=Vancouver%2C+British+Columbia%2C+Canada&num=100&q=Free+counselling+North+Vancouver&start=60",
      "8": "https://serpapi.com/search.json?device=desktop&engine=google&gl=ca&google_domain=google.com&hl=en&location=Vancouver%2C+British+Columbia%2C+Canada&num=100&q=Free+counselling+North+Vancouver&start=70",
      "9": "https://serpapi.com/search.json?device=desktop&engine=google&gl=ca&google_domain=google.com&hl=en&location=Vancouver%2C+British+Columbia%2C+Canada&num=100&q=Free+counselling+North+Vancouver&start=80",
      "10": "https://serpapi.com/search.json?device=desktop&engine=google&gl=ca&google_domain=google.com&hl=en&location=Vancouver%2C+British+Columbia%2C+Canada&num=100&q=Free+counselling+North+Vancouver&start=90"
    }
  }
}
2026-02-11 15:07:31,676 [INFO]   - Fetching main SERP for 'Marriage and family therapist Vancouver'...
2026-02-11 15:07:31,676 [INFO] API Call Parameters: {
  "engine": "google",
  "q": "Marriage and family therapist Vancouver",
  "location": "Vancouver, British Columbia, Canada",
  "hl": "en",
  "gl": "ca",
  "api_key": "80246e7f119bec99fb11757ceabf48bdfd83445d568dd6aa3288fbc9c7e5d32a",
  "num": 100,
  "device": "desktop",
  "no_cache": true
}
2026-02-11 15:07:35,183 [INFO] API Return Message: {
  "search_metadata": {
    "id": "698d0bb3badf0bfc6c7b70f3",
    "status": "Success",
    "json_endpoint": "https://serpapi.com/searches/qo6REFvcZqh8r9hcauBS4w/698d0bb3badf0bfc6c7b70f3.json",
    "pixel_position_endpoint": "https://serpapi.com/searches/qo6REFvcZqh8r9hcauBS4w/698d0bb3badf0bfc6c7b70f3.json_with_pixel_position",
    "created_at": "2026-02-11 23:07:31 UTC",
    "processed_at": "2026-02-11 23:07:31 UTC",
    "google_url": "https://www.google.com/search?q=Marriage+and+family+therapist+Vancouver&oq=Marriage+and+family+therapist+Vancouver&uule=w+CAIQICIhVmFuY291dmVyLEJyaXRpc2ggQ29sdW1iaWEsQ2FuYWRh&hl=en&gl=ca&num=100&sourceid=chrome&ie=UTF-8",
    "raw_html_file": "https://serpapi.com/searches/qo6REFvcZqh8r9hcauBS4w/698d0bb3badf0bfc6c7b70f3.html",
    "total_time_taken": 3.08
  },
  "search_parameters": {
    "engine": "google",
    "q": "Marriage and family therapist Vancouver",
    "location_requested": "Vancouver, British Columbia, Canada",
    "location_used": "Vancouver,British Columbia,Canada",
    "google_domain": "google.com",
    "hl": "en",
    "gl": "ca",
    "num": "100",
    "device": "desktop"
  },
  "search_information": {
    "query_displayed": "Marriage and family therapist Vancouver",
    "total_results": 379000,
    "time_taken_displayed": 0.54,
    "organic_results_state": "Results for exact spelling"
  },
  "local_map": {
    "image": "https://www.google.com/maps/vt/data=w3eJ25ePi8GSnVgnb5P1Bb1X9Q_4lpHIwk0YKPUZOH26spE55W4bCntd8U6EdJRHKY2Vax5stkpco24VYxC6lHbn7LIWYp9wfohUBONXx0Wg7qoNyO4nc2aC25vRXplAUcx0nPCpVQy0a-RhA6_11ooLRbfXR2XPl1jsDN2Nwa8cTAiQ9rWBGyVFyfAS9HBkmmlkvz45AJZWCrkKAgdD_1ajwSC2Vx50BmvLX8fzyp3AkX2qBhH9W0vl3-bXDQzavv8Z4DrMToEipXmGXhRKQNb-OFmD_g7l32XNJafchKgYAR31nnrKS7RO8Px-xBP2uIpU1nFkZmDxQZzgYG3FUcbYAIdwF3zS5HlSnvy6PS-mfkdlIL5nPVZvENN0dsMjeaMc4Q6FiHb0QgBEj_s8jMy78BqmzB0lm1LTrcv-4OJoU3-Kqnq9doD8SuuhM0wliMi69zlife9jG1t9i2jGZ1YfFVmEvr87tgKFLyQhIs5OOkeNO9N1E_hTqqBENsXkUX88-d1sgqjPll3jn8tBvkQf5wTY7hfrQRoFOiBlfv12U0kBI1feO-Bo7EJ-dcuagMDiiaTEFcirSh0BVXOOBCLn2QSWpfPu_NooH212R--M0_GBbJEKNrNg237mIuNllR14-wWT9QTNA63lwrpPDJw4L5niMf4xBNradFkmwBJjTldbDLoBSV6nShOPq5ax41E6NxLbrHqtH_JVP4OgrT_jMKoQQueqQaCxhX3-_ddeoX9Gm0OxIVcy6s0FeqbpPdjNsVbCCOkBN5Sw7gEDDjYlgGn6mfyHqEeaY-kfByPH5RzYP0cukK3iNrk14vbSslBxokA7t-M44rSw26VwanBGpgDKcj59rVCg7r38bObEqSVy7aSzW-iRd-qn9WzNvJMg94DiydAchUBmmQOAe0UrlGu2S1Ed3ZjjVcpDf97ig_O5CAVlvua7bnTLapuNbPbP91GkLMqpcr5LMnH2R1aqfsHGaHdwUUcAxEBTBUZUfHbm4x-Wc2A2urjwtB5imEmP8jHuNtQe3-ULp44D3a4U4LNX0pl_JENZXETlVngGIxmveXRSQMShIZ8TZVIQqcYUX7Oj8_vn8nkeBJMyGlYf_H9tYNmagHmuM5IcEARfjWphsYqgImGPl14-TLUCrKHcj7PPI31xdYPvnU2omJzMxc0V_ubpGsTcBiY68QW2O418qRXkQz5BWU4_NFHu3SY2mdbuosJNL-jROL0z0IoLWcID-KlwSnTwt444cmUbfsYk4tjpmEej1p3XAxDpGrKEhxiks2kv-Pmv0IdQ0enHHrjY9yINxyDI6W2hEzKhmaLohQ9jbdDPn4Sc5jwZ-8slmsV3HAAE7cagHr9NYxIjWdI6TwRcJ84ScdFYjdQq775CFn4k0zPXiHMXGAufh5aaS21djYEqLamZFKa6Z0IjJiDTbJEfSv6eV1X98uTO8XQrZPVPfmGTCQcr5niUb8U2ZC6NIJ5Sjj5Pv1hifJFyDEYBWpnHmJXfFXmPVQOjYU10grjEvD512Xs8m32UoZgz_yXoCKu1dm3bUmuJErq5zdW91VylaMO_BfGNyjqmy9vayHkcqW2yovtDvPqhI0CFU2Pq4c9DTxBcufKE0DdOSeZkFz2mohw5MGpdYMkHHD_kIvg8AP-D2-xwUCKxQS8sQF34tPM_QhyrfLe3tn8cr5cQV2Q1Zoo0hmzyp2vC-GVepJ5alJt2jUaUSohu0tQB-BqrO37rJ-jaOguWapZy3_VYokGmNK2sBrQSvjexDJfWbgHTHrUBv9EOZYdPsaXiGkETPoxyjgdolxTXzjqgovSmcliSdOREVvQkJ3jh6_6U1vf8P7mwBIafqnR2A7_8Ib6LME-J8guofoF2phw-PcJIRAkeOoE0oXeBIgF7dMJaTT948CqeHPnHc-a0FO64y-UHETRo0xeiuc4i7Bg1DdExiVyeReZuW2FIhHboFML9-jBoaNfEKGY3uA-3MtZToT4oFwI4746KDvmV7oNkfxwCBwpmahm3I7H_CYkbHqDH1_UBDn7NP332o5P3AAh7bYIN5KhvZnfm0aAs6i_d11hXn0oHCrMSsqLkX7jpKE3bksw77RLlVtDKE1fotlgxwSiWizool3q_qj2M8kE3mTsiUB8pLNSKVH5f8tgt8SKAkzvmd-r4un-fmkTRWUSYrxiZT_-wQ1-QXTLghtuZO94TJ5JqBYgTP1dH4p59gbEk0qM1w_da8Piq-9z59DKn-MLmWjud8YXWgbgtT8nTDuUl6h6xiM3L1NoL8vwqw3OSDEyYs1NqS64KxdaoMMKWXgvB3VtJo659HDoymG2ymoSWpZ1efE-fVb3_7_lBM8eA48qLXvNx5GoA1CQJ906S1WoLlEB0A_bmu3SJXoT4uFpRBct3Ih-xxz8QeDGKYxWIZw3jZa5KNJ-fNSk-sUrjpBnpZEcJmEB8FGMFuddNvR3bY0LLpVAu-ghLh3d2J-3-MJQs2K04kgmC4bfbVkYbi6nhf4ed6_QtdnEEQRY_pFd7RTWiL7Jr5OKaerDE7VPj7riWZ5jC7CehCbFton_0KhvGOCHtNtMkgByphMK1kmJNmwC_F95VSYsqAlfx_mOcomW86aVGccSiO0NYXxkmFtwxtI0Y1w1Fof8K76Z-u9MLtyb_ypVXe84w7fmTfwegB5C--jRY1QglMLD53IGu0Og7",
    "gps_coordinates": {
      "latitude": 49.27491688,
      "longitude": -123.1202602
    }
  },
  "local_results": {
    "places": [
      {
        "position": 1,
        "rating": 4.8,
        "reviews": 99,
        "reviews_original": "(99)",
        "description": "\"Kolby is an amazing couple's counselor.\"",
        "lsig": "AB86z5VD828MnUfZumy6g8_fqL9e",
        "links": {
          "website": "http://www.blueskywellnessclinic.ca/?utm_source=google&utm_medium=organic&utm_campaign=gmb",
          "directions": "https://www.google.com/maps/dir//Blue+Sky+Counselling+%2B+Wellness+Clinic,+999+W+Broadway+Suite+590,+Vancouver,+BC+V5Z+1K5/data=!4m6!4m5!1m1!4e2!1m2!1m1!1s0x5486737603b86a7d:0x205b853ef28beece?sa=X&ved=2ahUKEwiV277_xtKSAxX2bvUHHS5VFJoQ48ADegQIJxAA&hl=en&gl=ca",
          "schedule": "https://blueskywellnessclinic.janeapp.com/locations/blue-sky-counselling-wellness-clinic/book?hl=en-CA&gei=tQuNadWsNPbd1e8PrqrR0Ak&rwg_token=AFd1xnHunUUZoEVVPJgBBGbHsLxjjWBJynSjwoUWPway7q6FP2hq1vMHVwI7m22_5QyAi9fJqRGKd8bxdoTB_zngW4s5I-cWdg%3D%3D&source=cat"
        },
        "place_id": "2331603737498087118",
        "place_id_search": "https://serpapi.com/search.json?device=desktop&engine=google&gl=ca&google_domain=google.com&hl=en&location=Vancouver%2C+British+Columbia%2C+Canada&ludocid=2331603737498087118&num=100&q=Marriage+and+family+therapist+Vancouver",
        "gps_coordinates": {
          "latitude": 49.263515,
          "longitude": -123.12633
        },
        "title": "Blue Sky Counselling + Wellness Clinic",
        "type": "Marriage or relationship counselor",
        "phone": "(604) 428-6046",
        "address": "999 W Broadway Suite 590",
        "hours": "Open \u00b7 Closes 9 p.m."
      },
      {
        "position": 2,
        "rating": 4.9,
        "reviews": 57,
        "reviews_original": "(57)",
        "description": "\"I have been so fortunate to receive counselling services from Estairia Hong.\"",
        "lsig": "AB86z5UWIoFluuy0K5QZrq26o2Jz",
        "links": {
          "website": "https://thrivedowntown.com/?utm_source=GBP&utm_medium=organic&utm_campaign=Google+Business+Profile&utm_id=Google+Business+Profile",
          "directions": "https://www.google.com/maps/dir//Thrive+Downtown+Counselling+Centre,+470+Granville+St+%23518,+Vancouver,+BC+V6C+1V5/data=!4m6!4m5!1m1!4e2!1m2!1m1!1s0x548671789b9f2cef:0x194088d452f40aa?sa=X&ved=2ahUKEwiV277_xtKSAxX2bvUHHS5VFJoQ48ADegQIJhAA&hl=en&gl=ca"
        },
        "place_id": "113725293435240618",
        "place_id_search": "https://serpapi.com/search.json?device=desktop&engine=google&gl=ca&google_domain=google.com&hl=en&location=Vancouver%2C+British+Columbia%2C+Canada&ludocid=113725293435240618&num=100&q=Marriage+and+family+therapist+Vancouver",
        "gps_coordinates": {
          "latitude": 49.28472,
          "longitude": -123.11424
        },
        "title": "Thrive Downtown Counselling Centre",
        "type": "Marriage or relationship counselor",
        "phone": "(604) 227-0297",
        "address": "470 Granville St #518",
        "hours": "Open \u00b7 Closes 8 p.m."
      },
      {
        "position": 3,
        "rating": 4.9,
        "reviews": 39,
        "reviews_original": "(39)",
        "description": "\"I had never experienced a counsellor who was so thorough!\"",
        "lsig": "AB86z5VK_AuGLrWcTTq1Ir89nekB",
        "links": {
          "website": "https://counsellingservicesvancouver.com/",
          "directions": "https://www.google.com/maps/dir//Stewart+%26+Associates+Counselling+Services+Inc.,+1118+Homer+St+Suite+227,+Vancouver,+BC+V6B+6L5/data=!4m6!4m5!1m1!4e2!1m2!1m1!1s0x548673d6897df7d9:0xa098eb4609fa9d8d?sa=X&ved=2ahUKEwiV277_xtKSAxX2bvUHHS5VFJoQ48ADegQIJRAA&hl=en&gl=ca"
        },
        "place_id": "11572257928576146829",
        "place_id_search": "https://serpapi.com/search.json?device=desktop&engine=google&gl=ca&google_domain=google.com&hl=en&location=Vancouver%2C+British+Columbia%2C+Canada&ludocid=11572257928576146829&num=100&q=Marriage+and+family+therapist+Vancouver",
        "gps_coordinates": {
          "latitude": 49.275784,
          "longitude": -123.12183
        },
        "title": "Stewart & Associates Counselling Services Inc.",
        "type": "Marriage or relationship counselor",
        "phone": "(604) 687-7171",
        "address": "1118 Homer St Suite 227",
        "hours": "Open \u00b7 Closes 5 p.m."
      }
    ],
    "more_locations_link": "https://www.google.com/search?q=Marriage+and+family+therapist+Vancouver&sca_esv=e8bb71c9cc7ce2dd&hl=en&gl=ca&udm=1&lsack=tQuNadWsNPbd1e8PrqrR0Ak&sa=X&ved=2ahUKEwiV277_xtKSAxX2bvUHHS5VFJoQjGp6BAgvEAA"
  },
  "organic_results": [
    {
      "position": 1,
      "title": "Vancouver Couple & Family Institute",
      "link": "https://vcfi.ca/",
      "redirect_link": "https://www.google.com/url?sa=t&source=web&rct=j&opi=89978449&url=https://vcfi.ca/&ved=2ahUKEwiV277_xtKSAxX2bvUHHS5VFJoQFnoECB4QAQ",
      "displayed_link": "https://vcfi.ca",
      "favicon": "https://serpapi.com/searches/698d0bb3badf0bfc6c7b70f3/images/sziWRqA56TnOkgoNkkPjwuqI9Pu0fSfUsnkYxq-nO9g.png",
      "snippet": "We help individuals, couples, and families reach their personal goals and build strong bonds in their most important relationships.",
      "snippet_highlighted_words": [
        "families"
      ],
      "about_this_result": {
        "source": {
          "description": "We help individuals, couples, and families reach their personal goals and build strong bonds in their most important relationships.",
          "source_info_link": "https://vcfi.ca/",
          "icon": "https://serpapi.com/searches/698d0bb3badf0bfc6c7b70f3/images/sziWRqA56TnOkgoNkkPjwpSAboQ04yPDlimBi3pRfVhC91G2bzBb6uw9e10Lz3fd.png"
        },
        "languages": [
          "en"
        ],
        "regions": [
          "CA"
        ]
      },
      "about_page_link": "https://www.google.com/search?q=About+https://vcfi.ca/&tbm=ilp",
      "about_page_serpapi_link": "https://serpapi.com/search.json?engine=google_about_this_result&google_domain=google.com&q=About+https%3A%2F%2Fvcfi.ca%2F",
      "source": "Vancouver Couple & Family Institute"
    },
    {
      "position": 2,
      "title": "Marriage Counselling Therapists in Vancouver, BC",
      "link": "https://www.psychologytoday.com/ca/therapists/bc/vancouver?category=marriage-counselling",
      "redirect_link": "https://www.google.com/url?sa=t&source=web&rct=j&opi=89978449&url=https://www.psychologytoday.com/ca/therapists/bc/vancouver%3Fcategory%3Dmarriage-counselling&ved=2ahUKEwiV277_xtKSAxX2bvUHHS5VFJoQFnoECBwQAQ",
      "displayed_link": "https://www.psychologytoday.com \u203a ... \u203a Vancouver",
      "favicon": "https://serpapi.com/searches/698d0bb3badf0bfc6c7b70f3/images/sziWRqA56TnOkgoNkkPjwokaNKPpjXN1aXJUvCrGPac.png",
      "snippet": "Find the Right Marriage Counselling Therapist in Vancouver, BC - Alexa Gelles, MA, RCC; Karolina Taracha, MA, MPCC; Alexia Dyer, MA; Ashley Will; ...",
      "snippet_highlighted_words": [
        "Marriage Counselling Therapist",
        "Vancouver"
      ],
      "about_this_result": {
        "source": {
          "description": "Find the Right Marriage Counselling Therapist in Vancouver, BC - Alexa Gelles, MA, RCC; Karolina Taracha, MA, MPCC; Alexia Dyer, MA; Ashley Will; ...",
          "source_info_link": "https://www.psychologytoday.com/ca/therapists/bc/vancouver?category=marriage-counselling",
          "icon": "https://serpapi.com/searches/698d0bb3badf0bfc6c7b70f3/images/sziWRqA56TnOkgoNkkPjwnoCapZ3qu3WBWLgtMkgvSNobpwXrG2g4T4GGBQ9QX6X.png"
        },
        "languages": [
          "en"
        ],
        "regions": [
          "CA"
        ]
      },
      "about_page_link": "https://www.google.com/search?q=About+https://www.psychologytoday.com/ca/therapists/bc/vancouver?category=marriage-counselling&tbm=ilp",
      "about_page_serpapi_link": "https://serpapi.com/search.json?engine=google_about_this_result&google_domain=google.com&q=About+https%3A%2F%2Fwww.psychologytoday.com%2Fca%2Ftherapists%2Fbc%2Fvancouver%3Fcategory%3Dmarriage-counselling",
      "source": "Psychology Today"
    },
    {
      "position": 3,
      "title": "One Oak Counselling \u2013 Burnaby & Vancouver's Top Rated ...",
      "link": "https://burnabycounsellors.com/",
      "redirect_link": "https://www.google.com/url?sa=t&source=web&rct=j&opi=89978449&url=https://burnabycounsellors.com/&ved=2ahUKEwiV277_xtKSAxX2bvUHHS5VFJoQFnoECB0QAQ",
      "displayed_link": "https://burnabycounsellors.com",
      "favicon": "https://serpapi.com/searches/698d0bb3badf0bfc6c7b70f3/images/sziWRqA56TnOkgoNkkPjwqKB1ka2z9HHCIHIX6l2GTY.png",
      "snippet": "One Oak Counselling provides individual, relationship, and family therapy using strength-based, CBT, and Narrative Therapy approaches.",
      "snippet_highlighted_words": [
        "Counselling",
        "family therapy",
        "Therapy"
      ],
      "about_this_result": {
        "source": {
          "description": "One Oak Counselling provides individual, relationship, and family therapy using strength-based, CBT, and Narrative Therapy approaches.",
          "source_info_link": "https://burnabycounsellors.com/",
          "icon": "https://serpapi.com/searches/698d0bb3badf0bfc6c7b70f3/images/sziWRqA56TnOkgoNkkPjwqocDelEP6WnHSCOwwJr0Uo8At6VmCqtbx3kfepfustS.png"
        },
        "languages": [
          "en"
        ],
        "regions": [
          "CA"
        ]
      },
      "about_page_link": "https://www.google.com/search?q=About+https://burnabycounsellors.com/&tbm=ilp",
      "about_page_serpapi_link": "https://serpapi.com/search.json?engine=google_about_this_result&google_domain=google.com&q=About+https%3A%2F%2Fburnabycounsellors.com%2F",
      "source": "One Oak Counselling"
    },
    {
      "position": 4,
      "title": "Couples and Relationship Counselling Vancouver",
      "link": "https://www.blueskywellnessclinic.ca/marriage-and-relationship-issues/",
      "redirect_link": "https://www.google.com/url?sa=t&source=web&rct=j&opi=89978449&url=https://www.blueskywellnessclinic.ca/marriage-and-relationship-issues/&ved=2ahUKEwiV277_xtKSAxX2bvUHHS5VFJoQFnoECEwQAQ",
      "displayed_link": "https://www.blueskywellnessclinic.ca \u203a marriage-and-rel...",
      "favicon": "https://serpapi.com/searches/698d0bb3badf0bfc6c7b70f3/images/sziWRqA56TnOkgoNkkPjwqOoZQ2nn_pe30EoRpCrVtw.png",
      "snippet": "Our counsellors at Blue Sky Wellness Clinic have extensive training in various modalities and real-world experience with multiple relationship types.",
      "rich_snippet": {
        "bottom": {
          "detected_extensions": {
            "price_from": 180.0,
            "price_to": 220.0,
            "currency": "$",
            "rating": 4.8,
            "reviews": 99
          },
          "extensions": [
            "$180.00 to $220.00",
            "4.8(99)"
          ]
        }
      },
      "about_this_result": {
        "source": {
          "description": "Our counsellors at Blue Sky Wellness Clinic have extensive training in various modalities and real-world experience with multiple relationship types.",
          "source_info_link": "https://www.blueskywellnessclinic.ca/marriage-and-relationship-issues/",
          "icon": "https://serpapi.com/searches/698d0bb3badf0bfc6c7b70f3/images/sziWRqA56TnOkgoNkkPjwsEyjiUi33DCF9X4MXByFdxD6XOY3tlXARquDR1t5ffL.png"
        },
        "languages": [
          "en"
        ],
        "regions": [
          "CA"
        ]
      },
      "about_page_link": "https://www.google.com/search?q=About+https://www.blueskywellnessclinic.ca/marriage-and-relationship-issues/&tbm=ilp",
      "about_page_serpapi_link": "https://serpapi.com/search.json?engine=google_about_this_result&google_domain=google.com&q=About+https%3A%2F%2Fwww.blueskywellnessclinic.ca%2Fmarriage-and-relationship-issues%2F",
      "source": "Blue Sky Wellness Clinic"
    },
    {
      "position": 5,
      "title": "Anyone know a good couples therapist? : r/vancouver",
      "link": "https://www.reddit.com/r/vancouver/comments/16rg958/anyone_know_a_good_couples_therapist/",
      "redirect_link": "https://www.google.com/url?sa=t&source=web&rct=j&opi=89978449&url=https://www.reddit.com/r/vancouver/comments/16rg958/anyone_know_a_good_couples_therapist/&ved=2ahUKEwiV277_xtKSAxX2bvUHHS5VFJoQFnoECFIQAQ",
      "displayed_link": "10+ comments \u00b7 2 years ago",
      "favicon": "https://serpapi.com/searches/698d0bb3badf0bfc6c7b70f3/images/sziWRqA56TnOkgoNkkPjwpAbAk_zY_pz7gFb3LjPde8.png",
      "snippet": "Steadfast Counselling, specifically Dr. Ross Dixon. My therapist and her husband personally saw him and highly recommended him. NoFear ...",
      "snippet_highlighted_words": [
        "Counselling",
        "therapist"
      ],
      "sitelinks": {
        "list": [
          {
            "title": "Any recommendations for couples councelling or ...",
            "link": "https://www.reddit.com/r/vancouver/comments/18wy3qw/any_recommendations_for_couples_councelling_or/",
            "answer_count": 16,
            "date": "Jan 2, 2024"
          },
          {
            "title": "Where/How can I start looking for a therapist? : r ...",
            "link": "https://www.reddit.com/r/NiceVancouver/comments/1gllfv3/wherehow_can_i_start_looking_for_a_therapist/",
            "answer_count": 41,
            "date": "Nov 7, 2024"
          }
        ]
      },
      "about_this_result": {
        "source": {
          "description": "Steadfast Counselling, specifically Dr. Ross Dixon. My therapist and her husband personally saw him and highly recommended him. NoFear ...",
          "source_info_link": "https://www.reddit.com/r/vancouver/comments/16rg958/anyone_know_a_good_couples_therapist/",
          "icon": "https://serpapi.com/searches/698d0bb3badf0bfc6c7b70f3/images/sziWRqA56TnOkgoNkkPjwoKQALP9e5lZOnnNsggkX3oLDkSVRCM_uBhPOppKvtlo.png"
        },
        "languages": [
          "en"
        ],
        "regions": [
          "CA"
        ]
      },
      "about_page_link": "https://www.google.com/search?q=About+https://www.reddit.com/r/vancouver/comments/16rg958/anyone_know_a_good_couples_therapist/&tbm=ilp",
      "about_page_serpapi_link": "https://serpapi.com/search.json?engine=google_about_this_result&google_domain=google.com&q=About+https%3A%2F%2Fwww.reddit.com%2Fr%2Fvancouver%2Fcomments%2F16rg958%2Fanyone_know_a_good_couples_therapist%2F",
      "source": "Reddit \u00b7 r/vancouver"
    },
    {
      "position": 6,
      "title": "ABOUT",
      "link": "https://susangamache.com/about/",
      "redirect_link": "https://www.google.com/url?sa=t&source=web&rct=j&opi=89978449&url=https://susangamache.com/about/&ved=2ahUKEwiV277_xtKSAxX2bvUHHS5VFJoQFnoECEoQAQ",
      "displayed_link": "https://susangamache.com \u203a about",
      "snippet": "Dr Susan Gamache is a Psychologist and MFT in private practice. She is a therapist, parent educator, mediator, trainer, author and media consultant. How ...",
      "snippet_highlighted_words": [
        "MFT"
      ],
      "about_this_result": {
        "source": {
          "description": "Dr Susan Gamache is a Psychologist and MFT in private practice. She is a therapist, parent educator, mediator, trainer, author and media consultant. How ...",
          "source_info_link": "https://susangamache.com/about/"
        },
        "languages": [
          "en"
        ],
        "regions": [
          "CA"
        ]
      },
      "about_page_link": "https://www.google.com/search?q=About+https://susangamache.com/about/&tbm=ilp",
      "about_page_serpapi_link": "https://serpapi.com/search.json?engine=google_about_this_result&google_domain=google.com&q=About+https%3A%2F%2Fsusangamache.com%2Fabout%2F",
      "source": "Susan Gamache"
    },
    {
      "position": 7,
      "title": "Home | Dr. Stephen Madigan Couples Therapist ...",
      "link": "https://www.stephenmadigan.ca/",
      "redirect_link": "https://www.google.com/url?sa=t&source=web&rct=j&opi=89978449&url=https://www.stephenmadigan.ca/&ved=2ahUKEwiV277_xtKSAxX2bvUHHS5VFJoQFnoECEkQAQ",
      "displayed_link": "https://www.stephenmadigan.ca",
      "favicon": "https://serpapi.com/searches/698d0bb3badf0bfc6c7b70f3/images/sziWRqA56TnOkgoNkkPjwihAV2HENNI4wMXrgb4eg2k.png",
      "date": "May 20, 2024",
      "snippet": "Stephen is an award winning couple therapist who holds an MSW and, MSc and PhD in Couple and Family Therapy.",
      "snippet_highlighted_words": [
        "therapist",
        "Family Therapy"
      ],
      "about_this_result": {
        "source": {
          "description": "Stephen is an award winning couple therapist who holds an MSW and, MSc and PhD in Couple and Family Therapy.",
          "source_info_link": "https://www.stephenmadigan.ca/",
          "icon": "https://serpapi.com/searches/698d0bb3badf0bfc6c7b70f3/images/sziWRqA56TnOkgoNkkPjwvk7H7v06kzQbGIN8u669uvN563zlTW4NdadXJodTvGV.png"
        },
        "languages": [
          "en"
        ],
        "regions": [
          "CA"
        ]
      },
      "about_page_link": "https://www.google.com/search?q=About+https://www.stephenmadigan.ca/&tbm=ilp",
      "about_page_serpapi_link": "https://serpapi.com/search.json?engine=google_about_this_result&google_domain=google.com&q=About+https%3A%2F%2Fwww.stephenmadigan.ca%2F",
      "source": "stephenmadigan.ca"
    },
    {
      "position": 8,
      "title": "Find Family Therapy Counselling Psychologists, Therapists ...",
      "link": "https://counsellingbc.com/counsellors/vancouver?category=332&approach=family%20therapy",
      "redirect_link": "https://www.google.com/url?sa=t&source=web&rct=j&opi=89978449&url=https://counsellingbc.com/counsellors/vancouver%3Fcategory%3D332%26approach%3Dfamily%2520therapy&ved=2ahUKEwiV277_xtKSAxX2bvUHHS5VFJoQFnoECEsQAQ",
      "displayed_link": "https://counsellingbc.com \u203a counsellors \u203a vancouver \u203a a...",
      "favicon": "https://serpapi.com/searches/698d0bb3badf0bfc6c7b70f3/images/sziWRqA56TnOkgoNkkPjwsokN0ss5P55MdNFo36LRLQ.png",
      "snippet": "Discover the top counsellors in Vancouver. Explore our directory for expert Family Therapy counselling, psychological services, art therapy, ...",
      "snippet_highlighted_words": [
        "Vancouver",
        "Family Therapy counselling",
        "therapy"
      ],
      "about_this_result": {
        "source": {
          "description": "Discover the top counsellors in Vancouver. Explore our directory for expert Family Therapy counselling, psychological services, art therapy, ...",
          "source_info_link": "https://counsellingbc.com/counsellors/vancouver?category=332&approach=family%20therapy",
          "icon": "https://serpapi.com/searches/698d0bb3badf0bfc6c7b70f3/images/sziWRqA56TnOkgoNkkPjwsExYwxO6PC2Plr03Ajvu_gcGnKUgmEKieLmUm4jeElw.png"
        },
        "languages": [
          "en"
        ],
        "regions": [
          "CA"
        ]
      },
      "about_page_link": "https://www.google.com/search?q=About+https://counsellingbc.com/counsellors/vancouver?category=332&approach=family%20therapy&tbm=ilp",
      "about_page_serpapi_link": "https://serpapi.com/search.json?engine=google_about_this_result&google_domain=google.com&q=About+https%3A%2F%2Fcounsellingbc.com%2Fcounsellors%2Fvancouver%3Fcategory%3D332%26approach%3Dfamily%2520therapy",
      "source": "Counselling BC"
    },
    {
      "position": 9,
      "title": "Couples & Marriage Therapy in Vancouver & Throughout BC",
      "link": "https://www.jerichocounselling.com/couples-marriage-counselling/",
      "redirect_link": "https://www.google.com/url?sa=t&source=web&rct=j&opi=89978449&url=https://www.jerichocounselling.com/couples-marriage-counselling/&ved=2ahUKEwiV277_xtKSAxX2bvUHHS5VFJoQFnoECE0QAQ",
      "displayed_link": "https://www.jerichocounselling.com \u203a couples-marriage...",
      "favicon": "https://serpapi.com/searches/698d0bb3badf0bfc6c7b70f3/images/sziWRqA56TnOkgoNkkPjwlvgCtYxlIPQUs33VG_jWaI.png",
      "snippet": "Our Counsellors have extensive training and experience providing marriage and relationship therapy. We use very active, 'here and now' approaches.",
      "snippet_highlighted_words": [
        "marriage",
        "therapy"
      ],
      "about_this_result": {
        "source": {
          "description": "Our Counsellors have extensive training and experience providing marriage and relationship therapy. We use very active, 'here and now' approaches.",
          "source_info_link": "https://www.jerichocounselling.com/couples-marriage-counselling/",
          "icon": "https://serpapi.com/searches/698d0bb3badf0bfc6c7b70f3/images/sziWRqA56TnOkgoNkkPjwjPqcvt1beIjZJSpQ-dlAgILEZ-ghD2TE9oTwq8knIPu.png"
        },
        "languages": [
          "en"
        ],
        "regions": [
          "CA"
        ]
      },
      "about_page_link": "https://www.google.com/search?q=About+https://www.jerichocounselling.com/couples-marriage-counselling/&tbm=ilp",
      "about_page_serpapi_link": "https://serpapi.com/search.json?engine=google_about_this_result&google_domain=google.com&q=About+https%3A%2F%2Fwww.jerichocounselling.com%2Fcouples-marriage-counselling%2F",
      "source": "Jericho Counselling"
    }
  ],
  "filters": [
    {
      "name": "Online appointments",
      "parameters": {
        "uds": "ALYpb_ncDc7jTlmw6Mmq7NjuX5c-wtnP9KNrZwkpJrg7zPaYLUc55J1_38GrlgAXrDhV_6FgnPQonJmnO4mbd4O38YbLAkB0anQmGIrXzsaoeE32ayiPYIURs5obX1qRDNFJPGOUKjXFBnUhQB9qWWujnVhMi7wfZtwDeJjp4xxP99uZni5c-xfwKHZ90k7l71Jzf_A1UnIDo-GnZurJmXnuf6xnALQK4iq4K2_a0FJqHf1JVjeePfTHz9aoQcCuHtFx3EZjmIgjFMAhPYXU4FdOaRrANyKHk-30Y3Saacb3ZBGe7aEatfU",
        "q": "online appointments Marriage and family therapist Vancouver"
      },
      "link": "https://www.google.com/search?sca_esv=e8bb71c9cc7ce2dd&hl=en&gl=ca&q=online+appointments+Marriage+and+family+therapist+Vancouver&uds=ALYpb_ncDc7jTlmw6Mmq7NjuX5c-wtnP9KNrZwkpJrg7zPaYLUc55J1_38GrlgAXrDhV_6FgnPQonJmnO4mbd4O38YbLAkB0anQmGIrXzsaoeE32ayiPYIURs5obX1qRDNFJPGOUKjXFBnUhQB9qWWujnVhMi7wfZtwDeJjp4xxP99uZni5c-xfwKHZ90k7l71Jzf_A1UnIDo-GnZurJmXnuf6xnALQK4iq4K2_a0FJqHf1JVjeePfTHz9aoQcCuHtFx3EZjmIgjFMAhPYXU4FdOaRrANyKHk-30Y3Saacb3ZBGe7aEatfU&sa=X&ved=2ahUKEwiV277_xtKSAxX2bvUHHS5VFJoQxKsJKAB6BAgXEAE&ictx=0",
      "serpapi_link": "https://serpapi.com/search.json?device=desktop&engine=google&gl=ca&google_domain=google.com&hl=en&location=Vancouver%2C+British+Columbia%2C+Canada&num=100&q=online+appointments+Marriage+and+family+therapist+Vancouver&uds=ALYpb_ncDc7jTlmw6Mmq7NjuX5c-wtnP9KNrZwkpJrg7zPaYLUc55J1_38GrlgAXrDhV_6FgnPQonJmnO4mbd4O38YbLAkB0anQmGIrXzsaoeE32ayiPYIURs5obX1qRDNFJPGOUKjXFBnUhQB9qWWujnVhMi7wfZtwDeJjp4xxP99uZni5c-xfwKHZ90k7l71Jzf_A1UnIDo-GnZurJmXnuf6xnALQK4iq4K2_a0FJqHf1JVjeePfTHz9aoQcCuHtFx3EZjmIgjFMAhPYXU4FdOaRrANyKHk-30Y3Saacb3ZBGe7aEatfU"
    },
    {
      "name": "Open now",
      "parameters": {
        "uds": "ALYpb_ncDc7jTlmw6Mmq7NjuX5c-9Cfw4T646Io9PWWXsdpg0heyWmpwAwPpwK4wqv08vKk7zn5SJBbxtzNhz4HaWQR3IIK3TZfGX61z4z6WUb51H1gN9TlpUADhqrVw9-FR1nm8QE1jZqGIPHtG-gzYtb7nTEN61F7Cp89xMwBG1epBmEF80F1LliqSc55sThIRWunw7jnoolv5VptG6C-PbVzzs1fO_s9dsvYCmPSNCMz1ivdrVoY",
        "q": "Marriage and family therapist Vancouver open now"
      },
      "link": "https://www.google.com/search?sca_esv=e8bb71c9cc7ce2dd&hl=en&gl=ca&q=Marriage+and+family+therapist+Vancouver+open+now&uds=ALYpb_ncDc7jTlmw6Mmq7NjuX5c-9Cfw4T646Io9PWWXsdpg0heyWmpwAwPpwK4wqv08vKk7zn5SJBbxtzNhz4HaWQR3IIK3TZfGX61z4z6WUb51H1gN9TlpUADhqrVw9-FR1nm8QE1jZqGIPHtG-gzYtb7nTEN61F7Cp89xMwBG1epBmEF80F1LliqSc55sThIRWunw7jnoolv5VptG6C-PbVzzs1fO_s9dsvYCmPSNCMz1ivdrVoY&sa=X&ved=2ahUKEwiV277_xtKSAxX2bvUHHS5VFJoQxKsJKAF6BAgaEAE&ictx=0",
      "serpapi_link": "https://serpapi.com/search.json?device=desktop&engine=google&gl=ca&google_domain=google.com&hl=en&location=Vancouver%2C+British+Columbia%2C+Canada&num=100&q=Marriage+and+family+therapist+Vancouver+open+now&uds=ALYpb_ncDc7jTlmw6Mmq7NjuX5c-9Cfw4T646Io9PWWXsdpg0heyWmpwAwPpwK4wqv08vKk7zn5SJBbxtzNhz4HaWQR3IIK3TZfGX61z4z6WUb51H1gN9TlpUADhqrVw9-FR1nm8QE1jZqGIPHtG-gzYtb7nTEN61F7Cp89xMwBG1epBmEF80F1LliqSc55sThIRWunw7jnoolv5VptG6C-PbVzzs1fO_s9dsvYCmPSNCMz1ivdrVoY"
    },
    {
      "name": "Top rated",
      "parameters": {
        "uds": "ALYpb_ncDc7jTlmw6Mmq7NjuX5c-o1vkPvvdFPlnCIVKReJ5ze51SGr14ra9iwLARAad75GyVaVOt3_qQtNSelENvyzpe4QImPAovQYlgKrT6ct8COOvwyc5_tBH5U1WZNlBroM9-hp8t6Bd1FXxOOp5ookhUcUfs4JcfW0MII5V5uQNrahRvGFk_Y2ossTi8FdB54LjLUE-g5T_UvCqFOIKGI7aLElpVLPd-iOkVnc_Eq2rv4LSsHw",
        "q": "top rated Marriage and family therapist Vancouver"
      },
      "link": "https://www.google.com/search?sca_esv=e8bb71c9cc7ce2dd&hl=en&gl=ca&q=top+rated+Marriage+and+family+therapist+Vancouver&uds=ALYpb_ncDc7jTlmw6Mmq7NjuX5c-o1vkPvvdFPlnCIVKReJ5ze51SGr14ra9iwLARAad75GyVaVOt3_qQtNSelENvyzpe4QImPAovQYlgKrT6ct8COOvwyc5_tBH5U1WZNlBroM9-hp8t6Bd1FXxOOp5ookhUcUfs4JcfW0MII5V5uQNrahRvGFk_Y2ossTi8FdB54LjLUE-g5T_UvCqFOIKGI7aLElpVLPd-iOkVnc_Eq2rv4LSsHw&sa=X&ved=2ahUKEwiV277_xtKSAxX2bvUHHS5VFJoQxKsJKAJ6BAgYEAE&ictx=0",
      "serpapi_link": "https://serpapi.com/search.json?device=desktop&engine=google&gl=ca&google_domain=google.com&hl=en&location=Vancouver%2C+British+Columbia%2C+Canada&num=100&q=top+rated+Marriage+and+family+therapist+Vancouver&uds=ALYpb_ncDc7jTlmw6Mmq7NjuX5c-o1vkPvvdFPlnCIVKReJ5ze51SGr14ra9iwLARAad75GyVaVOt3_qQtNSelENvyzpe4QImPAovQYlgKrT6ct8COOvwyc5_tBH5U1WZNlBroM9-hp8t6Bd1FXxOOp5ookhUcUfs4JcfW0MII5V5uQNrahRvGFk_Y2ossTi8FdB54LjLUE-g5T_UvCqFOIKGI7aLElpVLPd-iOkVnc_Eq2rv4LSsHw"
    }
  ],
  "related_searches": [
    {
      "block_position": 1,
      "query": "Couples counselling Vancouver",
      "link": "https://www.google.com/search?sca_esv=e8bb71c9cc7ce2dd&hl=en&gl=ca&q=Couples+counselling+Vancouver&sa=X&ved=2ahUKEwiV277_xtKSAxX2bvUHHS5VFJoQ1QJ6BAhDEAE",
      "serpapi_link": "https://serpapi.com/search.json?device=desktop&engine=google&gl=ca&google_domain=google.com&hl=en&location=Vancouver%2C+British+Columbia%2C+Canada&num=100&q=Couples+counselling+Vancouver"
    },
    {
      "block_position": 1,
      "query": "Best couples counselling Vancouver",
      "link": "https://www.google.com/search?sca_esv=e8bb71c9cc7ce2dd&hl=en&gl=ca&q=Best+couples+counselling+Vancouver&sa=X&ved=2ahUKEwiV277_xtKSAxX2bvUHHS5VFJoQ1QJ6BAhOEAE",
      "serpapi_link": "https://serpapi.com/search.json?device=desktop&engine=google&gl=ca&google_domain=google.com&hl=en&location=Vancouver%2C+British+Columbia%2C+Canada&num=100&q=Best+couples+counselling+Vancouver"
    },
    {
      "block_position": 1,
      "query": "Couples counselling Vancouver Reddit",
      "link": "https://www.google.com/search?sca_esv=e8bb71c9cc7ce2dd&hl=en&gl=ca&q=Couples+counselling+Vancouver+Reddit&sa=X&ved=2ahUKEwiV277_xtKSAxX2bvUHHS5VFJoQ1QJ6BAhIEAE",
      "serpapi_link": "https://serpapi.com/search.json?device=desktop&engine=google&gl=ca&google_domain=google.com&hl=en&location=Vancouver%2C+British+Columbia%2C+Canada&num=100&q=Couples+counselling+Vancouver+Reddit"
    },
    {
      "block_position": 1,
      "query": "Gottman Method Couples Therapy Vancouver",
      "link": "https://www.google.com/search?sca_esv=e8bb71c9cc7ce2dd&hl=en&gl=ca&q=Gottman+Method+Couples+Therapy+Vancouver&sa=X&ved=2ahUKEwiV277_xtKSAxX2bvUHHS5VFJoQ1QJ6BAhHEAE",
      "serpapi_link": "https://serpapi.com/search.json?device=desktop&engine=google&gl=ca&google_domain=google.com&hl=en&location=Vancouver%2C+British+Columbia%2C+Canada&num=100&q=Gottman+Method+Couples+Therapy+Vancouver"
    },
    {
      "block_position": 1,
      "query": "Couples counselling -- Burnaby",
      "link": "https://www.google.com/search?sca_esv=e8bb71c9cc7ce2dd&hl=en&gl=ca&q=Couples+counselling+--+Burnaby&sa=X&ved=2ahUKEwiV277_xtKSAxX2bvUHHS5VFJoQ1QJ6BAhGEAE",
      "serpapi_link": "https://serpapi.com/search.json?device=desktop&engine=google&gl=ca&google_domain=google.com&hl=en&location=Vancouver%2C+British+Columbia%2C+Canada&num=100&q=Couples+counselling+--+Burnaby"
    },
    {
      "block_position": 1,
      "query": "Vancouver couple and Family Institute",
      "link": "https://www.google.com/search?sca_esv=e8bb71c9cc7ce2dd&hl=en&gl=ca&q=Vancouver+couple+and+Family+Institute&sa=X&ved=2ahUKEwiV277_xtKSAxX2bvUHHS5VFJoQ1QJ6BAhFEAE",
      "serpapi_link": "https://serpapi.com/search.json?device=desktop&engine=google&gl=ca&google_domain=google.com&hl=en&location=Vancouver%2C+British+Columbia%2C+Canada&num=100&q=Vancouver+couple+and+Family+Institute"
    },
    {
      "block_position": 1,
      "query": "Couples counselling Coquitlam",
      "link": "https://www.google.com/search?sca_esv=e8bb71c9cc7ce2dd&hl=en&gl=ca&q=Couples+counselling+Coquitlam&sa=X&ved=2ahUKEwiV277_xtKSAxX2bvUHHS5VFJoQ1QJ6BAhEEAE",
      "serpapi_link": "https://serpapi.com/search.json?device=desktop&engine=google&gl=ca&google_domain=google.com&hl=en&location=Vancouver%2C+British+Columbia%2C+Canada&num=100&q=Couples+counselling+Coquitlam"
    },
    {
      "block_position": 1,
      "query": "Couples therapy Surrey",
      "link": "https://www.google.com/search?sca_esv=e8bb71c9cc7ce2dd&hl=en&gl=ca&q=Couples+therapy+Surrey&sa=X&ved=2ahUKEwiV277_xtKSAxX2bvUHHS5VFJoQ1QJ6BAhCEAE",
      "serpapi_link": "https://serpapi.com/search.json?device=desktop&engine=google&gl=ca&google_domain=google.com&hl=en&location=Vancouver%2C+British+Columbia%2C+Canada&num=100&q=Couples+therapy+Surrey"
    }
  ],
  "pagination": {
    "current": 1,
    "next": "https://www.google.com/search?q=Marriage+and+family+therapist+Vancouver&sca_esv=e8bb71c9cc7ce2dd&hl=en&gl=ca&ei=tQuNadWsNPbd1e8PrqrR0Ak&start=10&sa=N&sstk=Af77f_fQsntZZtpXoyY6FGrDVsmcdsaAliR0JulNpc0sR5iZE0t0sr5SoPm0D30AInZEB7Atm8XFWCLt-cohiUNBSVlRcJDkfvBRVQ&ved=2ahUKEwiV277_xtKSAxX2bvUHHS5VFJoQ8NMDegQICxAW",
    "other_pages": {
      "2": "https://www.google.com/search?q=Marriage+and+family+therapist+Vancouver&sca_esv=e8bb71c9cc7ce2dd&hl=en&gl=ca&ei=tQuNadWsNPbd1e8PrqrR0Ak&start=10&sa=N&sstk=Af77f_fQsntZZtpXoyY6FGrDVsmcdsaAliR0JulNpc0sR5iZE0t0sr5SoPm0D30AInZEB7Atm8XFWCLt-cohiUNBSVlRcJDkfvBRVQ&ved=2ahUKEwiV277_xtKSAxX2bvUHHS5VFJoQ8tMDegQICxAE",
      "3": "https://www.google.com/search?q=Marriage+and+family+therapist+Vancouver&sca_esv=e8bb71c9cc7ce2dd&hl=en&gl=ca&ei=tQuNadWsNPbd1e8PrqrR0Ak&start=20&sa=N&sstk=Af77f_fQsntZZtpXoyY6FGrDVsmcdsaAliR0JulNpc0sR5iZE0t0sr5SoPm0D30AInZEB7Atm8XFWCLt-cohiUNBSVlRcJDkfvBRVQ&ved=2ahUKEwiV277_xtKSAxX2bvUHHS5VFJoQ8tMDegQICxAG",
      "4": "https://www.google.com/search?q=Marriage+and+family+therapist+Vancouver&sca_esv=e8bb71c9cc7ce2dd&hl=en&gl=ca&ei=tQuNadWsNPbd1e8PrqrR0Ak&start=30&sa=N&sstk=Af77f_fQsntZZtpXoyY6FGrDVsmcdsaAliR0JulNpc0sR5iZE0t0sr5SoPm0D30AInZEB7Atm8XFWCLt-cohiUNBSVlRcJDkfvBRVQ&ved=2ahUKEwiV277_xtKSAxX2bvUHHS5VFJoQ8tMDegQICxAI",
      "5": "https://www.google.com/search?q=Marriage+and+family+therapist+Vancouver&sca_esv=e8bb71c9cc7ce2dd&hl=en&gl=ca&ei=tQuNadWsNPbd1e8PrqrR0Ak&start=40&sa=N&sstk=Af77f_fQsntZZtpXoyY6FGrDVsmcdsaAliR0JulNpc0sR5iZE0t0sr5SoPm0D30AInZEB7Atm8XFWCLt-cohiUNBSVlRcJDkfvBRVQ&ved=2ahUKEwiV277_xtKSAxX2bvUHHS5VFJoQ8tMDegQICxAK",
      "6": "https://www.google.com/search?q=Marriage+and+family+therapist+Vancouver&sca_esv=e8bb71c9cc7ce2dd&hl=en&gl=ca&ei=tQuNadWsNPbd1e8PrqrR0Ak&start=50&sa=N&sstk=Af77f_fQsntZZtpXoyY6FGrDVsmcdsaAliR0JulNpc0sR5iZE0t0sr5SoPm0D30AInZEB7Atm8XFWCLt-cohiUNBSVlRcJDkfvBRVQ&ved=2ahUKEwiV277_xtKSAxX2bvUHHS5VFJoQ8tMDegQICxAM",
      "7": "https://www.google.com/search?q=Marriage+and+family+therapist+Vancouver&sca_esv=e8bb71c9cc7ce2dd&hl=en&gl=ca&ei=tQuNadWsNPbd1e8PrqrR0Ak&start=60&sa=N&sstk=Af77f_fQsntZZtpXoyY6FGrDVsmcdsaAliR0JulNpc0sR5iZE0t0sr5SoPm0D30AInZEB7Atm8XFWCLt-cohiUNBSVlRcJDkfvBRVQ&ved=2ahUKEwiV277_xtKSAxX2bvUHHS5VFJoQ8tMDegQICxAO",
      "8": "https://www.google.com/search?q=Marriage+and+family+therapist+Vancouver&sca_esv=e8bb71c9cc7ce2dd&hl=en&gl=ca&ei=tQuNadWsNPbd1e8PrqrR0Ak&start=70&sa=N&sstk=Af77f_fQsntZZtpXoyY6FGrDVsmcdsaAliR0JulNpc0sR5iZE0t0sr5SoPm0D30AInZEB7Atm8XFWCLt-cohiUNBSVlRcJDkfvBRVQ&ved=2ahUKEwiV277_xtKSAxX2bvUHHS5VFJoQ8tMDegQICxAQ",
      "9": "https://www.google.com/search?q=Marriage+and+family+therapist+Vancouver&sca_esv=e8bb71c9cc7ce2dd&hl=en&gl=ca&ei=tQuNadWsNPbd1e8PrqrR0Ak&start=80&sa=N&sstk=Af77f_fQsntZZtpXoyY6FGrDVsmcdsaAliR0JulNpc0sR5iZE0t0sr5SoPm0D30AInZEB7Atm8XFWCLt-cohiUNBSVlRcJDkfvBRVQ&ved=2ahUKEwiV277_xtKSAxX2bvUHHS5VFJoQ8tMDegQICxAS",
      "10": "https://www.google.com/search?q=Marriage+and+family+therapist+Vancouver&sca_esv=e8bb71c9cc7ce2dd&hl=en&gl=ca&ei=tQuNadWsNPbd1e8PrqrR0Ak&start=90&sa=N&sstk=Af77f_fQsntZZtpXoyY6FGrDVsmcdsaAliR0JulNpc0sR5iZE0t0sr5SoPm0D30AInZEB7Atm8XFWCLt-cohiUNBSVlRcJDkfvBRVQ&ved=2ahUKEwiV277_xtKSAxX2bvUHHS5VFJoQ8tMDegQICxAU"
    }
  },
  "serpapi_pagination": {
    "current": 1,
    "next_link": "https://serpapi.com/search.json?device=desktop&engine=google&gl=ca&google_domain=google.com&hl=en&location=Vancouver%2C+British+Columbia%2C+Canada&num=100&q=Marriage+and+family+therapist+Vancouver&start=10",
    "next": "https://serpapi.com/search.json?device=desktop&engine=google&gl=ca&google_domain=google.com&hl=en&location=Vancouver%2C+British+Columbia%2C+Canada&num=100&q=Marriage+and+family+therapist+Vancouver&start=10",
    "other_pages": {
      "2": "https://serpapi.com/search.json?device=desktop&engine=google&gl=ca&google_domain=google.com&hl=en&location=Vancouver%2C+British+Columbia%2C+Canada&num=100&q=Marriage+and+family+therapist+Vancouver&start=10",
      "3": "https://serpapi.com/search.json?device=desktop&engine=google&gl=ca&google_domain=google.com&hl=en&location=Vancouver%2C+British+Columbia%2C+Canada&num=100&q=Marriage+and+family+therapist+Vancouver&start=20",
      "4": "https://serpapi.com/search.json?device=desktop&engine=google&gl=ca&google_domain=google.com&hl=en&location=Vancouver%2C+British+Columbia%2C+Canada&num=100&q=Marriage+and+family+therapist+Vancouver&start=30",
      "5": "https://serpapi.com/search.json?device=desktop&engine=google&gl=ca&google_domain=google.com&hl=en&location=Vancouver%2C+British+Columbia%2C+Canada&num=100&q=Marriage+and+family+therapist+Vancouver&start=40",
      "6": "https://serpapi.com/search.json?device=desktop&engine=google&gl=ca&google_domain=google.com&hl=en&location=Vancouver%2C+British+Columbia%2C+Canada&num=100&q=Marriage+and+family+therapist+Vancouver&start=50",
      "7": "https://serpapi.com/search.json?device=desktop&engine=google&gl=ca&google_domain=google.com&hl=en&location=Vancouver%2C+British+Columbia%2C+Canada&num=100&q=Marriage+and+family+therapist+Vancouver&start=60",
      "8": "https://serpapi.com/search.json?device=desktop&engine=google&gl=ca&google_domain=google.com&hl=en&location=Vancouver%2C+British+Columbia%2C+Canada&num=100&q=Marriage+and+family+therapist+Vancouver&start=70",
      "9": "https://serpapi.com/search.json?device=desktop&engine=google&gl=ca&google_domain=google.com&hl=en&location=Vancouver%2C+British+Columbia%2C+Canada&num=100&q=Marriage+and+family+therapist+Vancouver&start=80",
      "10": "https://serpapi.com/search.json?device=desktop&engine=google&gl=ca&google_domain=google.com&hl=en&location=Vancouver%2C+British+Columbia%2C+Canada&num=100&q=Marriage+and+family+therapist+Vancouver&start=90"
    }
  }
}
